2023-12-31 15:11:25,525 - INFO - Log directory: ./libcity/log
2023-12-31 15:11:25,525 - INFO - Begin pretrain-pipeline, task=trajectory_embedding, model_name=LinearETA, dataset_name=bj, exp_id=12683
2023-12-31 15:11:25,525 - INFO - {'task': 'trajectory_embedding', 'model': 'LinearETA', 'dataset': 'bj', 'saved_model': True, 'train': True, 'gpu': True, 'gpu_id': 0, 'pretrain_path': 'libcity/cache/135178/model_cache/135178_BERTContrastiveLM_bj.pt', 'n_layers': 6, 'd_model': 256, 'attn_heads': 8, 'max_epoch': 2, 'batch_size': 8, 'grad_accmu_steps': 1, 'learning_rate': 0.0002, 'roadnetwork': 'bj_roadmap_edge_bj_True_1_merge', 'geo_file': 'bj_roadmap_edge_bj_True_1_merge_withdegree', 'rel_file': 'bj_roadmap_edge_bj_True_1_merge_withdegree', 'merge': True, 'min_freq': 1, 'seq_len': 128, 'test_every': 50, 'temperature': 0.05, 'contra_loss_type': 'simclr', 'classify_label': 'vflag', 'type_ln': 'post', 'add_cls': True, 'add_time_in_day': True, 'add_day_in_week': True, 'add_pe': True, 'add_temporal_bias': True, 'temporal_bias_dim': 64, 'use_mins_interval': False, 'add_gat': True, 'gat_heads_per_layer': [8, 16, 1], 'gat_features_per_layer': [16, 16, 256], 'gat_dropout': 0.1, 'gat_K': 1, 'gat_avg_last': True, 'load_trans_prob': True, 'append_degree2gcn': True, 'normal_feature': False, 'pooling': 'cls', 'dataset_class': 'ETADataset', 'executor': 'ETAExecutor', 'evaluator': 'RegressionEvaluator', 'num_workers': 0, 'vocab_path': None, 'mlp_ratio': 4, 'pretrain_road_emb': None, 'future_mask': False, 'load_node2vec': False, 'dropout': 0.1, 'drop_path': 0.3, 'attn_drop': 0.1, 'seed': 0, 'learner': 'adamw', 'lr_eta_min': 0, 'lr_warmup_epoch': 4, 'lr_warmup_init': 1e-06, 'lr_decay': True, 'lr_scheduler': 'cosinelr', 'lr_decay_ratio': 0.1, 't_in_epochs': True, 'clip_grad_norm': True, 'max_grad_norm': 5, 'use_early_stop': True, 'patience': 10, 'log_batch': 500, 'log_every': 1, 'l2_reg': None, 'bidir_adj_mx': False, 'freeze': False, 'metrics': ['MAE', 'RMSE', 'MAPE', 'R2', 'EVAR'], 'save_modes': ['csv', 'json'], 'device': device(type='cuda', index=0), 'exp_id': 12683}
2023-12-31 15:11:26,044 - INFO - Loading Vocab from raw_data/vocab_bj_True_1_merge.pkl
2023-12-31 15:11:26,045 - INFO - vocab_path=raw_data/vocab_bj_True_1_merge.pkl, usr_num=3, vocab_size=4558
2023-12-31 15:11:26,056 - INFO - Loaded file bj_roadmap_edge_bj_True_1_merge_withdegree.geo, num_nodes=4554
2023-12-31 15:11:26,103 - INFO - Loaded file bj_roadmap_edge_bj_True_1_merge_withdegree.rel, shape=(4554, 4554), edges=5186.0
2023-12-31 15:11:26,106 - INFO - node_features: (4554, 33)
2023-12-31 15:11:27,078 - INFO - node_features_encoded: torch.Size([4558, 33])
2023-12-31 15:11:27,092 - INFO - edge_index: torch.Size([2, 9744])
2023-12-31 15:11:27,092 - INFO - Trajectory loc-transfer prob shape=torch.Size([9744, 1])
2023-12-31 15:11:27,093 - INFO - Loading Dataset!
2023-12-31 15:11:27,094 - INFO - Load dataset from raw_data/bj/cache_bj_train_True_True_1.pkl
2023-12-31 15:11:27,095 - INFO - Load dataset from raw_data/bj/cache_bj_eval_True_True_1.pkl
2023-12-31 15:11:27,096 - INFO - Load dataset from raw_data/bj/cache_bj_test_True_True_1.pkl
2023-12-31 15:11:27,096 - INFO - Size of dataset: 118/40/40
2023-12-31 15:11:27,096 - INFO - Creating Dataloader!
2023-12-31 15:11:27,098 - INFO - Building Downstream LinearETA model
2023-12-31 15:11:27,098 - INFO - Building BERTDownstream model
2023-12-31 15:11:27,729 - INFO - LinearETA(
  (model): BERTDownstream(
    (bert): BERT(
      (embedding): BERTEmbedding(
        (token_embedding): GAT(
          (gat_net): Sequential(
            (0): GATLayerImp3(
              (linear_proj): Linear(in_features=33, out_features=128, bias=False)
              (linear_proj_tran_prob): Linear(in_features=1, out_features=128, bias=False)
              (skip_proj): Linear(in_features=33, out_features=128, bias=False)
              (leakyReLU): LeakyReLU(negative_slope=0.2)
              (softmax): Softmax(dim=-1)
              (activation): ELU(alpha=1.0)
              (dropout): Dropout(p=0.1, inplace=False)
            )
            (1): GATLayerImp3(
              (linear_proj): Linear(in_features=128, out_features=256, bias=False)
              (linear_proj_tran_prob): Linear(in_features=1, out_features=256, bias=False)
              (skip_proj): Linear(in_features=128, out_features=256, bias=False)
              (leakyReLU): LeakyReLU(negative_slope=0.2)
              (softmax): Softmax(dim=-1)
              (activation): ELU(alpha=1.0)
              (dropout): Dropout(p=0.1, inplace=False)
            )
            (2): GATLayerImp3(
              (linear_proj): Linear(in_features=256, out_features=256, bias=False)
              (linear_proj_tran_prob): Linear(in_features=1, out_features=256, bias=False)
              (skip_proj): Linear(in_features=256, out_features=256, bias=False)
              (leakyReLU): LeakyReLU(negative_slope=0.2)
              (softmax): Softmax(dim=-1)
              (dropout): Dropout(p=0.1, inplace=False)
            )
          )
        )
        (position_embedding): PositionalEmbedding()
        (daytime_embedding): Embedding(1441, 256, padding_idx=0)
        (weekday_embedding): Embedding(8, 256, padding_idx=0)
        (dropout): Dropout(p=0.1, inplace=False)
      )
      (transformer_blocks): ModuleList(
        (0): TransformerBlock(
          (attention): MultiHeadedAttention(
            (linear_layers): ModuleList(
              (0): Linear(in_features=256, out_features=256, bias=True)
              (1): Linear(in_features=256, out_features=256, bias=True)
              (2): Linear(in_features=256, out_features=256, bias=True)
            )
            (dropout): Dropout(p=0.1, inplace=False)
            (proj): Linear(in_features=256, out_features=256, bias=True)
            (proj_drop): Dropout(p=0.1, inplace=False)
            (temporal_mat_bias_1): Linear(in_features=1, out_features=64, bias=True)
            (temporal_mat_bias_2): Linear(in_features=64, out_features=1, bias=True)
          )
          (mlp): Mlp(
            (fc1): Linear(in_features=256, out_features=1024, bias=True)
            (act): GELU()
            (fc2): Linear(in_features=1024, out_features=256, bias=True)
            (drop): Dropout(p=0.1, inplace=False)
          )
          (norm1): LayerNorm((256,), eps=1e-05, elementwise_affine=True)
          (norm2): LayerNorm((256,), eps=1e-05, elementwise_affine=True)
          (drop_path): Identity()
        )
        (1): TransformerBlock(
          (attention): MultiHeadedAttention(
            (linear_layers): ModuleList(
              (0): Linear(in_features=256, out_features=256, bias=True)
              (1): Linear(in_features=256, out_features=256, bias=True)
              (2): Linear(in_features=256, out_features=256, bias=True)
            )
            (dropout): Dropout(p=0.1, inplace=False)
            (proj): Linear(in_features=256, out_features=256, bias=True)
            (proj_drop): Dropout(p=0.1, inplace=False)
            (temporal_mat_bias_1): Linear(in_features=1, out_features=64, bias=True)
            (temporal_mat_bias_2): Linear(in_features=64, out_features=1, bias=True)
          )
          (mlp): Mlp(
            (fc1): Linear(in_features=256, out_features=1024, bias=True)
            (act): GELU()
            (fc2): Linear(in_features=1024, out_features=256, bias=True)
            (drop): Dropout(p=0.1, inplace=False)
          )
          (norm1): LayerNorm((256,), eps=1e-05, elementwise_affine=True)
          (norm2): LayerNorm((256,), eps=1e-05, elementwise_affine=True)
          (drop_path): DropPath()
        )
        (2): TransformerBlock(
          (attention): MultiHeadedAttention(
            (linear_layers): ModuleList(
              (0): Linear(in_features=256, out_features=256, bias=True)
              (1): Linear(in_features=256, out_features=256, bias=True)
              (2): Linear(in_features=256, out_features=256, bias=True)
            )
            (dropout): Dropout(p=0.1, inplace=False)
            (proj): Linear(in_features=256, out_features=256, bias=True)
            (proj_drop): Dropout(p=0.1, inplace=False)
            (temporal_mat_bias_1): Linear(in_features=1, out_features=64, bias=True)
            (temporal_mat_bias_2): Linear(in_features=64, out_features=1, bias=True)
          )
          (mlp): Mlp(
            (fc1): Linear(in_features=256, out_features=1024, bias=True)
            (act): GELU()
            (fc2): Linear(in_features=1024, out_features=256, bias=True)
            (drop): Dropout(p=0.1, inplace=False)
          )
          (norm1): LayerNorm((256,), eps=1e-05, elementwise_affine=True)
          (norm2): LayerNorm((256,), eps=1e-05, elementwise_affine=True)
          (drop_path): DropPath()
        )
        (3): TransformerBlock(
          (attention): MultiHeadedAttention(
            (linear_layers): ModuleList(
              (0): Linear(in_features=256, out_features=256, bias=True)
              (1): Linear(in_features=256, out_features=256, bias=True)
              (2): Linear(in_features=256, out_features=256, bias=True)
            )
            (dropout): Dropout(p=0.1, inplace=False)
            (proj): Linear(in_features=256, out_features=256, bias=True)
            (proj_drop): Dropout(p=0.1, inplace=False)
            (temporal_mat_bias_1): Linear(in_features=1, out_features=64, bias=True)
            (temporal_mat_bias_2): Linear(in_features=64, out_features=1, bias=True)
          )
          (mlp): Mlp(
            (fc1): Linear(in_features=256, out_features=1024, bias=True)
            (act): GELU()
            (fc2): Linear(in_features=1024, out_features=256, bias=True)
            (drop): Dropout(p=0.1, inplace=False)
          )
          (norm1): LayerNorm((256,), eps=1e-05, elementwise_affine=True)
          (norm2): LayerNorm((256,), eps=1e-05, elementwise_affine=True)
          (drop_path): DropPath()
        )
        (4): TransformerBlock(
          (attention): MultiHeadedAttention(
            (linear_layers): ModuleList(
              (0): Linear(in_features=256, out_features=256, bias=True)
              (1): Linear(in_features=256, out_features=256, bias=True)
              (2): Linear(in_features=256, out_features=256, bias=True)
            )
            (dropout): Dropout(p=0.1, inplace=False)
            (proj): Linear(in_features=256, out_features=256, bias=True)
            (proj_drop): Dropout(p=0.1, inplace=False)
            (temporal_mat_bias_1): Linear(in_features=1, out_features=64, bias=True)
            (temporal_mat_bias_2): Linear(in_features=64, out_features=1, bias=True)
          )
          (mlp): Mlp(
            (fc1): Linear(in_features=256, out_features=1024, bias=True)
            (act): GELU()
            (fc2): Linear(in_features=1024, out_features=256, bias=True)
            (drop): Dropout(p=0.1, inplace=False)
          )
          (norm1): LayerNorm((256,), eps=1e-05, elementwise_affine=True)
          (norm2): LayerNorm((256,), eps=1e-05, elementwise_affine=True)
          (drop_path): DropPath()
        )
        (5): TransformerBlock(
          (attention): MultiHeadedAttention(
            (linear_layers): ModuleList(
              (0): Linear(in_features=256, out_features=256, bias=True)
              (1): Linear(in_features=256, out_features=256, bias=True)
              (2): Linear(in_features=256, out_features=256, bias=True)
            )
            (dropout): Dropout(p=0.1, inplace=False)
            (proj): Linear(in_features=256, out_features=256, bias=True)
            (proj_drop): Dropout(p=0.1, inplace=False)
            (temporal_mat_bias_1): Linear(in_features=1, out_features=64, bias=True)
            (temporal_mat_bias_2): Linear(in_features=64, out_features=1, bias=True)
          )
          (mlp): Mlp(
            (fc1): Linear(in_features=256, out_features=1024, bias=True)
            (act): GELU()
            (fc2): Linear(in_features=1024, out_features=256, bias=True)
            (drop): Dropout(p=0.1, inplace=False)
          )
          (norm1): LayerNorm((256,), eps=1e-05, elementwise_affine=True)
          (norm2): LayerNorm((256,), eps=1e-05, elementwise_affine=True)
          (drop_path): DropPath()
        )
      )
    )
  )
  (linear): Linear(in_features=256, out_features=1, bias=True)
)
2023-12-31 15:11:27,731 - INFO - model.bert.embedding.token_embedding.gat_net.0.scoring_fn_target	torch.Size([1, 8, 16])	cuda:0	True
2023-12-31 15:11:27,731 - INFO - model.bert.embedding.token_embedding.gat_net.0.scoring_fn_source	torch.Size([1, 8, 16])	cuda:0	True
2023-12-31 15:11:27,731 - INFO - model.bert.embedding.token_embedding.gat_net.0.scoring_trans_prob	torch.Size([1, 8, 16])	cuda:0	True
2023-12-31 15:11:27,731 - INFO - model.bert.embedding.token_embedding.gat_net.0.bias	torch.Size([128])	cuda:0	True
2023-12-31 15:11:27,731 - INFO - model.bert.embedding.token_embedding.gat_net.0.linear_proj.weight	torch.Size([128, 33])	cuda:0	True
2023-12-31 15:11:27,731 - INFO - model.bert.embedding.token_embedding.gat_net.0.linear_proj_tran_prob.weight	torch.Size([128, 1])	cuda:0	True
2023-12-31 15:11:27,731 - INFO - model.bert.embedding.token_embedding.gat_net.0.skip_proj.weight	torch.Size([128, 33])	cuda:0	True
2023-12-31 15:11:27,731 - INFO - model.bert.embedding.token_embedding.gat_net.1.scoring_fn_target	torch.Size([1, 16, 16])	cuda:0	True
2023-12-31 15:11:27,731 - INFO - model.bert.embedding.token_embedding.gat_net.1.scoring_fn_source	torch.Size([1, 16, 16])	cuda:0	True
2023-12-31 15:11:27,731 - INFO - model.bert.embedding.token_embedding.gat_net.1.scoring_trans_prob	torch.Size([1, 16, 16])	cuda:0	True
2023-12-31 15:11:27,731 - INFO - model.bert.embedding.token_embedding.gat_net.1.bias	torch.Size([256])	cuda:0	True
2023-12-31 15:11:27,731 - INFO - model.bert.embedding.token_embedding.gat_net.1.linear_proj.weight	torch.Size([256, 128])	cuda:0	True
2023-12-31 15:11:27,731 - INFO - model.bert.embedding.token_embedding.gat_net.1.linear_proj_tran_prob.weight	torch.Size([256, 1])	cuda:0	True
2023-12-31 15:11:27,731 - INFO - model.bert.embedding.token_embedding.gat_net.1.skip_proj.weight	torch.Size([256, 128])	cuda:0	True
2023-12-31 15:11:27,732 - INFO - model.bert.embedding.token_embedding.gat_net.2.scoring_fn_target	torch.Size([1, 1, 256])	cuda:0	True
2023-12-31 15:11:27,732 - INFO - model.bert.embedding.token_embedding.gat_net.2.scoring_fn_source	torch.Size([1, 1, 256])	cuda:0	True
2023-12-31 15:11:27,732 - INFO - model.bert.embedding.token_embedding.gat_net.2.scoring_trans_prob	torch.Size([1, 1, 256])	cuda:0	True
2023-12-31 15:11:27,732 - INFO - model.bert.embedding.token_embedding.gat_net.2.bias	torch.Size([256])	cuda:0	True
2023-12-31 15:11:27,732 - INFO - model.bert.embedding.token_embedding.gat_net.2.linear_proj.weight	torch.Size([256, 256])	cuda:0	True
2023-12-31 15:11:27,732 - INFO - model.bert.embedding.token_embedding.gat_net.2.linear_proj_tran_prob.weight	torch.Size([256, 1])	cuda:0	True
2023-12-31 15:11:27,732 - INFO - model.bert.embedding.token_embedding.gat_net.2.skip_proj.weight	torch.Size([256, 256])	cuda:0	True
2023-12-31 15:11:27,732 - INFO - model.bert.embedding.daytime_embedding.weight	torch.Size([1441, 256])	cuda:0	True
2023-12-31 15:11:27,732 - INFO - model.bert.embedding.weekday_embedding.weight	torch.Size([8, 256])	cuda:0	True
2023-12-31 15:11:27,732 - INFO - model.bert.transformer_blocks.0.attention.linear_layers.0.weight	torch.Size([256, 256])	cuda:0	True
2023-12-31 15:11:27,732 - INFO - model.bert.transformer_blocks.0.attention.linear_layers.0.bias	torch.Size([256])	cuda:0	True
2023-12-31 15:11:27,732 - INFO - model.bert.transformer_blocks.0.attention.linear_layers.1.weight	torch.Size([256, 256])	cuda:0	True
2023-12-31 15:11:27,732 - INFO - model.bert.transformer_blocks.0.attention.linear_layers.1.bias	torch.Size([256])	cuda:0	True
2023-12-31 15:11:27,732 - INFO - model.bert.transformer_blocks.0.attention.linear_layers.2.weight	torch.Size([256, 256])	cuda:0	True
2023-12-31 15:11:27,732 - INFO - model.bert.transformer_blocks.0.attention.linear_layers.2.bias	torch.Size([256])	cuda:0	True
2023-12-31 15:11:27,732 - INFO - model.bert.transformer_blocks.0.attention.proj.weight	torch.Size([256, 256])	cuda:0	True
2023-12-31 15:11:27,733 - INFO - model.bert.transformer_blocks.0.attention.proj.bias	torch.Size([256])	cuda:0	True
2023-12-31 15:11:27,733 - INFO - model.bert.transformer_blocks.0.attention.temporal_mat_bias_1.weight	torch.Size([64, 1])	cuda:0	True
2023-12-31 15:11:27,733 - INFO - model.bert.transformer_blocks.0.attention.temporal_mat_bias_1.bias	torch.Size([64])	cuda:0	True
2023-12-31 15:11:27,733 - INFO - model.bert.transformer_blocks.0.attention.temporal_mat_bias_2.weight	torch.Size([1, 64])	cuda:0	True
2023-12-31 15:11:27,733 - INFO - model.bert.transformer_blocks.0.attention.temporal_mat_bias_2.bias	torch.Size([1])	cuda:0	True
2023-12-31 15:11:27,733 - INFO - model.bert.transformer_blocks.0.mlp.fc1.weight	torch.Size([1024, 256])	cuda:0	True
2023-12-31 15:11:27,733 - INFO - model.bert.transformer_blocks.0.mlp.fc1.bias	torch.Size([1024])	cuda:0	True
2023-12-31 15:11:27,733 - INFO - model.bert.transformer_blocks.0.mlp.fc2.weight	torch.Size([256, 1024])	cuda:0	True
2023-12-31 15:11:27,733 - INFO - model.bert.transformer_blocks.0.mlp.fc2.bias	torch.Size([256])	cuda:0	True
2023-12-31 15:11:27,733 - INFO - model.bert.transformer_blocks.0.norm1.weight	torch.Size([256])	cuda:0	True
2023-12-31 15:11:27,733 - INFO - model.bert.transformer_blocks.0.norm1.bias	torch.Size([256])	cuda:0	True
2023-12-31 15:11:27,733 - INFO - model.bert.transformer_blocks.0.norm2.weight	torch.Size([256])	cuda:0	True
2023-12-31 15:11:27,733 - INFO - model.bert.transformer_blocks.0.norm2.bias	torch.Size([256])	cuda:0	True
2023-12-31 15:11:27,733 - INFO - model.bert.transformer_blocks.1.attention.linear_layers.0.weight	torch.Size([256, 256])	cuda:0	True
2023-12-31 15:11:27,733 - INFO - model.bert.transformer_blocks.1.attention.linear_layers.0.bias	torch.Size([256])	cuda:0	True
2023-12-31 15:11:27,733 - INFO - model.bert.transformer_blocks.1.attention.linear_layers.1.weight	torch.Size([256, 256])	cuda:0	True
2023-12-31 15:11:27,734 - INFO - model.bert.transformer_blocks.1.attention.linear_layers.1.bias	torch.Size([256])	cuda:0	True
2023-12-31 15:11:27,734 - INFO - model.bert.transformer_blocks.1.attention.linear_layers.2.weight	torch.Size([256, 256])	cuda:0	True
2023-12-31 15:11:27,734 - INFO - model.bert.transformer_blocks.1.attention.linear_layers.2.bias	torch.Size([256])	cuda:0	True
2023-12-31 15:11:27,734 - INFO - model.bert.transformer_blocks.1.attention.proj.weight	torch.Size([256, 256])	cuda:0	True
2023-12-31 15:11:27,734 - INFO - model.bert.transformer_blocks.1.attention.proj.bias	torch.Size([256])	cuda:0	True
2023-12-31 15:11:27,734 - INFO - model.bert.transformer_blocks.1.attention.temporal_mat_bias_1.weight	torch.Size([64, 1])	cuda:0	True
2023-12-31 15:11:27,734 - INFO - model.bert.transformer_blocks.1.attention.temporal_mat_bias_1.bias	torch.Size([64])	cuda:0	True
2023-12-31 15:11:27,734 - INFO - model.bert.transformer_blocks.1.attention.temporal_mat_bias_2.weight	torch.Size([1, 64])	cuda:0	True
2023-12-31 15:11:27,734 - INFO - model.bert.transformer_blocks.1.attention.temporal_mat_bias_2.bias	torch.Size([1])	cuda:0	True
2023-12-31 15:11:27,734 - INFO - model.bert.transformer_blocks.1.mlp.fc1.weight	torch.Size([1024, 256])	cuda:0	True
2023-12-31 15:11:27,734 - INFO - model.bert.transformer_blocks.1.mlp.fc1.bias	torch.Size([1024])	cuda:0	True
2023-12-31 15:11:27,734 - INFO - model.bert.transformer_blocks.1.mlp.fc2.weight	torch.Size([256, 1024])	cuda:0	True
2023-12-31 15:11:27,734 - INFO - model.bert.transformer_blocks.1.mlp.fc2.bias	torch.Size([256])	cuda:0	True
2023-12-31 15:11:27,734 - INFO - model.bert.transformer_blocks.1.norm1.weight	torch.Size([256])	cuda:0	True
2023-12-31 15:11:27,734 - INFO - model.bert.transformer_blocks.1.norm1.bias	torch.Size([256])	cuda:0	True
2023-12-31 15:11:27,734 - INFO - model.bert.transformer_blocks.1.norm2.weight	torch.Size([256])	cuda:0	True
2023-12-31 15:11:27,735 - INFO - model.bert.transformer_blocks.1.norm2.bias	torch.Size([256])	cuda:0	True
2023-12-31 15:11:27,735 - INFO - model.bert.transformer_blocks.2.attention.linear_layers.0.weight	torch.Size([256, 256])	cuda:0	True
2023-12-31 15:11:27,735 - INFO - model.bert.transformer_blocks.2.attention.linear_layers.0.bias	torch.Size([256])	cuda:0	True
2023-12-31 15:11:27,735 - INFO - model.bert.transformer_blocks.2.attention.linear_layers.1.weight	torch.Size([256, 256])	cuda:0	True
2023-12-31 15:11:27,735 - INFO - model.bert.transformer_blocks.2.attention.linear_layers.1.bias	torch.Size([256])	cuda:0	True
2023-12-31 15:11:27,735 - INFO - model.bert.transformer_blocks.2.attention.linear_layers.2.weight	torch.Size([256, 256])	cuda:0	True
2023-12-31 15:11:27,735 - INFO - model.bert.transformer_blocks.2.attention.linear_layers.2.bias	torch.Size([256])	cuda:0	True
2023-12-31 15:11:27,735 - INFO - model.bert.transformer_blocks.2.attention.proj.weight	torch.Size([256, 256])	cuda:0	True
2023-12-31 15:11:27,735 - INFO - model.bert.transformer_blocks.2.attention.proj.bias	torch.Size([256])	cuda:0	True
2023-12-31 15:11:27,735 - INFO - model.bert.transformer_blocks.2.attention.temporal_mat_bias_1.weight	torch.Size([64, 1])	cuda:0	True
2023-12-31 15:11:27,735 - INFO - model.bert.transformer_blocks.2.attention.temporal_mat_bias_1.bias	torch.Size([64])	cuda:0	True
2023-12-31 15:11:27,735 - INFO - model.bert.transformer_blocks.2.attention.temporal_mat_bias_2.weight	torch.Size([1, 64])	cuda:0	True
2023-12-31 15:11:27,736 - INFO - model.bert.transformer_blocks.2.attention.temporal_mat_bias_2.bias	torch.Size([1])	cuda:0	True
2023-12-31 15:11:27,736 - INFO - model.bert.transformer_blocks.2.mlp.fc1.weight	torch.Size([1024, 256])	cuda:0	True
2023-12-31 15:11:27,736 - INFO - model.bert.transformer_blocks.2.mlp.fc1.bias	torch.Size([1024])	cuda:0	True
2023-12-31 15:11:27,736 - INFO - model.bert.transformer_blocks.2.mlp.fc2.weight	torch.Size([256, 1024])	cuda:0	True
2023-12-31 15:11:27,736 - INFO - model.bert.transformer_blocks.2.mlp.fc2.bias	torch.Size([256])	cuda:0	True
2023-12-31 15:11:27,736 - INFO - model.bert.transformer_blocks.2.norm1.weight	torch.Size([256])	cuda:0	True
2023-12-31 15:11:27,736 - INFO - model.bert.transformer_blocks.2.norm1.bias	torch.Size([256])	cuda:0	True
2023-12-31 15:11:27,736 - INFO - model.bert.transformer_blocks.2.norm2.weight	torch.Size([256])	cuda:0	True
2023-12-31 15:11:27,736 - INFO - model.bert.transformer_blocks.2.norm2.bias	torch.Size([256])	cuda:0	True
2023-12-31 15:11:27,736 - INFO - model.bert.transformer_blocks.3.attention.linear_layers.0.weight	torch.Size([256, 256])	cuda:0	True
2023-12-31 15:11:27,736 - INFO - model.bert.transformer_blocks.3.attention.linear_layers.0.bias	torch.Size([256])	cuda:0	True
2023-12-31 15:11:27,736 - INFO - model.bert.transformer_blocks.3.attention.linear_layers.1.weight	torch.Size([256, 256])	cuda:0	True
2023-12-31 15:11:27,736 - INFO - model.bert.transformer_blocks.3.attention.linear_layers.1.bias	torch.Size([256])	cuda:0	True
2023-12-31 15:11:27,736 - INFO - model.bert.transformer_blocks.3.attention.linear_layers.2.weight	torch.Size([256, 256])	cuda:0	True
2023-12-31 15:11:27,736 - INFO - model.bert.transformer_blocks.3.attention.linear_layers.2.bias	torch.Size([256])	cuda:0	True
2023-12-31 15:11:27,736 - INFO - model.bert.transformer_blocks.3.attention.proj.weight	torch.Size([256, 256])	cuda:0	True
2023-12-31 15:11:27,736 - INFO - model.bert.transformer_blocks.3.attention.proj.bias	torch.Size([256])	cuda:0	True
2023-12-31 15:11:27,737 - INFO - model.bert.transformer_blocks.3.attention.temporal_mat_bias_1.weight	torch.Size([64, 1])	cuda:0	True
2023-12-31 15:11:27,737 - INFO - model.bert.transformer_blocks.3.attention.temporal_mat_bias_1.bias	torch.Size([64])	cuda:0	True
2023-12-31 15:11:27,737 - INFO - model.bert.transformer_blocks.3.attention.temporal_mat_bias_2.weight	torch.Size([1, 64])	cuda:0	True
2023-12-31 15:11:27,737 - INFO - model.bert.transformer_blocks.3.attention.temporal_mat_bias_2.bias	torch.Size([1])	cuda:0	True
2023-12-31 15:11:27,737 - INFO - model.bert.transformer_blocks.3.mlp.fc1.weight	torch.Size([1024, 256])	cuda:0	True
2023-12-31 15:11:27,737 - INFO - model.bert.transformer_blocks.3.mlp.fc1.bias	torch.Size([1024])	cuda:0	True
2023-12-31 15:11:27,737 - INFO - model.bert.transformer_blocks.3.mlp.fc2.weight	torch.Size([256, 1024])	cuda:0	True
2023-12-31 15:11:27,737 - INFO - model.bert.transformer_blocks.3.mlp.fc2.bias	torch.Size([256])	cuda:0	True
2023-12-31 15:11:27,737 - INFO - model.bert.transformer_blocks.3.norm1.weight	torch.Size([256])	cuda:0	True
2023-12-31 15:11:27,737 - INFO - model.bert.transformer_blocks.3.norm1.bias	torch.Size([256])	cuda:0	True
2023-12-31 15:11:27,737 - INFO - model.bert.transformer_blocks.3.norm2.weight	torch.Size([256])	cuda:0	True
2023-12-31 15:11:27,737 - INFO - model.bert.transformer_blocks.3.norm2.bias	torch.Size([256])	cuda:0	True
2023-12-31 15:11:27,737 - INFO - model.bert.transformer_blocks.4.attention.linear_layers.0.weight	torch.Size([256, 256])	cuda:0	True
2023-12-31 15:11:27,737 - INFO - model.bert.transformer_blocks.4.attention.linear_layers.0.bias	torch.Size([256])	cuda:0	True
2023-12-31 15:11:27,737 - INFO - model.bert.transformer_blocks.4.attention.linear_layers.1.weight	torch.Size([256, 256])	cuda:0	True
2023-12-31 15:11:27,737 - INFO - model.bert.transformer_blocks.4.attention.linear_layers.1.bias	torch.Size([256])	cuda:0	True
2023-12-31 15:11:27,738 - INFO - model.bert.transformer_blocks.4.attention.linear_layers.2.weight	torch.Size([256, 256])	cuda:0	True
2023-12-31 15:11:27,738 - INFO - model.bert.transformer_blocks.4.attention.linear_layers.2.bias	torch.Size([256])	cuda:0	True
2023-12-31 15:11:27,738 - INFO - model.bert.transformer_blocks.4.attention.proj.weight	torch.Size([256, 256])	cuda:0	True
2023-12-31 15:11:27,738 - INFO - model.bert.transformer_blocks.4.attention.proj.bias	torch.Size([256])	cuda:0	True
2023-12-31 15:11:27,738 - INFO - model.bert.transformer_blocks.4.attention.temporal_mat_bias_1.weight	torch.Size([64, 1])	cuda:0	True
2023-12-31 15:11:27,738 - INFO - model.bert.transformer_blocks.4.attention.temporal_mat_bias_1.bias	torch.Size([64])	cuda:0	True
2023-12-31 15:11:27,738 - INFO - model.bert.transformer_blocks.4.attention.temporal_mat_bias_2.weight	torch.Size([1, 64])	cuda:0	True
2023-12-31 15:11:27,738 - INFO - model.bert.transformer_blocks.4.attention.temporal_mat_bias_2.bias	torch.Size([1])	cuda:0	True
2023-12-31 15:11:27,738 - INFO - model.bert.transformer_blocks.4.mlp.fc1.weight	torch.Size([1024, 256])	cuda:0	True
2023-12-31 15:11:27,738 - INFO - model.bert.transformer_blocks.4.mlp.fc1.bias	torch.Size([1024])	cuda:0	True
2023-12-31 15:11:27,738 - INFO - model.bert.transformer_blocks.4.mlp.fc2.weight	torch.Size([256, 1024])	cuda:0	True
2023-12-31 15:11:27,738 - INFO - model.bert.transformer_blocks.4.mlp.fc2.bias	torch.Size([256])	cuda:0	True
2023-12-31 15:11:27,738 - INFO - model.bert.transformer_blocks.4.norm1.weight	torch.Size([256])	cuda:0	True
2023-12-31 15:11:27,738 - INFO - model.bert.transformer_blocks.4.norm1.bias	torch.Size([256])	cuda:0	True
2023-12-31 15:11:27,738 - INFO - model.bert.transformer_blocks.4.norm2.weight	torch.Size([256])	cuda:0	True
2023-12-31 15:11:27,738 - INFO - model.bert.transformer_blocks.4.norm2.bias	torch.Size([256])	cuda:0	True
2023-12-31 15:11:27,738 - INFO - model.bert.transformer_blocks.5.attention.linear_layers.0.weight	torch.Size([256, 256])	cuda:0	True
2023-12-31 15:11:27,739 - INFO - model.bert.transformer_blocks.5.attention.linear_layers.0.bias	torch.Size([256])	cuda:0	True
2023-12-31 15:11:27,739 - INFO - model.bert.transformer_blocks.5.attention.linear_layers.1.weight	torch.Size([256, 256])	cuda:0	True
2023-12-31 15:11:27,739 - INFO - model.bert.transformer_blocks.5.attention.linear_layers.1.bias	torch.Size([256])	cuda:0	True
2023-12-31 15:11:27,739 - INFO - model.bert.transformer_blocks.5.attention.linear_layers.2.weight	torch.Size([256, 256])	cuda:0	True
2023-12-31 15:11:27,739 - INFO - model.bert.transformer_blocks.5.attention.linear_layers.2.bias	torch.Size([256])	cuda:0	True
2023-12-31 15:11:27,739 - INFO - model.bert.transformer_blocks.5.attention.proj.weight	torch.Size([256, 256])	cuda:0	True
2023-12-31 15:11:27,739 - INFO - model.bert.transformer_blocks.5.attention.proj.bias	torch.Size([256])	cuda:0	True
2023-12-31 15:11:27,739 - INFO - model.bert.transformer_blocks.5.attention.temporal_mat_bias_1.weight	torch.Size([64, 1])	cuda:0	True
2023-12-31 15:11:27,739 - INFO - model.bert.transformer_blocks.5.attention.temporal_mat_bias_1.bias	torch.Size([64])	cuda:0	True
2023-12-31 15:11:27,739 - INFO - model.bert.transformer_blocks.5.attention.temporal_mat_bias_2.weight	torch.Size([1, 64])	cuda:0	True
2023-12-31 15:11:27,739 - INFO - model.bert.transformer_blocks.5.attention.temporal_mat_bias_2.bias	torch.Size([1])	cuda:0	True
2023-12-31 15:11:27,739 - INFO - model.bert.transformer_blocks.5.mlp.fc1.weight	torch.Size([1024, 256])	cuda:0	True
2023-12-31 15:11:27,739 - INFO - model.bert.transformer_blocks.5.mlp.fc1.bias	torch.Size([1024])	cuda:0	True
2023-12-31 15:11:27,739 - INFO - model.bert.transformer_blocks.5.mlp.fc2.weight	torch.Size([256, 1024])	cuda:0	True
2023-12-31 15:11:27,739 - INFO - model.bert.transformer_blocks.5.mlp.fc2.bias	torch.Size([256])	cuda:0	True
2023-12-31 15:11:27,739 - INFO - model.bert.transformer_blocks.5.norm1.weight	torch.Size([256])	cuda:0	True
2023-12-31 15:11:27,740 - INFO - model.bert.transformer_blocks.5.norm1.bias	torch.Size([256])	cuda:0	True
2023-12-31 15:11:27,740 - INFO - model.bert.transformer_blocks.5.norm2.weight	torch.Size([256])	cuda:0	True
2023-12-31 15:11:27,740 - INFO - model.bert.transformer_blocks.5.norm2.bias	torch.Size([256])	cuda:0	True
2023-12-31 15:11:27,740 - INFO - linear.weight	torch.Size([1, 256])	cuda:0	True
2023-12-31 15:11:27,740 - INFO - linear.bias	torch.Size([1])	cuda:0	True
2023-12-31 15:11:27,740 - INFO - Total parameter numbers: 5319175
2023-12-31 15:11:27,741 - INFO - You select `adamw` optimizer.
2023-12-31 15:11:27,742 - INFO - You select `cosinelr` lr_scheduler.
2023-12-31 15:11:27,782 - INFO - Load Pretrained-Model from libcity/cache/135178/model_cache/135178_BERTContrastiveLM_bj.pt
2023-12-31 15:11:27,801 - INFO - Start training ...
2023-12-31 15:11:27,801 - INFO - Num_batches: train=15, eval=5
2023-12-31 15:11:28,472 - INFO - {'mode': 'Train', 'epoch': 0, 'iter': 0, 'lr': 1e-06, 'loss': 326.4131774902344}
2023-12-31 15:11:29,286 - INFO - Train: expid = 12683, Epoch = 0, avg_loss = 268.7953827421544.
2023-12-31 15:11:29,287 - INFO - epoch complete!
2023-12-31 15:11:29,287 - INFO - evaluating now!
2023-12-31 15:11:29,303 - INFO - {'mode': 'Eval', 'epoch': 0, 'iter': 0, 'lr': 1e-06, 'loss': 207.4534149169922}
2023-12-31 15:11:29,361 - INFO - Eval: expid = 12683, Epoch = 0, avg_loss = 216.24717712402344.
2023-12-31 15:11:29,361 - INFO - Epoch [0/2] (15)  train_loss: 268.7954, val_loss: 216.2472, lr: 0.000051, 1.56s
2023-12-31 15:11:29,554 - INFO - Saved model at 0
2023-12-31 15:11:29,554 - INFO - Val loss decrease from inf to 216.2472, saving to ./libcity/cache/12683/model_cache/LinearETA_bj_epoch0.tar
2023-12-31 15:11:29,611 - INFO - {'mode': 'Train', 'epoch': 1, 'iter': 0, 'lr': 5.075e-05, 'loss': 147.91879272460938}
2023-12-31 15:11:30,433 - INFO - Train: expid = 12683, Epoch = 1, avg_loss = 176.45219162763175.
2023-12-31 15:11:30,434 - INFO - epoch complete!
2023-12-31 15:11:30,434 - INFO - evaluating now!
2023-12-31 15:11:30,449 - INFO - {'mode': 'Eval', 'epoch': 1, 'iter': 0, 'lr': 5.075e-05, 'loss': 140.95741271972656}
2023-12-31 15:11:30,516 - INFO - Eval: expid = 12683, Epoch = 1, avg_loss = 82.25704460144043.
2023-12-31 15:11:30,516 - INFO - Epoch [1/2] (30)  train_loss: 176.4522, val_loss: 82.2570, lr: 0.000101, 0.96s
2023-12-31 15:11:30,696 - INFO - Saved model at 1
2023-12-31 15:11:30,696 - INFO - Val loss decrease from 216.2472 to 82.2570, saving to ./libcity/cache/12683/model_cache/LinearETA_bj_epoch1.tar
2023-12-31 15:11:30,696 - INFO - Trained totally 2 epochs, average train time is 1.183s, average eval time is 0.078s
2023-12-31 15:11:30,793 - INFO - Loaded model at 1
2023-12-31 15:11:30,864 - INFO - Save png at ./libcity/cache/12683/12683_loss.png
2023-12-31 15:11:30,921 - INFO - Save png at ./libcity/cache/12683/12683_lr.png
2023-12-31 15:11:31,102 - INFO - Saved model at ./libcity/cache/12683/model_cache/12683_LinearETA_bj.pt
2023-12-31 15:11:31,103 - INFO - Start evaluating ...
2023-12-31 15:11:31,122 - INFO - {'mode': 'Test', 'epoch': 0, 'iter': 0, 'lr': 0.0001005, 'loss': 46.21535873413086}
2023-12-31 15:11:31,189 - INFO - Test: expid = 12683, Epoch = 0, avg_loss = 78.47830162048339.
2023-12-31 15:11:31,191 - INFO - Evaluate result is {"MAE": 5.855992221832276, "RMSE": 8.049553537368775, "MAPE": 0.502158933877945, "R2": -0.3116101373128166, "EVAR": 0.054087817668914795}
2023-12-31 15:11:31,191 - INFO - Evaluate result is saved at ./libcity/cache/12683/evaluate_cache\12683_2023_12_31_15_11_31_LinearETA_bj.json
2023-12-31 15:11:31,191 - INFO - 
{
 "MAE": 5.855992221832276,
 "RMSE": 8.049553537368775,
 "MAPE": 0.502158933877945,
 "R2": -0.3116101373128166,
 "EVAR": 0.054087817668914795
}
2023-12-31 15:11:31,194 - INFO - Evaluate result is saved at ./libcity/cache/12683/evaluate_cache\12683_2023_12_31_15_11_31_LinearETA_bj.csv
2023-12-31 15:11:31,199 - INFO - 
        MAE      RMSE      MAPE       R2      EVAR
1  5.855992  8.049554  0.502159 -0.31161  0.054088
2023-12-31 15:11:31,200 - INFO - Test time 0.09638524055480957s.
