2024-01-01 00:02:20,822 - INFO - Log directory: ./libcity/log
2024-01-01 00:02:20,822 - INFO - Begin pretrain-pipeline, task=trajectory_embedding, model_name=BERTContrastiveLM, dataset_name=bj, exp_id=196243
2024-01-01 00:02:20,822 - INFO - {'task': 'trajectory_embedding', 'model': 'BERTContrastiveLM', 'dataset': 'bj', 'saved_model': True, 'train': True, 'gpu': True, 'gpu_id': 0, 'distribution': 'geometric', 'avg_mask_len': 2, 'contra_ratio': 0.4, 'mlm_ratio': 0.6, 'split': True, 'n_layers': 6, 'd_model': 256, 'attn_heads': 8, 'max_epoch': 1, 'batch_size': 8, 'grad_accmu_steps': 1, 'learning_rate': 0.0002, 'roadnetwork': 'bj_roadmap_edge_bj_True_1_merge', 'geo_file': 'bj_roadmap_edge_bj_True_1_merge_withdegree', 'rel_file': 'bj_roadmap_edge_bj_True_1_merge_withdegree', 'merge': True, 'min_freq': 1, 'seq_len': 128, 'test_every': 50, 'temperature': 0.05, 'contra_loss_type': 'simclr', 'classify_label': 'vflag', 'type_ln': 'post', 'add_cls': True, 'add_time_in_day': True, 'add_day_in_week': True, 'add_pe': True, 'add_temporal_bias': True, 'temporal_bias_dim': 64, 'use_mins_interval': False, 'add_gat': True, 'gat_heads_per_layer': [8, 16, 1], 'gat_features_per_layer': [16, 16, 256], 'gat_dropout': 0.1, 'gat_K': 1, 'gat_avg_last': True, 'load_trans_prob': True, 'append_degree2gcn': True, 'normal_feature': False, 'pooling': 'cls', 'dataset_class': 'ContrastiveSplitLMDataset', 'executor': 'ContrastiveSplitMLMExecutor', 'evaluator': 'ClassificationEvaluator', 'num_workers': 0, 'vocab_path': None, 'masking_ratio': 0.15, 'masking_mode': 'together', 'mlp_ratio': 4, 'pretrain_road_emb': None, 'future_mask': False, 'load_node2vec': False, 'dropout': 0.1, 'drop_path': 0.3, 'attn_drop': 0.1, 'seed': 0, 'learner': 'adamw', 'lr_eta_min': 0, 'lr_warmup_epoch': 4, 'lr_warmup_init': 1e-06, 'lr_decay': True, 'lr_scheduler': 'cosinelr', 'lr_decay_ratio': 0.1, 't_in_epochs': True, 'clip_grad_norm': True, 'max_grad_norm': 5, 'use_early_stop': True, 'patience': 10, 'log_batch': 500, 'log_every': 1, 'l2_reg': None, 'n_views': 2, 'similarity': 'cosine', 'data_argument1': [], 'data_argument2': [], 'cutoff_row_rate': 0.2, 'cutoff_column_rate': 0.2, 'cutoff_random_rate': 0.2, 'sample_rate': 0.2, 'align_w': 1.0, 'unif_w': 1.0, 'align_alpha': 2, 'unif_t': 2, 'train_align_uniform': False, 'test_align_uniform': True, 'norm_align_uniform': False, 'bidir_adj_mx': False, 'out_data_argument1': None, 'out_data_argument2': None, 'metrics': ['Precision', 'Recall', 'F1', 'MRR', 'NDCG'], 'save_modes': ['csv', 'json'], 'topk': [1, 5, 10], 'device': device(type='cuda', index=0), 'exp_id': 196243}
2024-01-01 00:02:21,341 - INFO - Loading Vocab from raw_data/vocab_bj_True_1_merge.pkl
2024-01-01 00:02:21,348 - INFO - vocab_path=raw_data/vocab_bj_True_1_merge.pkl, usr_num=75, vocab_size=27313
2024-01-01 00:02:21,395 - INFO - Loaded file bj_roadmap_edge_bj_True_1_merge_withdegree.geo, num_nodes=27309
2024-01-01 00:02:22,800 - INFO - Loaded file bj_roadmap_edge_bj_True_1_merge_withdegree.rel, shape=(27309, 27309), edges=51196.0
2024-01-01 00:02:22,805 - INFO - node_features: (27309, 42)
2024-01-01 00:02:23,749 - INFO - node_features_encoded: torch.Size([27313, 42])
2024-01-01 00:02:23,894 - INFO - edge_index: torch.Size([2, 78471])
2024-01-01 00:02:23,898 - INFO - Trajectory loc-transfer prob shape=torch.Size([78471, 1])
2024-01-01 00:02:23,907 - INFO - Loading Dataset!
2024-01-01 00:02:24,657 - INFO - Load dataset from raw_data/bj/cache_bj_train_True_True_1.pkl
2024-01-01 00:02:24,658 - INFO - Init TrajectoryProcessingDatasetSplitLM!
2024-01-01 00:02:26,119 - INFO - Load dataset from raw_data/bj/cache_bj_train_True_True_1.pkl, raw_data/bj/cache_bj_train_True_True_1.pkl
2024-01-01 00:02:26,356 - INFO - Load dataset from raw_data/bj/cache_bj_eval_True_True_1.pkl
2024-01-01 00:02:26,356 - INFO - Init TrajectoryProcessingDatasetSplitLM!
2024-01-01 00:02:26,832 - INFO - Load dataset from raw_data/bj/cache_bj_eval_True_True_1.pkl, raw_data/bj/cache_bj_eval_True_True_1.pkl
2024-01-01 00:02:27,078 - INFO - Load dataset from raw_data/bj/cache_bj_test_True_True_1.pkl
2024-01-01 00:02:27,078 - INFO - Init TrajectoryProcessingDatasetSplitLM!
2024-01-01 00:02:27,574 - INFO - Load dataset from raw_data/bj/cache_bj_test_True_True_1.pkl, raw_data/bj/cache_bj_test_True_True_1.pkl
2024-01-01 00:02:27,575 - INFO - Size of dataset: 10510/3504/3504
2024-01-01 00:02:27,575 - INFO - Creating Dataloader!
2024-01-01 00:02:27,577 - INFO - Building BERTContrastiveLM model
2024-01-01 00:02:27,643 - INFO - Building BERTPooler model
2024-01-01 00:02:28,245 - INFO - BERTContrastiveLM(
  (bert): BERT(
    (embedding): BERTEmbedding(
      (token_embedding): GAT(
        (gat_net): Sequential(
          (0): GATLayerImp3(
            (linear_proj): Linear(in_features=42, out_features=128, bias=False)
            (linear_proj_tran_prob): Linear(in_features=1, out_features=128, bias=False)
            (skip_proj): Linear(in_features=42, out_features=128, bias=False)
            (leakyReLU): LeakyReLU(negative_slope=0.2)
            (softmax): Softmax(dim=-1)
            (activation): ELU(alpha=1.0)
            (dropout): Dropout(p=0.1, inplace=False)
          )
          (1): GATLayerImp3(
            (linear_proj): Linear(in_features=128, out_features=256, bias=False)
            (linear_proj_tran_prob): Linear(in_features=1, out_features=256, bias=False)
            (skip_proj): Linear(in_features=128, out_features=256, bias=False)
            (leakyReLU): LeakyReLU(negative_slope=0.2)
            (softmax): Softmax(dim=-1)
            (activation): ELU(alpha=1.0)
            (dropout): Dropout(p=0.1, inplace=False)
          )
          (2): GATLayerImp3(
            (linear_proj): Linear(in_features=256, out_features=256, bias=False)
            (linear_proj_tran_prob): Linear(in_features=1, out_features=256, bias=False)
            (skip_proj): Linear(in_features=256, out_features=256, bias=False)
            (leakyReLU): LeakyReLU(negative_slope=0.2)
            (softmax): Softmax(dim=-1)
            (dropout): Dropout(p=0.1, inplace=False)
          )
        )
      )
      (position_embedding): PositionalEmbedding()
      (daytime_embedding): Embedding(1441, 256, padding_idx=0)
      (weekday_embedding): Embedding(8, 256, padding_idx=0)
      (dropout): Dropout(p=0.1, inplace=False)
    )
    (transformer_blocks): ModuleList(
      (0): TransformerBlock(
        (attention): MultiHeadedAttention(
          (linear_layers): ModuleList(
            (0): Linear(in_features=256, out_features=256, bias=True)
            (1): Linear(in_features=256, out_features=256, bias=True)
            (2): Linear(in_features=256, out_features=256, bias=True)
          )
          (dropout): Dropout(p=0.1, inplace=False)
          (proj): Linear(in_features=256, out_features=256, bias=True)
          (proj_drop): Dropout(p=0.1, inplace=False)
          (temporal_mat_bias_1): Linear(in_features=1, out_features=64, bias=True)
          (temporal_mat_bias_2): Linear(in_features=64, out_features=1, bias=True)
        )
        (mlp): Mlp(
          (fc1): Linear(in_features=256, out_features=1024, bias=True)
          (act): GELU()
          (fc2): Linear(in_features=1024, out_features=256, bias=True)
          (drop): Dropout(p=0.1, inplace=False)
        )
        (norm1): LayerNorm((256,), eps=1e-05, elementwise_affine=True)
        (norm2): LayerNorm((256,), eps=1e-05, elementwise_affine=True)
        (drop_path): Identity()
      )
      (1): TransformerBlock(
        (attention): MultiHeadedAttention(
          (linear_layers): ModuleList(
            (0): Linear(in_features=256, out_features=256, bias=True)
            (1): Linear(in_features=256, out_features=256, bias=True)
            (2): Linear(in_features=256, out_features=256, bias=True)
          )
          (dropout): Dropout(p=0.1, inplace=False)
          (proj): Linear(in_features=256, out_features=256, bias=True)
          (proj_drop): Dropout(p=0.1, inplace=False)
          (temporal_mat_bias_1): Linear(in_features=1, out_features=64, bias=True)
          (temporal_mat_bias_2): Linear(in_features=64, out_features=1, bias=True)
        )
        (mlp): Mlp(
          (fc1): Linear(in_features=256, out_features=1024, bias=True)
          (act): GELU()
          (fc2): Linear(in_features=1024, out_features=256, bias=True)
          (drop): Dropout(p=0.1, inplace=False)
        )
        (norm1): LayerNorm((256,), eps=1e-05, elementwise_affine=True)
        (norm2): LayerNorm((256,), eps=1e-05, elementwise_affine=True)
        (drop_path): DropPath()
      )
      (2): TransformerBlock(
        (attention): MultiHeadedAttention(
          (linear_layers): ModuleList(
            (0): Linear(in_features=256, out_features=256, bias=True)
            (1): Linear(in_features=256, out_features=256, bias=True)
            (2): Linear(in_features=256, out_features=256, bias=True)
          )
          (dropout): Dropout(p=0.1, inplace=False)
          (proj): Linear(in_features=256, out_features=256, bias=True)
          (proj_drop): Dropout(p=0.1, inplace=False)
          (temporal_mat_bias_1): Linear(in_features=1, out_features=64, bias=True)
          (temporal_mat_bias_2): Linear(in_features=64, out_features=1, bias=True)
        )
        (mlp): Mlp(
          (fc1): Linear(in_features=256, out_features=1024, bias=True)
          (act): GELU()
          (fc2): Linear(in_features=1024, out_features=256, bias=True)
          (drop): Dropout(p=0.1, inplace=False)
        )
        (norm1): LayerNorm((256,), eps=1e-05, elementwise_affine=True)
        (norm2): LayerNorm((256,), eps=1e-05, elementwise_affine=True)
        (drop_path): DropPath()
      )
      (3): TransformerBlock(
        (attention): MultiHeadedAttention(
          (linear_layers): ModuleList(
            (0): Linear(in_features=256, out_features=256, bias=True)
            (1): Linear(in_features=256, out_features=256, bias=True)
            (2): Linear(in_features=256, out_features=256, bias=True)
          )
          (dropout): Dropout(p=0.1, inplace=False)
          (proj): Linear(in_features=256, out_features=256, bias=True)
          (proj_drop): Dropout(p=0.1, inplace=False)
          (temporal_mat_bias_1): Linear(in_features=1, out_features=64, bias=True)
          (temporal_mat_bias_2): Linear(in_features=64, out_features=1, bias=True)
        )
        (mlp): Mlp(
          (fc1): Linear(in_features=256, out_features=1024, bias=True)
          (act): GELU()
          (fc2): Linear(in_features=1024, out_features=256, bias=True)
          (drop): Dropout(p=0.1, inplace=False)
        )
        (norm1): LayerNorm((256,), eps=1e-05, elementwise_affine=True)
        (norm2): LayerNorm((256,), eps=1e-05, elementwise_affine=True)
        (drop_path): DropPath()
      )
      (4): TransformerBlock(
        (attention): MultiHeadedAttention(
          (linear_layers): ModuleList(
            (0): Linear(in_features=256, out_features=256, bias=True)
            (1): Linear(in_features=256, out_features=256, bias=True)
            (2): Linear(in_features=256, out_features=256, bias=True)
          )
          (dropout): Dropout(p=0.1, inplace=False)
          (proj): Linear(in_features=256, out_features=256, bias=True)
          (proj_drop): Dropout(p=0.1, inplace=False)
          (temporal_mat_bias_1): Linear(in_features=1, out_features=64, bias=True)
          (temporal_mat_bias_2): Linear(in_features=64, out_features=1, bias=True)
        )
        (mlp): Mlp(
          (fc1): Linear(in_features=256, out_features=1024, bias=True)
          (act): GELU()
          (fc2): Linear(in_features=1024, out_features=256, bias=True)
          (drop): Dropout(p=0.1, inplace=False)
        )
        (norm1): LayerNorm((256,), eps=1e-05, elementwise_affine=True)
        (norm2): LayerNorm((256,), eps=1e-05, elementwise_affine=True)
        (drop_path): DropPath()
      )
      (5): TransformerBlock(
        (attention): MultiHeadedAttention(
          (linear_layers): ModuleList(
            (0): Linear(in_features=256, out_features=256, bias=True)
            (1): Linear(in_features=256, out_features=256, bias=True)
            (2): Linear(in_features=256, out_features=256, bias=True)
          )
          (dropout): Dropout(p=0.1, inplace=False)
          (proj): Linear(in_features=256, out_features=256, bias=True)
          (proj_drop): Dropout(p=0.1, inplace=False)
          (temporal_mat_bias_1): Linear(in_features=1, out_features=64, bias=True)
          (temporal_mat_bias_2): Linear(in_features=64, out_features=1, bias=True)
        )
        (mlp): Mlp(
          (fc1): Linear(in_features=256, out_features=1024, bias=True)
          (act): GELU()
          (fc2): Linear(in_features=1024, out_features=256, bias=True)
          (drop): Dropout(p=0.1, inplace=False)
        )
        (norm1): LayerNorm((256,), eps=1e-05, elementwise_affine=True)
        (norm2): LayerNorm((256,), eps=1e-05, elementwise_affine=True)
        (drop_path): DropPath()
      )
    )
  )
  (mask_l): MaskedLanguageModel(
    (linear): Linear(in_features=256, out_features=27313, bias=True)
    (softmax): LogSoftmax(dim=-1)
  )
  (pooler): BERTPooler(
    (linear): MLPLayer(
      (dense): Linear(in_features=256, out_features=256, bias=True)
      (activation): Tanh()
    )
  )
)
2024-01-01 00:02:28,248 - INFO - bert.embedding.token_embedding.gat_net.0.scoring_fn_target	torch.Size([1, 8, 16])	cuda:0	True
2024-01-01 00:02:28,248 - INFO - bert.embedding.token_embedding.gat_net.0.scoring_fn_source	torch.Size([1, 8, 16])	cuda:0	True
2024-01-01 00:02:28,248 - INFO - bert.embedding.token_embedding.gat_net.0.scoring_trans_prob	torch.Size([1, 8, 16])	cuda:0	True
2024-01-01 00:02:28,248 - INFO - bert.embedding.token_embedding.gat_net.0.bias	torch.Size([128])	cuda:0	True
2024-01-01 00:02:28,248 - INFO - bert.embedding.token_embedding.gat_net.0.linear_proj.weight	torch.Size([128, 42])	cuda:0	True
2024-01-01 00:02:28,249 - INFO - bert.embedding.token_embedding.gat_net.0.linear_proj_tran_prob.weight	torch.Size([128, 1])	cuda:0	True
2024-01-01 00:02:28,249 - INFO - bert.embedding.token_embedding.gat_net.0.skip_proj.weight	torch.Size([128, 42])	cuda:0	True
2024-01-01 00:02:28,249 - INFO - bert.embedding.token_embedding.gat_net.1.scoring_fn_target	torch.Size([1, 16, 16])	cuda:0	True
2024-01-01 00:02:28,249 - INFO - bert.embedding.token_embedding.gat_net.1.scoring_fn_source	torch.Size([1, 16, 16])	cuda:0	True
2024-01-01 00:02:28,249 - INFO - bert.embedding.token_embedding.gat_net.1.scoring_trans_prob	torch.Size([1, 16, 16])	cuda:0	True
2024-01-01 00:02:28,249 - INFO - bert.embedding.token_embedding.gat_net.1.bias	torch.Size([256])	cuda:0	True
2024-01-01 00:02:28,249 - INFO - bert.embedding.token_embedding.gat_net.1.linear_proj.weight	torch.Size([256, 128])	cuda:0	True
2024-01-01 00:02:28,249 - INFO - bert.embedding.token_embedding.gat_net.1.linear_proj_tran_prob.weight	torch.Size([256, 1])	cuda:0	True
2024-01-01 00:02:28,250 - INFO - bert.embedding.token_embedding.gat_net.1.skip_proj.weight	torch.Size([256, 128])	cuda:0	True
2024-01-01 00:02:28,250 - INFO - bert.embedding.token_embedding.gat_net.2.scoring_fn_target	torch.Size([1, 1, 256])	cuda:0	True
2024-01-01 00:02:28,250 - INFO - bert.embedding.token_embedding.gat_net.2.scoring_fn_source	torch.Size([1, 1, 256])	cuda:0	True
2024-01-01 00:02:28,250 - INFO - bert.embedding.token_embedding.gat_net.2.scoring_trans_prob	torch.Size([1, 1, 256])	cuda:0	True
2024-01-01 00:02:28,250 - INFO - bert.embedding.token_embedding.gat_net.2.bias	torch.Size([256])	cuda:0	True
2024-01-01 00:02:28,250 - INFO - bert.embedding.token_embedding.gat_net.2.linear_proj.weight	torch.Size([256, 256])	cuda:0	True
2024-01-01 00:02:28,250 - INFO - bert.embedding.token_embedding.gat_net.2.linear_proj_tran_prob.weight	torch.Size([256, 1])	cuda:0	True
2024-01-01 00:02:28,250 - INFO - bert.embedding.token_embedding.gat_net.2.skip_proj.weight	torch.Size([256, 256])	cuda:0	True
2024-01-01 00:02:28,250 - INFO - bert.embedding.daytime_embedding.weight	torch.Size([1441, 256])	cuda:0	True
2024-01-01 00:02:28,251 - INFO - bert.embedding.weekday_embedding.weight	torch.Size([8, 256])	cuda:0	True
2024-01-01 00:02:28,251 - INFO - bert.transformer_blocks.0.attention.linear_layers.0.weight	torch.Size([256, 256])	cuda:0	True
2024-01-01 00:02:28,251 - INFO - bert.transformer_blocks.0.attention.linear_layers.0.bias	torch.Size([256])	cuda:0	True
2024-01-01 00:02:28,251 - INFO - bert.transformer_blocks.0.attention.linear_layers.1.weight	torch.Size([256, 256])	cuda:0	True
2024-01-01 00:02:28,251 - INFO - bert.transformer_blocks.0.attention.linear_layers.1.bias	torch.Size([256])	cuda:0	True
2024-01-01 00:02:28,251 - INFO - bert.transformer_blocks.0.attention.linear_layers.2.weight	torch.Size([256, 256])	cuda:0	True
2024-01-01 00:02:28,251 - INFO - bert.transformer_blocks.0.attention.linear_layers.2.bias	torch.Size([256])	cuda:0	True
2024-01-01 00:02:28,251 - INFO - bert.transformer_blocks.0.attention.proj.weight	torch.Size([256, 256])	cuda:0	True
2024-01-01 00:02:28,252 - INFO - bert.transformer_blocks.0.attention.proj.bias	torch.Size([256])	cuda:0	True
2024-01-01 00:02:28,252 - INFO - bert.transformer_blocks.0.attention.temporal_mat_bias_1.weight	torch.Size([64, 1])	cuda:0	True
2024-01-01 00:02:28,252 - INFO - bert.transformer_blocks.0.attention.temporal_mat_bias_1.bias	torch.Size([64])	cuda:0	True
2024-01-01 00:02:28,252 - INFO - bert.transformer_blocks.0.attention.temporal_mat_bias_2.weight	torch.Size([1, 64])	cuda:0	True
2024-01-01 00:02:28,252 - INFO - bert.transformer_blocks.0.attention.temporal_mat_bias_2.bias	torch.Size([1])	cuda:0	True
2024-01-01 00:02:28,252 - INFO - bert.transformer_blocks.0.mlp.fc1.weight	torch.Size([1024, 256])	cuda:0	True
2024-01-01 00:02:28,252 - INFO - bert.transformer_blocks.0.mlp.fc1.bias	torch.Size([1024])	cuda:0	True
2024-01-01 00:02:28,252 - INFO - bert.transformer_blocks.0.mlp.fc2.weight	torch.Size([256, 1024])	cuda:0	True
2024-01-01 00:02:28,252 - INFO - bert.transformer_blocks.0.mlp.fc2.bias	torch.Size([256])	cuda:0	True
2024-01-01 00:02:28,253 - INFO - bert.transformer_blocks.0.norm1.weight	torch.Size([256])	cuda:0	True
2024-01-01 00:02:28,253 - INFO - bert.transformer_blocks.0.norm1.bias	torch.Size([256])	cuda:0	True
2024-01-01 00:02:28,253 - INFO - bert.transformer_blocks.0.norm2.weight	torch.Size([256])	cuda:0	True
2024-01-01 00:02:28,253 - INFO - bert.transformer_blocks.0.norm2.bias	torch.Size([256])	cuda:0	True
2024-01-01 00:02:28,253 - INFO - bert.transformer_blocks.1.attention.linear_layers.0.weight	torch.Size([256, 256])	cuda:0	True
2024-01-01 00:02:28,253 - INFO - bert.transformer_blocks.1.attention.linear_layers.0.bias	torch.Size([256])	cuda:0	True
2024-01-01 00:02:28,253 - INFO - bert.transformer_blocks.1.attention.linear_layers.1.weight	torch.Size([256, 256])	cuda:0	True
2024-01-01 00:02:28,253 - INFO - bert.transformer_blocks.1.attention.linear_layers.1.bias	torch.Size([256])	cuda:0	True
2024-01-01 00:02:28,254 - INFO - bert.transformer_blocks.1.attention.linear_layers.2.weight	torch.Size([256, 256])	cuda:0	True
2024-01-01 00:02:28,254 - INFO - bert.transformer_blocks.1.attention.linear_layers.2.bias	torch.Size([256])	cuda:0	True
2024-01-01 00:02:28,254 - INFO - bert.transformer_blocks.1.attention.proj.weight	torch.Size([256, 256])	cuda:0	True
2024-01-01 00:02:28,254 - INFO - bert.transformer_blocks.1.attention.proj.bias	torch.Size([256])	cuda:0	True
2024-01-01 00:02:28,254 - INFO - bert.transformer_blocks.1.attention.temporal_mat_bias_1.weight	torch.Size([64, 1])	cuda:0	True
2024-01-01 00:02:28,254 - INFO - bert.transformer_blocks.1.attention.temporal_mat_bias_1.bias	torch.Size([64])	cuda:0	True
2024-01-01 00:02:28,254 - INFO - bert.transformer_blocks.1.attention.temporal_mat_bias_2.weight	torch.Size([1, 64])	cuda:0	True
2024-01-01 00:02:28,254 - INFO - bert.transformer_blocks.1.attention.temporal_mat_bias_2.bias	torch.Size([1])	cuda:0	True
2024-01-01 00:02:28,254 - INFO - bert.transformer_blocks.1.mlp.fc1.weight	torch.Size([1024, 256])	cuda:0	True
2024-01-01 00:02:28,255 - INFO - bert.transformer_blocks.1.mlp.fc1.bias	torch.Size([1024])	cuda:0	True
2024-01-01 00:02:28,255 - INFO - bert.transformer_blocks.1.mlp.fc2.weight	torch.Size([256, 1024])	cuda:0	True
2024-01-01 00:02:28,255 - INFO - bert.transformer_blocks.1.mlp.fc2.bias	torch.Size([256])	cuda:0	True
2024-01-01 00:02:28,255 - INFO - bert.transformer_blocks.1.norm1.weight	torch.Size([256])	cuda:0	True
2024-01-01 00:02:28,255 - INFO - bert.transformer_blocks.1.norm1.bias	torch.Size([256])	cuda:0	True
2024-01-01 00:02:28,255 - INFO - bert.transformer_blocks.1.norm2.weight	torch.Size([256])	cuda:0	True
2024-01-01 00:02:28,255 - INFO - bert.transformer_blocks.1.norm2.bias	torch.Size([256])	cuda:0	True
2024-01-01 00:02:28,255 - INFO - bert.transformer_blocks.2.attention.linear_layers.0.weight	torch.Size([256, 256])	cuda:0	True
2024-01-01 00:02:28,256 - INFO - bert.transformer_blocks.2.attention.linear_layers.0.bias	torch.Size([256])	cuda:0	True
2024-01-01 00:02:28,256 - INFO - bert.transformer_blocks.2.attention.linear_layers.1.weight	torch.Size([256, 256])	cuda:0	True
2024-01-01 00:02:28,256 - INFO - bert.transformer_blocks.2.attention.linear_layers.1.bias	torch.Size([256])	cuda:0	True
2024-01-01 00:02:28,256 - INFO - bert.transformer_blocks.2.attention.linear_layers.2.weight	torch.Size([256, 256])	cuda:0	True
2024-01-01 00:02:28,256 - INFO - bert.transformer_blocks.2.attention.linear_layers.2.bias	torch.Size([256])	cuda:0	True
2024-01-01 00:02:28,256 - INFO - bert.transformer_blocks.2.attention.proj.weight	torch.Size([256, 256])	cuda:0	True
2024-01-01 00:02:28,256 - INFO - bert.transformer_blocks.2.attention.proj.bias	torch.Size([256])	cuda:0	True
2024-01-01 00:02:28,256 - INFO - bert.transformer_blocks.2.attention.temporal_mat_bias_1.weight	torch.Size([64, 1])	cuda:0	True
2024-01-01 00:02:28,256 - INFO - bert.transformer_blocks.2.attention.temporal_mat_bias_1.bias	torch.Size([64])	cuda:0	True
2024-01-01 00:02:28,257 - INFO - bert.transformer_blocks.2.attention.temporal_mat_bias_2.weight	torch.Size([1, 64])	cuda:0	True
2024-01-01 00:02:28,257 - INFO - bert.transformer_blocks.2.attention.temporal_mat_bias_2.bias	torch.Size([1])	cuda:0	True
2024-01-01 00:02:28,257 - INFO - bert.transformer_blocks.2.mlp.fc1.weight	torch.Size([1024, 256])	cuda:0	True
2024-01-01 00:02:28,257 - INFO - bert.transformer_blocks.2.mlp.fc1.bias	torch.Size([1024])	cuda:0	True
2024-01-01 00:02:28,257 - INFO - bert.transformer_blocks.2.mlp.fc2.weight	torch.Size([256, 1024])	cuda:0	True
2024-01-01 00:02:28,257 - INFO - bert.transformer_blocks.2.mlp.fc2.bias	torch.Size([256])	cuda:0	True
2024-01-01 00:02:28,257 - INFO - bert.transformer_blocks.2.norm1.weight	torch.Size([256])	cuda:0	True
2024-01-01 00:02:28,257 - INFO - bert.transformer_blocks.2.norm1.bias	torch.Size([256])	cuda:0	True
2024-01-01 00:02:28,258 - INFO - bert.transformer_blocks.2.norm2.weight	torch.Size([256])	cuda:0	True
2024-01-01 00:02:28,258 - INFO - bert.transformer_blocks.2.norm2.bias	torch.Size([256])	cuda:0	True
2024-01-01 00:02:28,258 - INFO - bert.transformer_blocks.3.attention.linear_layers.0.weight	torch.Size([256, 256])	cuda:0	True
2024-01-01 00:02:28,258 - INFO - bert.transformer_blocks.3.attention.linear_layers.0.bias	torch.Size([256])	cuda:0	True
2024-01-01 00:02:28,258 - INFO - bert.transformer_blocks.3.attention.linear_layers.1.weight	torch.Size([256, 256])	cuda:0	True
2024-01-01 00:02:28,258 - INFO - bert.transformer_blocks.3.attention.linear_layers.1.bias	torch.Size([256])	cuda:0	True
2024-01-01 00:02:28,258 - INFO - bert.transformer_blocks.3.attention.linear_layers.2.weight	torch.Size([256, 256])	cuda:0	True
2024-01-01 00:02:28,258 - INFO - bert.transformer_blocks.3.attention.linear_layers.2.bias	torch.Size([256])	cuda:0	True
2024-01-01 00:02:28,259 - INFO - bert.transformer_blocks.3.attention.proj.weight	torch.Size([256, 256])	cuda:0	True
2024-01-01 00:02:28,259 - INFO - bert.transformer_blocks.3.attention.proj.bias	torch.Size([256])	cuda:0	True
2024-01-01 00:02:28,259 - INFO - bert.transformer_blocks.3.attention.temporal_mat_bias_1.weight	torch.Size([64, 1])	cuda:0	True
2024-01-01 00:02:28,259 - INFO - bert.transformer_blocks.3.attention.temporal_mat_bias_1.bias	torch.Size([64])	cuda:0	True
2024-01-01 00:02:28,259 - INFO - bert.transformer_blocks.3.attention.temporal_mat_bias_2.weight	torch.Size([1, 64])	cuda:0	True
2024-01-01 00:02:28,259 - INFO - bert.transformer_blocks.3.attention.temporal_mat_bias_2.bias	torch.Size([1])	cuda:0	True
2024-01-01 00:02:28,259 - INFO - bert.transformer_blocks.3.mlp.fc1.weight	torch.Size([1024, 256])	cuda:0	True
2024-01-01 00:02:28,259 - INFO - bert.transformer_blocks.3.mlp.fc1.bias	torch.Size([1024])	cuda:0	True
2024-01-01 00:02:28,259 - INFO - bert.transformer_blocks.3.mlp.fc2.weight	torch.Size([256, 1024])	cuda:0	True
2024-01-01 00:02:28,260 - INFO - bert.transformer_blocks.3.mlp.fc2.bias	torch.Size([256])	cuda:0	True
2024-01-01 00:02:28,260 - INFO - bert.transformer_blocks.3.norm1.weight	torch.Size([256])	cuda:0	True
2024-01-01 00:02:28,260 - INFO - bert.transformer_blocks.3.norm1.bias	torch.Size([256])	cuda:0	True
2024-01-01 00:02:28,260 - INFO - bert.transformer_blocks.3.norm2.weight	torch.Size([256])	cuda:0	True
2024-01-01 00:02:28,260 - INFO - bert.transformer_blocks.3.norm2.bias	torch.Size([256])	cuda:0	True
2024-01-01 00:02:28,260 - INFO - bert.transformer_blocks.4.attention.linear_layers.0.weight	torch.Size([256, 256])	cuda:0	True
2024-01-01 00:02:28,260 - INFO - bert.transformer_blocks.4.attention.linear_layers.0.bias	torch.Size([256])	cuda:0	True
2024-01-01 00:02:28,260 - INFO - bert.transformer_blocks.4.attention.linear_layers.1.weight	torch.Size([256, 256])	cuda:0	True
2024-01-01 00:02:28,261 - INFO - bert.transformer_blocks.4.attention.linear_layers.1.bias	torch.Size([256])	cuda:0	True
2024-01-01 00:02:28,261 - INFO - bert.transformer_blocks.4.attention.linear_layers.2.weight	torch.Size([256, 256])	cuda:0	True
2024-01-01 00:02:28,261 - INFO - bert.transformer_blocks.4.attention.linear_layers.2.bias	torch.Size([256])	cuda:0	True
2024-01-01 00:02:28,261 - INFO - bert.transformer_blocks.4.attention.proj.weight	torch.Size([256, 256])	cuda:0	True
2024-01-01 00:02:28,261 - INFO - bert.transformer_blocks.4.attention.proj.bias	torch.Size([256])	cuda:0	True
2024-01-01 00:02:28,261 - INFO - bert.transformer_blocks.4.attention.temporal_mat_bias_1.weight	torch.Size([64, 1])	cuda:0	True
2024-01-01 00:02:28,261 - INFO - bert.transformer_blocks.4.attention.temporal_mat_bias_1.bias	torch.Size([64])	cuda:0	True
2024-01-01 00:02:28,261 - INFO - bert.transformer_blocks.4.attention.temporal_mat_bias_2.weight	torch.Size([1, 64])	cuda:0	True
2024-01-01 00:02:28,261 - INFO - bert.transformer_blocks.4.attention.temporal_mat_bias_2.bias	torch.Size([1])	cuda:0	True
2024-01-01 00:02:28,262 - INFO - bert.transformer_blocks.4.mlp.fc1.weight	torch.Size([1024, 256])	cuda:0	True
2024-01-01 00:02:28,262 - INFO - bert.transformer_blocks.4.mlp.fc1.bias	torch.Size([1024])	cuda:0	True
2024-01-01 00:02:28,262 - INFO - bert.transformer_blocks.4.mlp.fc2.weight	torch.Size([256, 1024])	cuda:0	True
2024-01-01 00:02:28,262 - INFO - bert.transformer_blocks.4.mlp.fc2.bias	torch.Size([256])	cuda:0	True
2024-01-01 00:02:28,262 - INFO - bert.transformer_blocks.4.norm1.weight	torch.Size([256])	cuda:0	True
2024-01-01 00:02:28,262 - INFO - bert.transformer_blocks.4.norm1.bias	torch.Size([256])	cuda:0	True
2024-01-01 00:02:28,262 - INFO - bert.transformer_blocks.4.norm2.weight	torch.Size([256])	cuda:0	True
2024-01-01 00:02:28,263 - INFO - bert.transformer_blocks.4.norm2.bias	torch.Size([256])	cuda:0	True
2024-01-01 00:02:28,263 - INFO - bert.transformer_blocks.5.attention.linear_layers.0.weight	torch.Size([256, 256])	cuda:0	True
2024-01-01 00:02:28,263 - INFO - bert.transformer_blocks.5.attention.linear_layers.0.bias	torch.Size([256])	cuda:0	True
2024-01-01 00:02:28,263 - INFO - bert.transformer_blocks.5.attention.linear_layers.1.weight	torch.Size([256, 256])	cuda:0	True
2024-01-01 00:02:28,263 - INFO - bert.transformer_blocks.5.attention.linear_layers.1.bias	torch.Size([256])	cuda:0	True
2024-01-01 00:02:28,263 - INFO - bert.transformer_blocks.5.attention.linear_layers.2.weight	torch.Size([256, 256])	cuda:0	True
2024-01-01 00:02:28,263 - INFO - bert.transformer_blocks.5.attention.linear_layers.2.bias	torch.Size([256])	cuda:0	True
2024-01-01 00:02:28,263 - INFO - bert.transformer_blocks.5.attention.proj.weight	torch.Size([256, 256])	cuda:0	True
2024-01-01 00:02:28,264 - INFO - bert.transformer_blocks.5.attention.proj.bias	torch.Size([256])	cuda:0	True
2024-01-01 00:02:28,264 - INFO - bert.transformer_blocks.5.attention.temporal_mat_bias_1.weight	torch.Size([64, 1])	cuda:0	True
2024-01-01 00:02:28,264 - INFO - bert.transformer_blocks.5.attention.temporal_mat_bias_1.bias	torch.Size([64])	cuda:0	True
2024-01-01 00:02:28,264 - INFO - bert.transformer_blocks.5.attention.temporal_mat_bias_2.weight	torch.Size([1, 64])	cuda:0	True
2024-01-01 00:02:28,264 - INFO - bert.transformer_blocks.5.attention.temporal_mat_bias_2.bias	torch.Size([1])	cuda:0	True
2024-01-01 00:02:28,264 - INFO - bert.transformer_blocks.5.mlp.fc1.weight	torch.Size([1024, 256])	cuda:0	True
2024-01-01 00:02:28,264 - INFO - bert.transformer_blocks.5.mlp.fc1.bias	torch.Size([1024])	cuda:0	True
2024-01-01 00:02:28,264 - INFO - bert.transformer_blocks.5.mlp.fc2.weight	torch.Size([256, 1024])	cuda:0	True
2024-01-01 00:02:28,264 - INFO - bert.transformer_blocks.5.mlp.fc2.bias	torch.Size([256])	cuda:0	True
2024-01-01 00:02:28,265 - INFO - bert.transformer_blocks.5.norm1.weight	torch.Size([256])	cuda:0	True
2024-01-01 00:02:28,265 - INFO - bert.transformer_blocks.5.norm1.bias	torch.Size([256])	cuda:0	True
2024-01-01 00:02:28,265 - INFO - bert.transformer_blocks.5.norm2.weight	torch.Size([256])	cuda:0	True
2024-01-01 00:02:28,265 - INFO - bert.transformer_blocks.5.norm2.bias	torch.Size([256])	cuda:0	True
2024-01-01 00:02:28,265 - INFO - mask_l.linear.weight	torch.Size([27313, 256])	cuda:0	True
2024-01-01 00:02:28,265 - INFO - mask_l.linear.bias	torch.Size([27313])	cuda:0	True
2024-01-01 00:02:28,265 - INFO - pooler.linear.dense.weight	torch.Size([256, 256])	cuda:0	True
2024-01-01 00:02:28,265 - INFO - pooler.linear.dense.bias	torch.Size([256])	cuda:0	True
2024-01-01 00:02:28,266 - INFO - Total parameter numbers: 12406455
2024-01-01 00:02:28,266 - INFO - You select `adamw` optimizer.
2024-01-01 00:02:28,268 - INFO - You select `cosinelr` lr_scheduler.
2024-01-01 00:02:28,271 - INFO - Start training ...
2024-01-01 00:02:28,271 - INFO - Num_batches: train=1314, eval=438
2024-01-01 00:02:29,224 - INFO - {'mode': 'Train', 'epoch': 0, 'iter': 0, 'lr': 1e-06, 'Loc acc(%)': 0.0, 'MLM loss': 10.395683288574219, 'Contrastive loss': 0.13149099051952362, 'align_loss': 32.58782958984375, 'uniform_loss': -inf}
2024-01-01 00:04:45,860 - INFO - {'mode': 'Train', 'epoch': 0, 'iter': 500, 'lr': 1e-06, 'Loc acc(%)': 0.0043496226702333576, 'MLM loss': 10.336143493652344, 'Contrastive loss': 0.05972420424222946, 'align_loss': 36.77864074707031, 'uniform_loss': -inf}
2024-01-01 00:07:08,078 - INFO - {'mode': 'Train', 'epoch': 0, 'iter': 1000, 'lr': 1e-06, 'Loc acc(%)': 0.005493237824238362, 'MLM loss': 10.365955352783203, 'Contrastive loss': 0.012941362336277962, 'align_loss': 32.35580825805664, 'uniform_loss': -inf}
2024-01-01 00:08:38,961 - INFO - Train: expid = 196243, Epoch = 0, avg_loss = 6.2594532563806125, total_loc_acc = 0.005858721124874456%.
2024-01-01 00:08:38,962 - INFO - epoch complete!
2024-01-01 00:08:38,962 - INFO - evaluating now!
2024-01-01 00:08:39,060 - INFO - {'mode': 'Train', 'epoch': 0, 'iter': 0, 'lr': 1e-06, 'Loc acc(%)': 0.0, 'MLM loss': 10.440325736999512, 'Contrastive loss': 0.00031290651531890035, 'align_loss': 4.45249270342174e-07, 'uniform_loss': -82.7724609375}
2024-01-01 00:09:22,851 - INFO - Eval: expid = 196243, Epoch = 0, avg_loss = 6.205565469994393, total_loc_acc = 0.005025251890751024%.
2024-01-01 00:09:22,852 - INFO - Epoch [0/1] (1314)  train_loss: 6.2595, val_loss: 6.2056, lr: 0.000051, 414.58s
2024-01-01 00:09:23,203 - INFO - Saved model at 0
2024-01-01 00:09:23,204 - INFO - Val loss decrease from inf to 6.2056, saving to ./libcity/cache/196243/model_cache/BERTContrastiveLM_bj_epoch0.tar
2024-01-01 00:09:23,204 - INFO - Trained totally 1 epochs, average train time is 370.691s, average eval time is 43.890s
2024-01-01 00:09:23,339 - INFO - Loaded model at 0
2024-01-01 00:09:23,417 - INFO - Save png at ./libcity/cache/196243/196243_loss.png
2024-01-01 00:09:23,479 - INFO - Save png at ./libcity/cache/196243/196243_acc.png
2024-01-01 00:09:23,536 - INFO - Save png at ./libcity/cache/196243/196243_lr.png
2024-01-01 00:09:23,814 - INFO - Saved model at ./libcity/cache/196243/model_cache/196243_BERTContrastiveLM_bj.pt
2024-01-01 00:09:23,815 - INFO - Start evaluating ...
2024-01-01 00:09:23,915 - INFO - {'mode': 'Train', 'epoch': 0, 'iter': 0, 'lr': 5.075e-05, 'Loc acc(%)': 0.0, 'MLM loss': 10.281808853149414, 'Contrastive loss': 0.0001944826217368245, 'align_loss': 6.386059112628573e-07, 'uniform_loss': -85.01264953613281}
2024-01-01 00:10:10,478 - INFO - Test: expid = 196243, Epoch = 0, avg_loss = 6.204397349597112, total_loc_acc = 0.01238390092879257%.
2024-01-01 00:10:10,479 - INFO - Evaluate result is {
 "Precision@1": 0.0001238390092879257,
 "Recall@1": 0.0001238390092879257,
 "F1@1": 0.0001238390092879257,
 "MRR@1": 0.0001238390092879257,
 "MAP@1": 0.0001238390092879257,
 "NDCG@1": 0.0001238390092879257,
 "Precision@5": 7.430340557275542e-05,
 "Recall@5": 0.00037151702786377707,
 "F1@5": 0.0001238390092879257,
 "MRR@5": 0.0002068111455108359,
 "MAP@5": 0.0002068111455108359,
 "NDCG@5": 0.0002472823341298177,
 "Precision@10": 5.9442724458204335e-05,
 "Recall@10": 0.0005944272445820433,
 "F1@10": 0.00010807768083309879,
 "MRR@10": 0.0002352154897046538,
 "MAP@10": 0.0002352154897046538,
 "NDCG@10": 0.00031806681933110745
}
2024-01-01 00:10:10,480 - INFO - Evaluate result is saved at ./libcity/cache/196243/evaluate_cache\196243_2024_01_01_00_10_10_BERTContrastiveLM_bj.json
2024-01-01 00:10:10,483 - INFO - Evaluate result is saved at ./libcity/cache/196243/evaluate_cache\196243_2024_01_01_00_10_10_BERTContrastiveLM_bj.csv
2024-01-01 00:10:10,489 - INFO - 
    Precision    Recall        F1       MRR      NDCG
1    0.000124  0.000124  0.000124  0.000124  0.000124
5    0.000074  0.000372  0.000124  0.000207  0.000247
10   0.000059  0.000594  0.000108  0.000235  0.000318
2024-01-01 00:10:10,490 - INFO - Test time 46.67486643791199s.
