2023-12-31 01:00:54,206 - INFO - Log directory: ./libcity/log
2023-12-31 01:00:54,206 - INFO - Begin pretrain-pipeline, task=trajectory_embedding, model_name=BERTContrastiveLM, dataset_name=bj, exp_id=360273
2023-12-31 01:00:54,206 - INFO - {'task': 'trajectory_embedding', 'model': 'BERTContrastiveLM', 'dataset': 'bj', 'saved_model': True, 'train': True, 'gpu': True, 'gpu_id': 0, 'distribution': 'geometric', 'avg_mask_len': 2, 'pretrain_path': 'libcity/cache/520862/model_cache/520862_BERTContrastiveLM_bj.pt', 'contra_ratio': 0.4, 'mlm_ratio': 0.6, 'split': True, 'config': 'bj', 'n_layers': 6, 'd_model': 256, 'attn_heads': 8, 'max_epoch': 30, 'batch_size': 8, 'grad_accmu_steps': 1, 'learning_rate': 0.0002, 'roadnetwork': 'bj_roadmap_edge_bj_True_1_merge', 'geo_file': 'bj_roadmap_edge_bj_True_1_merge_withdegree', 'rel_file': 'bj_roadmap_edge_bj_True_1_merge_withdegree', 'merge': True, 'min_freq': 1, 'seq_len': 128, 'test_every': 50, 'temperature': 0.05, 'contra_loss_type': 'simclr', 'classify_label': 'vflag', 'type_ln': 'post', 'add_cls': True, 'add_time_in_day': True, 'add_day_in_week': True, 'add_pe': True, 'add_temporal_bias': True, 'temporal_bias_dim': 64, 'use_mins_interval': False, 'add_gat': True, 'gat_heads_per_layer': [8, 16, 1], 'gat_features_per_layer': [16, 16, 256], 'gat_dropout': 0.1, 'gat_K': 1, 'gat_avg_last': True, 'load_trans_prob': True, 'append_degree2gcn': True, 'normal_feature': False, 'pooling': 'cls', 'dataset_class': 'ContrastiveSplitLMDataset', 'executor': 'ContrastiveSplitMLMExecutor', 'evaluator': 'ClassificationEvaluator', 'num_workers': 0, 'vocab_path': None, 'masking_ratio': 0.15, 'masking_mode': 'together', 'mlp_ratio': 4, 'pretrain_road_emb': None, 'future_mask': False, 'load_node2vec': False, 'dropout': 0.1, 'drop_path': 0.3, 'attn_drop': 0.1, 'seed': 0, 'learner': 'adamw', 'lr_eta_min': 0, 'lr_warmup_epoch': 4, 'lr_warmup_init': 1e-06, 'lr_decay': True, 'lr_scheduler': 'cosinelr', 'lr_decay_ratio': 0.1, 't_in_epochs': True, 'clip_grad_norm': True, 'max_grad_norm': 5, 'use_early_stop': True, 'patience': 10, 'log_batch': 500, 'log_every': 1, 'l2_reg': None, 'n_views': 2, 'similarity': 'cosine', 'data_argument1': [], 'data_argument2': [], 'cutoff_row_rate': 0.2, 'cutoff_column_rate': 0.2, 'cutoff_random_rate': 0.2, 'sample_rate': 0.2, 'align_w': 1.0, 'unif_w': 1.0, 'align_alpha': 2, 'unif_t': 2, 'train_align_uniform': False, 'test_align_uniform': True, 'norm_align_uniform': False, 'bidir_adj_mx': False, 'out_data_argument1': None, 'out_data_argument2': None, 'metrics': ['Precision', 'Recall', 'F1', 'MRR', 'NDCG'], 'save_modes': ['csv', 'json'], 'topk': [1, 5, 10], 'device': device(type='cuda', index=0), 'exp_id': 360273}
2023-12-31 01:00:54,707 - INFO - Loading Vocab from raw_data/vocab_bj_True_1_merge.pkl
2023-12-31 01:00:54,707 - INFO - vocab_path=raw_data/vocab_bj_True_1_merge.pkl, usr_num=6, vocab_size=11573
2023-12-31 01:00:54,738 - INFO - Loaded file bj_roadmap_edge_bj_True_1_merge_withdegree.geo, num_nodes=11569
2023-12-31 01:00:55,003 - INFO - Loaded file bj_roadmap_edge_bj_True_1_merge_withdegree.rel, shape=(11569, 11569), edges=16105.0
2023-12-31 01:00:55,003 - INFO - node_features: (11569, 38)
2023-12-31 01:00:55,911 - INFO - node_features_encoded: torch.Size([11573, 38])
2023-12-31 01:00:55,958 - INFO - edge_index: torch.Size([2, 27677])
2023-12-31 01:00:55,958 - INFO - Trajectory loc-transfer prob shape=torch.Size([27677, 1])
2023-12-31 01:00:55,958 - INFO - Loading Dataset!
2023-12-31 01:00:55,958 - INFO - Load dataset from raw_data/bj/cache_bj_train_True_True_1.pkl
2023-12-31 01:00:55,958 - INFO - Init TrajectoryProcessingDatasetSplitLM!
2023-12-31 01:00:55,989 - INFO - Load dataset from raw_data/bj/cache_bj_train_True_True_1.pkl, raw_data/bj/cache_bj_train_True_True_1.pkl
2023-12-31 01:00:55,989 - INFO - Load dataset from raw_data/bj/cache_bj_eval_True_True_1.pkl
2023-12-31 01:00:55,989 - INFO - Init TrajectoryProcessingDatasetSplitLM!
2023-12-31 01:00:55,989 - INFO - Load dataset from raw_data/bj/cache_bj_eval_True_True_1.pkl, raw_data/bj/cache_bj_eval_True_True_1.pkl
2023-12-31 01:00:56,005 - INFO - Load dataset from raw_data/bj/cache_bj_test_True_True_1.pkl
2023-12-31 01:00:56,005 - INFO - Init TrajectoryProcessingDatasetSplitLM!
2023-12-31 01:00:56,005 - INFO - Load dataset from raw_data/bj/cache_bj_test_True_True_1.pkl, raw_data/bj/cache_bj_test_True_True_1.pkl
2023-12-31 01:00:56,005 - INFO - Size of dataset: 599/200/200
2023-12-31 01:00:56,005 - INFO - Creating Dataloader!
2023-12-31 01:00:56,005 - INFO - Building BERTContrastiveLM model
2023-12-31 01:00:56,067 - INFO - Building BERTPooler model
2023-12-31 01:00:56,662 - INFO - BERTContrastiveLM(
  (bert): BERT(
    (embedding): BERTEmbedding(
      (token_embedding): GAT(
        (gat_net): Sequential(
          (0): GATLayerImp3(
            (linear_proj): Linear(in_features=38, out_features=128, bias=False)
            (linear_proj_tran_prob): Linear(in_features=1, out_features=128, bias=False)
            (skip_proj): Linear(in_features=38, out_features=128, bias=False)
            (leakyReLU): LeakyReLU(negative_slope=0.2)
            (softmax): Softmax(dim=-1)
            (activation): ELU(alpha=1.0)
            (dropout): Dropout(p=0.1, inplace=False)
          )
          (1): GATLayerImp3(
            (linear_proj): Linear(in_features=128, out_features=256, bias=False)
            (linear_proj_tran_prob): Linear(in_features=1, out_features=256, bias=False)
            (skip_proj): Linear(in_features=128, out_features=256, bias=False)
            (leakyReLU): LeakyReLU(negative_slope=0.2)
            (softmax): Softmax(dim=-1)
            (activation): ELU(alpha=1.0)
            (dropout): Dropout(p=0.1, inplace=False)
          )
          (2): GATLayerImp3(
            (linear_proj): Linear(in_features=256, out_features=256, bias=False)
            (linear_proj_tran_prob): Linear(in_features=1, out_features=256, bias=False)
            (skip_proj): Linear(in_features=256, out_features=256, bias=False)
            (leakyReLU): LeakyReLU(negative_slope=0.2)
            (softmax): Softmax(dim=-1)
            (dropout): Dropout(p=0.1, inplace=False)
          )
        )
      )
      (position_embedding): PositionalEmbedding()
      (daytime_embedding): Embedding(1441, 256, padding_idx=0)
      (weekday_embedding): Embedding(8, 256, padding_idx=0)
      (dropout): Dropout(p=0.1, inplace=False)
    )
    (transformer_blocks): ModuleList(
      (0): TransformerBlock(
        (attention): MultiHeadedAttention(
          (linear_layers): ModuleList(
            (0): Linear(in_features=256, out_features=256, bias=True)
            (1): Linear(in_features=256, out_features=256, bias=True)
            (2): Linear(in_features=256, out_features=256, bias=True)
          )
          (dropout): Dropout(p=0.1, inplace=False)
          (proj): Linear(in_features=256, out_features=256, bias=True)
          (proj_drop): Dropout(p=0.1, inplace=False)
          (temporal_mat_bias_1): Linear(in_features=1, out_features=64, bias=True)
          (temporal_mat_bias_2): Linear(in_features=64, out_features=1, bias=True)
        )
        (mlp): Mlp(
          (fc1): Linear(in_features=256, out_features=1024, bias=True)
          (act): GELU()
          (fc2): Linear(in_features=1024, out_features=256, bias=True)
          (drop): Dropout(p=0.1, inplace=False)
        )
        (norm1): LayerNorm((256,), eps=1e-05, elementwise_affine=True)
        (norm2): LayerNorm((256,), eps=1e-05, elementwise_affine=True)
        (drop_path): Identity()
      )
      (1): TransformerBlock(
        (attention): MultiHeadedAttention(
          (linear_layers): ModuleList(
            (0): Linear(in_features=256, out_features=256, bias=True)
            (1): Linear(in_features=256, out_features=256, bias=True)
            (2): Linear(in_features=256, out_features=256, bias=True)
          )
          (dropout): Dropout(p=0.1, inplace=False)
          (proj): Linear(in_features=256, out_features=256, bias=True)
          (proj_drop): Dropout(p=0.1, inplace=False)
          (temporal_mat_bias_1): Linear(in_features=1, out_features=64, bias=True)
          (temporal_mat_bias_2): Linear(in_features=64, out_features=1, bias=True)
        )
        (mlp): Mlp(
          (fc1): Linear(in_features=256, out_features=1024, bias=True)
          (act): GELU()
          (fc2): Linear(in_features=1024, out_features=256, bias=True)
          (drop): Dropout(p=0.1, inplace=False)
        )
        (norm1): LayerNorm((256,), eps=1e-05, elementwise_affine=True)
        (norm2): LayerNorm((256,), eps=1e-05, elementwise_affine=True)
        (drop_path): DropPath()
      )
      (2): TransformerBlock(
        (attention): MultiHeadedAttention(
          (linear_layers): ModuleList(
            (0): Linear(in_features=256, out_features=256, bias=True)
            (1): Linear(in_features=256, out_features=256, bias=True)
            (2): Linear(in_features=256, out_features=256, bias=True)
          )
          (dropout): Dropout(p=0.1, inplace=False)
          (proj): Linear(in_features=256, out_features=256, bias=True)
          (proj_drop): Dropout(p=0.1, inplace=False)
          (temporal_mat_bias_1): Linear(in_features=1, out_features=64, bias=True)
          (temporal_mat_bias_2): Linear(in_features=64, out_features=1, bias=True)
        )
        (mlp): Mlp(
          (fc1): Linear(in_features=256, out_features=1024, bias=True)
          (act): GELU()
          (fc2): Linear(in_features=1024, out_features=256, bias=True)
          (drop): Dropout(p=0.1, inplace=False)
        )
        (norm1): LayerNorm((256,), eps=1e-05, elementwise_affine=True)
        (norm2): LayerNorm((256,), eps=1e-05, elementwise_affine=True)
        (drop_path): DropPath()
      )
      (3): TransformerBlock(
        (attention): MultiHeadedAttention(
          (linear_layers): ModuleList(
            (0): Linear(in_features=256, out_features=256, bias=True)
            (1): Linear(in_features=256, out_features=256, bias=True)
            (2): Linear(in_features=256, out_features=256, bias=True)
          )
          (dropout): Dropout(p=0.1, inplace=False)
          (proj): Linear(in_features=256, out_features=256, bias=True)
          (proj_drop): Dropout(p=0.1, inplace=False)
          (temporal_mat_bias_1): Linear(in_features=1, out_features=64, bias=True)
          (temporal_mat_bias_2): Linear(in_features=64, out_features=1, bias=True)
        )
        (mlp): Mlp(
          (fc1): Linear(in_features=256, out_features=1024, bias=True)
          (act): GELU()
          (fc2): Linear(in_features=1024, out_features=256, bias=True)
          (drop): Dropout(p=0.1, inplace=False)
        )
        (norm1): LayerNorm((256,), eps=1e-05, elementwise_affine=True)
        (norm2): LayerNorm((256,), eps=1e-05, elementwise_affine=True)
        (drop_path): DropPath()
      )
      (4): TransformerBlock(
        (attention): MultiHeadedAttention(
          (linear_layers): ModuleList(
            (0): Linear(in_features=256, out_features=256, bias=True)
            (1): Linear(in_features=256, out_features=256, bias=True)
            (2): Linear(in_features=256, out_features=256, bias=True)
          )
          (dropout): Dropout(p=0.1, inplace=False)
          (proj): Linear(in_features=256, out_features=256, bias=True)
          (proj_drop): Dropout(p=0.1, inplace=False)
          (temporal_mat_bias_1): Linear(in_features=1, out_features=64, bias=True)
          (temporal_mat_bias_2): Linear(in_features=64, out_features=1, bias=True)
        )
        (mlp): Mlp(
          (fc1): Linear(in_features=256, out_features=1024, bias=True)
          (act): GELU()
          (fc2): Linear(in_features=1024, out_features=256, bias=True)
          (drop): Dropout(p=0.1, inplace=False)
        )
        (norm1): LayerNorm((256,), eps=1e-05, elementwise_affine=True)
        (norm2): LayerNorm((256,), eps=1e-05, elementwise_affine=True)
        (drop_path): DropPath()
      )
      (5): TransformerBlock(
        (attention): MultiHeadedAttention(
          (linear_layers): ModuleList(
            (0): Linear(in_features=256, out_features=256, bias=True)
            (1): Linear(in_features=256, out_features=256, bias=True)
            (2): Linear(in_features=256, out_features=256, bias=True)
          )
          (dropout): Dropout(p=0.1, inplace=False)
          (proj): Linear(in_features=256, out_features=256, bias=True)
          (proj_drop): Dropout(p=0.1, inplace=False)
          (temporal_mat_bias_1): Linear(in_features=1, out_features=64, bias=True)
          (temporal_mat_bias_2): Linear(in_features=64, out_features=1, bias=True)
        )
        (mlp): Mlp(
          (fc1): Linear(in_features=256, out_features=1024, bias=True)
          (act): GELU()
          (fc2): Linear(in_features=1024, out_features=256, bias=True)
          (drop): Dropout(p=0.1, inplace=False)
        )
        (norm1): LayerNorm((256,), eps=1e-05, elementwise_affine=True)
        (norm2): LayerNorm((256,), eps=1e-05, elementwise_affine=True)
        (drop_path): DropPath()
      )
    )
  )
  (mask_l): MaskedLanguageModel(
    (linear): Linear(in_features=256, out_features=11573, bias=True)
    (softmax): LogSoftmax(dim=-1)
  )
  (pooler): BERTPooler(
    (linear): MLPLayer(
      (dense): Linear(in_features=256, out_features=256, bias=True)
      (activation): Tanh()
    )
  )
)
2023-12-31 01:00:56,662 - INFO - bert.embedding.token_embedding.gat_net.0.scoring_fn_target	torch.Size([1, 8, 16])	cuda:0	True
2023-12-31 01:00:56,662 - INFO - bert.embedding.token_embedding.gat_net.0.scoring_fn_source	torch.Size([1, 8, 16])	cuda:0	True
2023-12-31 01:00:56,662 - INFO - bert.embedding.token_embedding.gat_net.0.scoring_trans_prob	torch.Size([1, 8, 16])	cuda:0	True
2023-12-31 01:00:56,678 - INFO - bert.embedding.token_embedding.gat_net.0.bias	torch.Size([128])	cuda:0	True
2023-12-31 01:00:56,678 - INFO - bert.embedding.token_embedding.gat_net.0.linear_proj.weight	torch.Size([128, 38])	cuda:0	True
2023-12-31 01:00:56,678 - INFO - bert.embedding.token_embedding.gat_net.0.linear_proj_tran_prob.weight	torch.Size([128, 1])	cuda:0	True
2023-12-31 01:00:56,678 - INFO - bert.embedding.token_embedding.gat_net.0.skip_proj.weight	torch.Size([128, 38])	cuda:0	True
2023-12-31 01:00:56,678 - INFO - bert.embedding.token_embedding.gat_net.1.scoring_fn_target	torch.Size([1, 16, 16])	cuda:0	True
2023-12-31 01:00:56,678 - INFO - bert.embedding.token_embedding.gat_net.1.scoring_fn_source	torch.Size([1, 16, 16])	cuda:0	True
2023-12-31 01:00:56,678 - INFO - bert.embedding.token_embedding.gat_net.1.scoring_trans_prob	torch.Size([1, 16, 16])	cuda:0	True
2023-12-31 01:00:56,678 - INFO - bert.embedding.token_embedding.gat_net.1.bias	torch.Size([256])	cuda:0	True
2023-12-31 01:00:56,678 - INFO - bert.embedding.token_embedding.gat_net.1.linear_proj.weight	torch.Size([256, 128])	cuda:0	True
2023-12-31 01:00:56,678 - INFO - bert.embedding.token_embedding.gat_net.1.linear_proj_tran_prob.weight	torch.Size([256, 1])	cuda:0	True
2023-12-31 01:00:56,678 - INFO - bert.embedding.token_embedding.gat_net.1.skip_proj.weight	torch.Size([256, 128])	cuda:0	True
2023-12-31 01:00:56,678 - INFO - bert.embedding.token_embedding.gat_net.2.scoring_fn_target	torch.Size([1, 1, 256])	cuda:0	True
2023-12-31 01:00:56,678 - INFO - bert.embedding.token_embedding.gat_net.2.scoring_fn_source	torch.Size([1, 1, 256])	cuda:0	True
2023-12-31 01:00:56,678 - INFO - bert.embedding.token_embedding.gat_net.2.scoring_trans_prob	torch.Size([1, 1, 256])	cuda:0	True
2023-12-31 01:00:56,678 - INFO - bert.embedding.token_embedding.gat_net.2.bias	torch.Size([256])	cuda:0	True
2023-12-31 01:00:56,678 - INFO - bert.embedding.token_embedding.gat_net.2.linear_proj.weight	torch.Size([256, 256])	cuda:0	True
2023-12-31 01:00:56,678 - INFO - bert.embedding.token_embedding.gat_net.2.linear_proj_tran_prob.weight	torch.Size([256, 1])	cuda:0	True
2023-12-31 01:00:56,678 - INFO - bert.embedding.token_embedding.gat_net.2.skip_proj.weight	torch.Size([256, 256])	cuda:0	True
2023-12-31 01:00:56,678 - INFO - bert.embedding.daytime_embedding.weight	torch.Size([1441, 256])	cuda:0	True
2023-12-31 01:00:56,678 - INFO - bert.embedding.weekday_embedding.weight	torch.Size([8, 256])	cuda:0	True
2023-12-31 01:00:56,678 - INFO - bert.transformer_blocks.0.attention.linear_layers.0.weight	torch.Size([256, 256])	cuda:0	True
2023-12-31 01:00:56,678 - INFO - bert.transformer_blocks.0.attention.linear_layers.0.bias	torch.Size([256])	cuda:0	True
2023-12-31 01:00:56,678 - INFO - bert.transformer_blocks.0.attention.linear_layers.1.weight	torch.Size([256, 256])	cuda:0	True
2023-12-31 01:00:56,678 - INFO - bert.transformer_blocks.0.attention.linear_layers.1.bias	torch.Size([256])	cuda:0	True
2023-12-31 01:00:56,678 - INFO - bert.transformer_blocks.0.attention.linear_layers.2.weight	torch.Size([256, 256])	cuda:0	True
2023-12-31 01:00:56,678 - INFO - bert.transformer_blocks.0.attention.linear_layers.2.bias	torch.Size([256])	cuda:0	True
2023-12-31 01:00:56,678 - INFO - bert.transformer_blocks.0.attention.proj.weight	torch.Size([256, 256])	cuda:0	True
2023-12-31 01:00:56,678 - INFO - bert.transformer_blocks.0.attention.proj.bias	torch.Size([256])	cuda:0	True
2023-12-31 01:00:56,678 - INFO - bert.transformer_blocks.0.attention.temporal_mat_bias_1.weight	torch.Size([64, 1])	cuda:0	True
2023-12-31 01:00:56,678 - INFO - bert.transformer_blocks.0.attention.temporal_mat_bias_1.bias	torch.Size([64])	cuda:0	True
2023-12-31 01:00:56,678 - INFO - bert.transformer_blocks.0.attention.temporal_mat_bias_2.weight	torch.Size([1, 64])	cuda:0	True
2023-12-31 01:00:56,678 - INFO - bert.transformer_blocks.0.attention.temporal_mat_bias_2.bias	torch.Size([1])	cuda:0	True
2023-12-31 01:00:56,678 - INFO - bert.transformer_blocks.0.mlp.fc1.weight	torch.Size([1024, 256])	cuda:0	True
2023-12-31 01:00:56,678 - INFO - bert.transformer_blocks.0.mlp.fc1.bias	torch.Size([1024])	cuda:0	True
2023-12-31 01:00:56,678 - INFO - bert.transformer_blocks.0.mlp.fc2.weight	torch.Size([256, 1024])	cuda:0	True
2023-12-31 01:00:56,678 - INFO - bert.transformer_blocks.0.mlp.fc2.bias	torch.Size([256])	cuda:0	True
2023-12-31 01:00:56,678 - INFO - bert.transformer_blocks.0.norm1.weight	torch.Size([256])	cuda:0	True
2023-12-31 01:00:56,678 - INFO - bert.transformer_blocks.0.norm1.bias	torch.Size([256])	cuda:0	True
2023-12-31 01:00:56,678 - INFO - bert.transformer_blocks.0.norm2.weight	torch.Size([256])	cuda:0	True
2023-12-31 01:00:56,678 - INFO - bert.transformer_blocks.0.norm2.bias	torch.Size([256])	cuda:0	True
2023-12-31 01:00:56,678 - INFO - bert.transformer_blocks.1.attention.linear_layers.0.weight	torch.Size([256, 256])	cuda:0	True
2023-12-31 01:00:56,678 - INFO - bert.transformer_blocks.1.attention.linear_layers.0.bias	torch.Size([256])	cuda:0	True
2023-12-31 01:00:56,678 - INFO - bert.transformer_blocks.1.attention.linear_layers.1.weight	torch.Size([256, 256])	cuda:0	True
2023-12-31 01:00:56,678 - INFO - bert.transformer_blocks.1.attention.linear_layers.1.bias	torch.Size([256])	cuda:0	True
2023-12-31 01:00:56,678 - INFO - bert.transformer_blocks.1.attention.linear_layers.2.weight	torch.Size([256, 256])	cuda:0	True
2023-12-31 01:00:56,678 - INFO - bert.transformer_blocks.1.attention.linear_layers.2.bias	torch.Size([256])	cuda:0	True
2023-12-31 01:00:56,678 - INFO - bert.transformer_blocks.1.attention.proj.weight	torch.Size([256, 256])	cuda:0	True
2023-12-31 01:00:56,678 - INFO - bert.transformer_blocks.1.attention.proj.bias	torch.Size([256])	cuda:0	True
2023-12-31 01:00:56,678 - INFO - bert.transformer_blocks.1.attention.temporal_mat_bias_1.weight	torch.Size([64, 1])	cuda:0	True
2023-12-31 01:00:56,678 - INFO - bert.transformer_blocks.1.attention.temporal_mat_bias_1.bias	torch.Size([64])	cuda:0	True
2023-12-31 01:00:56,678 - INFO - bert.transformer_blocks.1.attention.temporal_mat_bias_2.weight	torch.Size([1, 64])	cuda:0	True
2023-12-31 01:00:56,678 - INFO - bert.transformer_blocks.1.attention.temporal_mat_bias_2.bias	torch.Size([1])	cuda:0	True
2023-12-31 01:00:56,678 - INFO - bert.transformer_blocks.1.mlp.fc1.weight	torch.Size([1024, 256])	cuda:0	True
2023-12-31 01:00:56,678 - INFO - bert.transformer_blocks.1.mlp.fc1.bias	torch.Size([1024])	cuda:0	True
2023-12-31 01:00:56,678 - INFO - bert.transformer_blocks.1.mlp.fc2.weight	torch.Size([256, 1024])	cuda:0	True
2023-12-31 01:00:56,678 - INFO - bert.transformer_blocks.1.mlp.fc2.bias	torch.Size([256])	cuda:0	True
2023-12-31 01:00:56,678 - INFO - bert.transformer_blocks.1.norm1.weight	torch.Size([256])	cuda:0	True
2023-12-31 01:00:56,678 - INFO - bert.transformer_blocks.1.norm1.bias	torch.Size([256])	cuda:0	True
2023-12-31 01:00:56,678 - INFO - bert.transformer_blocks.1.norm2.weight	torch.Size([256])	cuda:0	True
2023-12-31 01:00:56,678 - INFO - bert.transformer_blocks.1.norm2.bias	torch.Size([256])	cuda:0	True
2023-12-31 01:00:56,678 - INFO - bert.transformer_blocks.2.attention.linear_layers.0.weight	torch.Size([256, 256])	cuda:0	True
2023-12-31 01:00:56,678 - INFO - bert.transformer_blocks.2.attention.linear_layers.0.bias	torch.Size([256])	cuda:0	True
2023-12-31 01:00:56,678 - INFO - bert.transformer_blocks.2.attention.linear_layers.1.weight	torch.Size([256, 256])	cuda:0	True
2023-12-31 01:00:56,678 - INFO - bert.transformer_blocks.2.attention.linear_layers.1.bias	torch.Size([256])	cuda:0	True
2023-12-31 01:00:56,678 - INFO - bert.transformer_blocks.2.attention.linear_layers.2.weight	torch.Size([256, 256])	cuda:0	True
2023-12-31 01:00:56,678 - INFO - bert.transformer_blocks.2.attention.linear_layers.2.bias	torch.Size([256])	cuda:0	True
2023-12-31 01:00:56,678 - INFO - bert.transformer_blocks.2.attention.proj.weight	torch.Size([256, 256])	cuda:0	True
2023-12-31 01:00:56,678 - INFO - bert.transformer_blocks.2.attention.proj.bias	torch.Size([256])	cuda:0	True
2023-12-31 01:00:56,678 - INFO - bert.transformer_blocks.2.attention.temporal_mat_bias_1.weight	torch.Size([64, 1])	cuda:0	True
2023-12-31 01:00:56,678 - INFO - bert.transformer_blocks.2.attention.temporal_mat_bias_1.bias	torch.Size([64])	cuda:0	True
2023-12-31 01:00:56,678 - INFO - bert.transformer_blocks.2.attention.temporal_mat_bias_2.weight	torch.Size([1, 64])	cuda:0	True
2023-12-31 01:00:56,678 - INFO - bert.transformer_blocks.2.attention.temporal_mat_bias_2.bias	torch.Size([1])	cuda:0	True
2023-12-31 01:00:56,678 - INFO - bert.transformer_blocks.2.mlp.fc1.weight	torch.Size([1024, 256])	cuda:0	True
2023-12-31 01:00:56,678 - INFO - bert.transformer_blocks.2.mlp.fc1.bias	torch.Size([1024])	cuda:0	True
2023-12-31 01:00:56,678 - INFO - bert.transformer_blocks.2.mlp.fc2.weight	torch.Size([256, 1024])	cuda:0	True
2023-12-31 01:00:56,678 - INFO - bert.transformer_blocks.2.mlp.fc2.bias	torch.Size([256])	cuda:0	True
2023-12-31 01:00:56,678 - INFO - bert.transformer_blocks.2.norm1.weight	torch.Size([256])	cuda:0	True
2023-12-31 01:00:56,678 - INFO - bert.transformer_blocks.2.norm1.bias	torch.Size([256])	cuda:0	True
2023-12-31 01:00:56,678 - INFO - bert.transformer_blocks.2.norm2.weight	torch.Size([256])	cuda:0	True
2023-12-31 01:00:56,678 - INFO - bert.transformer_blocks.2.norm2.bias	torch.Size([256])	cuda:0	True
2023-12-31 01:00:56,678 - INFO - bert.transformer_blocks.3.attention.linear_layers.0.weight	torch.Size([256, 256])	cuda:0	True
2023-12-31 01:00:56,678 - INFO - bert.transformer_blocks.3.attention.linear_layers.0.bias	torch.Size([256])	cuda:0	True
2023-12-31 01:00:56,678 - INFO - bert.transformer_blocks.3.attention.linear_layers.1.weight	torch.Size([256, 256])	cuda:0	True
2023-12-31 01:00:56,678 - INFO - bert.transformer_blocks.3.attention.linear_layers.1.bias	torch.Size([256])	cuda:0	True
2023-12-31 01:00:56,678 - INFO - bert.transformer_blocks.3.attention.linear_layers.2.weight	torch.Size([256, 256])	cuda:0	True
2023-12-31 01:00:56,678 - INFO - bert.transformer_blocks.3.attention.linear_layers.2.bias	torch.Size([256])	cuda:0	True
2023-12-31 01:00:56,678 - INFO - bert.transformer_blocks.3.attention.proj.weight	torch.Size([256, 256])	cuda:0	True
2023-12-31 01:00:56,678 - INFO - bert.transformer_blocks.3.attention.proj.bias	torch.Size([256])	cuda:0	True
2023-12-31 01:00:56,678 - INFO - bert.transformer_blocks.3.attention.temporal_mat_bias_1.weight	torch.Size([64, 1])	cuda:0	True
2023-12-31 01:00:56,678 - INFO - bert.transformer_blocks.3.attention.temporal_mat_bias_1.bias	torch.Size([64])	cuda:0	True
2023-12-31 01:00:56,678 - INFO - bert.transformer_blocks.3.attention.temporal_mat_bias_2.weight	torch.Size([1, 64])	cuda:0	True
2023-12-31 01:00:56,678 - INFO - bert.transformer_blocks.3.attention.temporal_mat_bias_2.bias	torch.Size([1])	cuda:0	True
2023-12-31 01:00:56,678 - INFO - bert.transformer_blocks.3.mlp.fc1.weight	torch.Size([1024, 256])	cuda:0	True
2023-12-31 01:00:56,678 - INFO - bert.transformer_blocks.3.mlp.fc1.bias	torch.Size([1024])	cuda:0	True
2023-12-31 01:00:56,678 - INFO - bert.transformer_blocks.3.mlp.fc2.weight	torch.Size([256, 1024])	cuda:0	True
2023-12-31 01:00:56,678 - INFO - bert.transformer_blocks.3.mlp.fc2.bias	torch.Size([256])	cuda:0	True
2023-12-31 01:00:56,678 - INFO - bert.transformer_blocks.3.norm1.weight	torch.Size([256])	cuda:0	True
2023-12-31 01:00:56,678 - INFO - bert.transformer_blocks.3.norm1.bias	torch.Size([256])	cuda:0	True
2023-12-31 01:00:56,678 - INFO - bert.transformer_blocks.3.norm2.weight	torch.Size([256])	cuda:0	True
2023-12-31 01:00:56,678 - INFO - bert.transformer_blocks.3.norm2.bias	torch.Size([256])	cuda:0	True
2023-12-31 01:00:56,678 - INFO - bert.transformer_blocks.4.attention.linear_layers.0.weight	torch.Size([256, 256])	cuda:0	True
2023-12-31 01:00:56,678 - INFO - bert.transformer_blocks.4.attention.linear_layers.0.bias	torch.Size([256])	cuda:0	True
2023-12-31 01:00:56,678 - INFO - bert.transformer_blocks.4.attention.linear_layers.1.weight	torch.Size([256, 256])	cuda:0	True
2023-12-31 01:00:56,678 - INFO - bert.transformer_blocks.4.attention.linear_layers.1.bias	torch.Size([256])	cuda:0	True
2023-12-31 01:00:56,678 - INFO - bert.transformer_blocks.4.attention.linear_layers.2.weight	torch.Size([256, 256])	cuda:0	True
2023-12-31 01:00:56,678 - INFO - bert.transformer_blocks.4.attention.linear_layers.2.bias	torch.Size([256])	cuda:0	True
2023-12-31 01:00:56,678 - INFO - bert.transformer_blocks.4.attention.proj.weight	torch.Size([256, 256])	cuda:0	True
2023-12-31 01:00:56,678 - INFO - bert.transformer_blocks.4.attention.proj.bias	torch.Size([256])	cuda:0	True
2023-12-31 01:00:56,678 - INFO - bert.transformer_blocks.4.attention.temporal_mat_bias_1.weight	torch.Size([64, 1])	cuda:0	True
2023-12-31 01:00:56,678 - INFO - bert.transformer_blocks.4.attention.temporal_mat_bias_1.bias	torch.Size([64])	cuda:0	True
2023-12-31 01:00:56,678 - INFO - bert.transformer_blocks.4.attention.temporal_mat_bias_2.weight	torch.Size([1, 64])	cuda:0	True
2023-12-31 01:00:56,678 - INFO - bert.transformer_blocks.4.attention.temporal_mat_bias_2.bias	torch.Size([1])	cuda:0	True
2023-12-31 01:00:56,678 - INFO - bert.transformer_blocks.4.mlp.fc1.weight	torch.Size([1024, 256])	cuda:0	True
2023-12-31 01:00:56,678 - INFO - bert.transformer_blocks.4.mlp.fc1.bias	torch.Size([1024])	cuda:0	True
2023-12-31 01:00:56,678 - INFO - bert.transformer_blocks.4.mlp.fc2.weight	torch.Size([256, 1024])	cuda:0	True
2023-12-31 01:00:56,678 - INFO - bert.transformer_blocks.4.mlp.fc2.bias	torch.Size([256])	cuda:0	True
2023-12-31 01:00:56,678 - INFO - bert.transformer_blocks.4.norm1.weight	torch.Size([256])	cuda:0	True
2023-12-31 01:00:56,678 - INFO - bert.transformer_blocks.4.norm1.bias	torch.Size([256])	cuda:0	True
2023-12-31 01:00:56,678 - INFO - bert.transformer_blocks.4.norm2.weight	torch.Size([256])	cuda:0	True
2023-12-31 01:00:56,678 - INFO - bert.transformer_blocks.4.norm2.bias	torch.Size([256])	cuda:0	True
2023-12-31 01:00:56,678 - INFO - bert.transformer_blocks.5.attention.linear_layers.0.weight	torch.Size([256, 256])	cuda:0	True
2023-12-31 01:00:56,678 - INFO - bert.transformer_blocks.5.attention.linear_layers.0.bias	torch.Size([256])	cuda:0	True
2023-12-31 01:00:56,678 - INFO - bert.transformer_blocks.5.attention.linear_layers.1.weight	torch.Size([256, 256])	cuda:0	True
2023-12-31 01:00:56,678 - INFO - bert.transformer_blocks.5.attention.linear_layers.1.bias	torch.Size([256])	cuda:0	True
2023-12-31 01:00:56,678 - INFO - bert.transformer_blocks.5.attention.linear_layers.2.weight	torch.Size([256, 256])	cuda:0	True
2023-12-31 01:00:56,678 - INFO - bert.transformer_blocks.5.attention.linear_layers.2.bias	torch.Size([256])	cuda:0	True
2023-12-31 01:00:56,678 - INFO - bert.transformer_blocks.5.attention.proj.weight	torch.Size([256, 256])	cuda:0	True
2023-12-31 01:00:56,678 - INFO - bert.transformer_blocks.5.attention.proj.bias	torch.Size([256])	cuda:0	True
2023-12-31 01:00:56,678 - INFO - bert.transformer_blocks.5.attention.temporal_mat_bias_1.weight	torch.Size([64, 1])	cuda:0	True
2023-12-31 01:00:56,678 - INFO - bert.transformer_blocks.5.attention.temporal_mat_bias_1.bias	torch.Size([64])	cuda:0	True
2023-12-31 01:00:56,678 - INFO - bert.transformer_blocks.5.attention.temporal_mat_bias_2.weight	torch.Size([1, 64])	cuda:0	True
2023-12-31 01:00:56,678 - INFO - bert.transformer_blocks.5.attention.temporal_mat_bias_2.bias	torch.Size([1])	cuda:0	True
2023-12-31 01:00:56,678 - INFO - bert.transformer_blocks.5.mlp.fc1.weight	torch.Size([1024, 256])	cuda:0	True
2023-12-31 01:00:56,694 - INFO - bert.transformer_blocks.5.mlp.fc1.bias	torch.Size([1024])	cuda:0	True
2023-12-31 01:00:56,694 - INFO - bert.transformer_blocks.5.mlp.fc2.weight	torch.Size([256, 1024])	cuda:0	True
2023-12-31 01:00:56,694 - INFO - bert.transformer_blocks.5.mlp.fc2.bias	torch.Size([256])	cuda:0	True
2023-12-31 01:00:56,694 - INFO - bert.transformer_blocks.5.norm1.weight	torch.Size([256])	cuda:0	True
2023-12-31 01:00:56,694 - INFO - bert.transformer_blocks.5.norm1.bias	torch.Size([256])	cuda:0	True
2023-12-31 01:00:56,694 - INFO - bert.transformer_blocks.5.norm2.weight	torch.Size([256])	cuda:0	True
2023-12-31 01:00:56,694 - INFO - bert.transformer_blocks.5.norm2.bias	torch.Size([256])	cuda:0	True
2023-12-31 01:00:56,694 - INFO - mask_l.linear.weight	torch.Size([11573, 256])	cuda:0	True
2023-12-31 01:00:56,694 - INFO - mask_l.linear.bias	torch.Size([11573])	cuda:0	True
2023-12-31 01:00:56,694 - INFO - pooler.linear.dense.weight	torch.Size([256, 256])	cuda:0	True
2023-12-31 01:00:56,694 - INFO - pooler.linear.dense.bias	torch.Size([256])	cuda:0	True
2023-12-31 01:00:56,694 - INFO - Total parameter numbers: 8360251
2023-12-31 01:00:56,694 - INFO - You select `adamw` optimizer.
2023-12-31 01:00:56,694 - INFO - You select `cosinelr` lr_scheduler.
2023-12-31 01:00:56,694 - INFO - Start training ...
2023-12-31 01:00:56,694 - INFO - Num_batches: train=75, eval=25
2023-12-31 01:00:57,486 - INFO - {'mode': 'Train', 'epoch': 0, 'iter': 0, 'lr': 1e-06, 'Loc acc(%)': 0.0, 'MLM loss': 9.499490737915039, 'Contrastive loss': 0.9569845199584961, 'align_loss': 31.90218734741211, 'uniform_loss': -61.516212463378906}
2023-12-31 01:01:11,043 - INFO - Train: expid = 360273, Epoch = 0, avg_loss = 6.049453430175781, total_loc_acc = 0.0%.
2023-12-31 01:01:11,048 - INFO - epoch complete!
2023-12-31 01:01:11,049 - INFO - evaluating now!
2023-12-31 01:01:11,122 - INFO - {'mode': 'Train', 'epoch': 0, 'iter': 0, 'lr': 1e-06, 'Loc acc(%)': 0.0, 'MLM loss': 9.60653018951416, 'Contrastive loss': 0.5072349905967712, 'align_loss': 1.357473848884183e-07, 'uniform_loss': -7.446776866912842}
2023-12-31 01:01:12,721 - INFO - Eval: expid = 360273, Epoch = 0, avg_loss = 5.86853609085083, total_loc_acc = 0.0%.
2023-12-31 01:01:12,722 - INFO - Epoch [0/30] (75)  train_loss: 6.0495, val_loss: 5.8685, lr: 0.000051, 16.03s
2023-12-31 01:01:12,976 - INFO - Saved model at 0
2023-12-31 01:01:12,976 - INFO - Val loss decrease from inf to 5.8685, saving to ./libcity/cache/360273/model_cache/BERTContrastiveLM_bj_epoch0.tar
2023-12-31 01:01:13,189 - INFO - {'mode': 'Train', 'epoch': 1, 'iter': 0, 'lr': 5.075e-05, 'Loc acc(%)': 0.0, 'MLM loss': 9.549601554870605, 'Contrastive loss': 0.3693428039550781, 'align_loss': 30.553050994873047, 'uniform_loss': -79.40846252441406}
2023-12-31 01:01:26,167 - INFO - Train: expid = 360273, Epoch = 1, avg_loss = 5.94642853418986, total_loc_acc = 0.0%.
2023-12-31 01:01:26,167 - INFO - epoch complete!
2023-12-31 01:01:26,167 - INFO - evaluating now!
2023-12-31 01:01:26,227 - INFO - {'mode': 'Train', 'epoch': 1, 'iter': 0, 'lr': 5.075e-05, 'Loc acc(%)': 0.0, 'MLM loss': 9.482758522033691, 'Contrastive loss': 0.1866970658302307, 'align_loss': 3.711988938448485e-07, 'uniform_loss': -18.099361419677734}
2023-12-31 01:01:27,634 - INFO - Eval: expid = 360273, Epoch = 1, avg_loss = 5.752655162811279, total_loc_acc = 0.08431703204047217%.
2023-12-31 01:01:27,634 - INFO - Epoch [1/30] (150)  train_loss: 5.9464, val_loss: 5.7527, lr: 0.000101, 14.66s
2023-12-31 01:01:27,887 - INFO - Saved model at 1
2023-12-31 01:01:27,887 - INFO - Val loss decrease from 5.8685 to 5.7527, saving to ./libcity/cache/360273/model_cache/BERTContrastiveLM_bj_epoch1.tar
2023-12-31 01:01:28,080 - INFO - {'mode': 'Train', 'epoch': 2, 'iter': 0, 'lr': 0.0001005, 'Loc acc(%)': 0.0, 'MLM loss': 9.393929481506348, 'Contrastive loss': 0.06511194258928299, 'align_loss': 30.575519561767578, 'uniform_loss': -94.63905334472656}
2023-12-31 01:01:41,807 - INFO - Train: expid = 360273, Epoch = 2, avg_loss = 5.753488655090332, total_loc_acc = 0.06337135614702154%.
2023-12-31 01:01:41,808 - INFO - epoch complete!
2023-12-31 01:01:41,808 - INFO - evaluating now!
2023-12-31 01:01:41,879 - INFO - {'mode': 'Train', 'epoch': 2, 'iter': 0, 'lr': 0.0001005, 'Loc acc(%)': 0.0, 'MLM loss': 9.473485946655273, 'Contrastive loss': 0.014005858451128006, 'align_loss': 1.533322269153814e-08, 'uniform_loss': -49.32611846923828}
2023-12-31 01:01:43,445 - INFO - Eval: expid = 360273, Epoch = 2, avg_loss = 5.7018656730651855, total_loc_acc = 0.0%.
2023-12-31 01:01:43,445 - INFO - Epoch [2/30] (225)  train_loss: 5.7535, val_loss: 5.7019, lr: 0.000150, 15.56s
2023-12-31 01:01:43,681 - INFO - Saved model at 2
2023-12-31 01:01:43,681 - INFO - Val loss decrease from 5.7527 to 5.7019, saving to ./libcity/cache/360273/model_cache/BERTContrastiveLM_bj_epoch2.tar
2023-12-31 01:01:43,858 - INFO - {'mode': 'Train', 'epoch': 3, 'iter': 0, 'lr': 0.00015025000000000002, 'Loc acc(%)': 0.0, 'MLM loss': 9.156838417053223, 'Contrastive loss': 0.19759540259838104, 'align_loss': 32.296119689941406, 'uniform_loss': -inf}
2023-12-31 01:01:57,494 - INFO - Train: expid = 360273, Epoch = 3, avg_loss = 5.638974405924479, total_loc_acc = 0.09554140127388536%.
2023-12-31 01:01:57,494 - INFO - epoch complete!
2023-12-31 01:01:57,494 - INFO - evaluating now!
2023-12-31 01:01:57,565 - INFO - {'mode': 'Train', 'epoch': 3, 'iter': 0, 'lr': 0.00015025000000000002, 'Loc acc(%)': 0.0, 'MLM loss': 8.979860305786133, 'Contrastive loss': 0.02193043939769268, 'align_loss': 1.121149466598581e-07, 'uniform_loss': -43.182891845703125}
2023-12-31 01:01:59,025 - INFO - Eval: expid = 360273, Epoch = 3, avg_loss = 5.671954765319824, total_loc_acc = 0.0%.
2023-12-31 01:01:59,025 - INFO - Epoch [3/30] (300)  train_loss: 5.6390, val_loss: 5.6720, lr: 0.000191, 15.34s
2023-12-31 01:01:59,255 - INFO - Saved model at 3
2023-12-31 01:01:59,255 - INFO - Val loss decrease from 5.7019 to 5.6720, saving to ./libcity/cache/360273/model_cache/BERTContrastiveLM_bj_epoch3.tar
2023-12-31 01:01:59,445 - INFO - {'mode': 'Train', 'epoch': 4, 'iter': 0, 'lr': 0.0001913545457642601, 'Loc acc(%)': 0.0, 'MLM loss': 8.91520881652832, 'Contrastive loss': 0.1461825668811798, 'align_loss': 29.68768882751465, 'uniform_loss': -84.8048324584961}
