2024-01-01 21:09:35,240 - INFO - Log directory: ./libcity/log
2024-01-01 21:09:35,240 - INFO - Begin pretrain-pipeline, task=trajectory_embedding, model_name=BERTContrastiveLM, dataset_name=bj, exp_id=380200
2024-01-01 21:09:35,240 - INFO - {'task': 'trajectory_embedding', 'model': 'BERTContrastiveLM', 'dataset': 'bj', 'saved_model': True, 'train': True, 'gpu': True, 'gpu_id': 0, 'distribution': 'geometric', 'avg_mask_len': 2, 'contra_ratio': 0.4, 'mlm_ratio': 0.6, 'split': True, 'n_layers': 6, 'd_model': 256, 'attn_heads': 8, 'max_epoch': 1, 'batch_size': 8, 'grad_accmu_steps': 1, 'learning_rate': 0.0002, 'roadnetwork': 'bj_roadmap_edge_bj_True_1_merge', 'geo_file': 'bj_roadmap_edge_bj_True_1_merge_withdegree', 'rel_file': 'bj_roadmap_edge_bj_True_1_merge_withdegree', 'merge': True, 'min_freq': 1, 'seq_len': 128, 'test_every': 50, 'temperature': 0.05, 'contra_loss_type': 'simclr', 'classify_label': 'vflag', 'type_ln': 'post', 'add_cls': True, 'add_time_in_day': True, 'add_day_in_week': True, 'add_pe': True, 'add_temporal_bias': True, 'temporal_bias_dim': 64, 'use_mins_interval': False, 'add_gat': True, 'gat_heads_per_layer': [8, 16, 1], 'gat_features_per_layer': [16, 16, 256], 'gat_dropout': 0.1, 'gat_K': 1, 'gat_avg_last': True, 'load_trans_prob': True, 'append_degree2gcn': True, 'normal_feature': False, 'pooling': 'cls', 'dataset_class': 'ContrastiveSplitLMDataset', 'executor': 'ContrastiveSplitMLMExecutor', 'evaluator': 'ClassificationEvaluator', 'num_workers': 0, 'vocab_path': None, 'masking_ratio': 0.15, 'masking_mode': 'together', 'mlp_ratio': 4, 'pretrain_road_emb': None, 'future_mask': False, 'load_node2vec': False, 'dropout': 0.1, 'drop_path': 0.3, 'attn_drop': 0.1, 'seed': 0, 'learner': 'adamw', 'lr_eta_min': 0, 'lr_warmup_epoch': 4, 'lr_warmup_init': 1e-06, 'lr_decay': True, 'lr_scheduler': 'cosinelr', 'lr_decay_ratio': 0.1, 't_in_epochs': True, 'clip_grad_norm': True, 'max_grad_norm': 5, 'use_early_stop': True, 'patience': 10, 'log_batch': 500, 'log_every': 1, 'l2_reg': None, 'n_views': 2, 'similarity': 'cosine', 'data_argument1': [], 'data_argument2': [], 'cutoff_row_rate': 0.2, 'cutoff_column_rate': 0.2, 'cutoff_random_rate': 0.2, 'sample_rate': 0.2, 'align_w': 1.0, 'unif_w': 1.0, 'align_alpha': 2, 'unif_t': 2, 'train_align_uniform': False, 'test_align_uniform': True, 'norm_align_uniform': False, 'bidir_adj_mx': False, 'out_data_argument1': None, 'out_data_argument2': None, 'metrics': ['Precision', 'Recall', 'F1', 'MRR', 'NDCG'], 'save_modes': ['csv', 'json'], 'topk': [1, 5, 10], 'device': device(type='cuda', index=0), 'exp_id': 380200}
2024-01-01 21:09:35,751 - INFO - Loading Vocab from raw_data/vocab_bj_True_1_merge.pkl
2024-01-01 21:09:35,752 - INFO - vocab_path=raw_data/vocab_bj_True_1_merge.pkl, usr_num=3, vocab_size=386
2024-01-01 21:09:35,755 - INFO - Loaded file bj_roadmap_edge_bj_True_1_merge_withdegree.geo, num_nodes=382
2024-01-01 21:09:35,757 - INFO - Loaded file bj_roadmap_edge_bj_True_1_merge_withdegree.rel, shape=(382, 382), edges=276.0
2024-01-01 21:09:35,770 - INFO - node_features: (382, 27)
2024-01-01 21:09:36,784 - INFO - node_features_encoded: torch.Size([386, 27])
2024-01-01 21:09:36,786 - INFO - edge_index: torch.Size([2, 662])
2024-01-01 21:09:36,786 - INFO - Trajectory loc-transfer prob shape=torch.Size([662, 1])
2024-01-01 21:09:36,786 - INFO - Loading Dataset!
2024-01-01 21:09:36,788 - INFO - Processing dataset in TrajectoryProcessingDataset!
2024-01-01 21:09:36,799 - INFO - Init TrajectoryProcessingDatasetSplitLM!
2024-01-01 21:09:36,800 - INFO - Load dataset from raw_data/bj/cache_bj_train_True_True_1.pkl, raw_data/bj/cache_bj_train_True_True_1.pkl
2024-01-01 21:09:36,802 - INFO - Processing dataset in TrajectoryProcessingDataset!
2024-01-01 21:09:36,813 - INFO - Init TrajectoryProcessingDatasetSplitLM!
2024-01-01 21:09:36,814 - INFO - Load dataset from raw_data/bj/cache_bj_eval_True_True_1.pkl, raw_data/bj/cache_bj_eval_True_True_1.pkl
2024-01-01 21:09:36,816 - INFO - Processing dataset in TrajectoryProcessingDataset!
2024-01-01 21:09:36,818 - INFO - Init TrajectoryProcessingDatasetSplitLM!
2024-01-01 21:09:36,819 - INFO - Load dataset from raw_data/bj/cache_bj_test_True_True_1.pkl, raw_data/bj/cache_bj_test_True_True_1.pkl
2024-01-01 21:09:36,819 - INFO - Size of dataset: 3/1/1
2024-01-01 21:09:36,819 - INFO - Creating Dataloader!
2024-01-01 21:09:36,828 - INFO - Building BERTContrastiveLM model
2024-01-01 21:09:36,857 - INFO - Building BERTPooler model
2024-01-01 21:09:37,456 - INFO - BERTContrastiveLM(
  (bert): BERT(
    (embedding): BERTEmbedding(
      (token_embedding): GAT(
        (gat_net): Sequential(
          (0): GATLayerImp3(
            (linear_proj): Linear(in_features=27, out_features=128, bias=False)
            (linear_proj_tran_prob): Linear(in_features=1, out_features=128, bias=False)
            (skip_proj): Linear(in_features=27, out_features=128, bias=False)
            (leakyReLU): LeakyReLU(negative_slope=0.2)
            (softmax): Softmax(dim=-1)
            (activation): ELU(alpha=1.0)
            (dropout): Dropout(p=0.1, inplace=False)
          )
          (1): GATLayerImp3(
            (linear_proj): Linear(in_features=128, out_features=256, bias=False)
            (linear_proj_tran_prob): Linear(in_features=1, out_features=256, bias=False)
            (skip_proj): Linear(in_features=128, out_features=256, bias=False)
            (leakyReLU): LeakyReLU(negative_slope=0.2)
            (softmax): Softmax(dim=-1)
            (activation): ELU(alpha=1.0)
            (dropout): Dropout(p=0.1, inplace=False)
          )
          (2): GATLayerImp3(
            (linear_proj): Linear(in_features=256, out_features=256, bias=False)
            (linear_proj_tran_prob): Linear(in_features=1, out_features=256, bias=False)
            (skip_proj): Linear(in_features=256, out_features=256, bias=False)
            (leakyReLU): LeakyReLU(negative_slope=0.2)
            (softmax): Softmax(dim=-1)
            (dropout): Dropout(p=0.1, inplace=False)
          )
        )
      )
      (position_embedding): PositionalEmbedding()
      (daytime_embedding): Embedding(1441, 256, padding_idx=0)
      (weekday_embedding): Embedding(8, 256, padding_idx=0)
      (dropout): Dropout(p=0.1, inplace=False)
    )
    (transformer_blocks): ModuleList(
      (0): TransformerBlock(
        (attention): MultiHeadedAttention(
          (linear_layers): ModuleList(
            (0): Linear(in_features=256, out_features=256, bias=True)
            (1): Linear(in_features=256, out_features=256, bias=True)
            (2): Linear(in_features=256, out_features=256, bias=True)
          )
          (dropout): Dropout(p=0.1, inplace=False)
          (proj): Linear(in_features=256, out_features=256, bias=True)
          (proj_drop): Dropout(p=0.1, inplace=False)
          (temporal_mat_bias_1): Linear(in_features=1, out_features=64, bias=True)
          (temporal_mat_bias_2): Linear(in_features=64, out_features=1, bias=True)
        )
        (mlp): Mlp(
          (fc1): Linear(in_features=256, out_features=1024, bias=True)
          (act): GELU()
          (fc2): Linear(in_features=1024, out_features=256, bias=True)
          (drop): Dropout(p=0.1, inplace=False)
        )
        (norm1): LayerNorm((256,), eps=1e-05, elementwise_affine=True)
        (norm2): LayerNorm((256,), eps=1e-05, elementwise_affine=True)
        (drop_path): Identity()
      )
      (1): TransformerBlock(
        (attention): MultiHeadedAttention(
          (linear_layers): ModuleList(
            (0): Linear(in_features=256, out_features=256, bias=True)
            (1): Linear(in_features=256, out_features=256, bias=True)
            (2): Linear(in_features=256, out_features=256, bias=True)
          )
          (dropout): Dropout(p=0.1, inplace=False)
          (proj): Linear(in_features=256, out_features=256, bias=True)
          (proj_drop): Dropout(p=0.1, inplace=False)
          (temporal_mat_bias_1): Linear(in_features=1, out_features=64, bias=True)
          (temporal_mat_bias_2): Linear(in_features=64, out_features=1, bias=True)
        )
        (mlp): Mlp(
          (fc1): Linear(in_features=256, out_features=1024, bias=True)
          (act): GELU()
          (fc2): Linear(in_features=1024, out_features=256, bias=True)
          (drop): Dropout(p=0.1, inplace=False)
        )
        (norm1): LayerNorm((256,), eps=1e-05, elementwise_affine=True)
        (norm2): LayerNorm((256,), eps=1e-05, elementwise_affine=True)
        (drop_path): DropPath()
      )
      (2): TransformerBlock(
        (attention): MultiHeadedAttention(
          (linear_layers): ModuleList(
            (0): Linear(in_features=256, out_features=256, bias=True)
            (1): Linear(in_features=256, out_features=256, bias=True)
            (2): Linear(in_features=256, out_features=256, bias=True)
          )
          (dropout): Dropout(p=0.1, inplace=False)
          (proj): Linear(in_features=256, out_features=256, bias=True)
          (proj_drop): Dropout(p=0.1, inplace=False)
          (temporal_mat_bias_1): Linear(in_features=1, out_features=64, bias=True)
          (temporal_mat_bias_2): Linear(in_features=64, out_features=1, bias=True)
        )
        (mlp): Mlp(
          (fc1): Linear(in_features=256, out_features=1024, bias=True)
          (act): GELU()
          (fc2): Linear(in_features=1024, out_features=256, bias=True)
          (drop): Dropout(p=0.1, inplace=False)
        )
        (norm1): LayerNorm((256,), eps=1e-05, elementwise_affine=True)
        (norm2): LayerNorm((256,), eps=1e-05, elementwise_affine=True)
        (drop_path): DropPath()
      )
      (3): TransformerBlock(
        (attention): MultiHeadedAttention(
          (linear_layers): ModuleList(
            (0): Linear(in_features=256, out_features=256, bias=True)
            (1): Linear(in_features=256, out_features=256, bias=True)
            (2): Linear(in_features=256, out_features=256, bias=True)
          )
          (dropout): Dropout(p=0.1, inplace=False)
          (proj): Linear(in_features=256, out_features=256, bias=True)
          (proj_drop): Dropout(p=0.1, inplace=False)
          (temporal_mat_bias_1): Linear(in_features=1, out_features=64, bias=True)
          (temporal_mat_bias_2): Linear(in_features=64, out_features=1, bias=True)
        )
        (mlp): Mlp(
          (fc1): Linear(in_features=256, out_features=1024, bias=True)
          (act): GELU()
          (fc2): Linear(in_features=1024, out_features=256, bias=True)
          (drop): Dropout(p=0.1, inplace=False)
        )
        (norm1): LayerNorm((256,), eps=1e-05, elementwise_affine=True)
        (norm2): LayerNorm((256,), eps=1e-05, elementwise_affine=True)
        (drop_path): DropPath()
      )
      (4): TransformerBlock(
        (attention): MultiHeadedAttention(
          (linear_layers): ModuleList(
            (0): Linear(in_features=256, out_features=256, bias=True)
            (1): Linear(in_features=256, out_features=256, bias=True)
            (2): Linear(in_features=256, out_features=256, bias=True)
          )
          (dropout): Dropout(p=0.1, inplace=False)
          (proj): Linear(in_features=256, out_features=256, bias=True)
          (proj_drop): Dropout(p=0.1, inplace=False)
          (temporal_mat_bias_1): Linear(in_features=1, out_features=64, bias=True)
          (temporal_mat_bias_2): Linear(in_features=64, out_features=1, bias=True)
        )
        (mlp): Mlp(
          (fc1): Linear(in_features=256, out_features=1024, bias=True)
          (act): GELU()
          (fc2): Linear(in_features=1024, out_features=256, bias=True)
          (drop): Dropout(p=0.1, inplace=False)
        )
        (norm1): LayerNorm((256,), eps=1e-05, elementwise_affine=True)
        (norm2): LayerNorm((256,), eps=1e-05, elementwise_affine=True)
        (drop_path): DropPath()
      )
      (5): TransformerBlock(
        (attention): MultiHeadedAttention(
          (linear_layers): ModuleList(
            (0): Linear(in_features=256, out_features=256, bias=True)
            (1): Linear(in_features=256, out_features=256, bias=True)
            (2): Linear(in_features=256, out_features=256, bias=True)
          )
          (dropout): Dropout(p=0.1, inplace=False)
          (proj): Linear(in_features=256, out_features=256, bias=True)
          (proj_drop): Dropout(p=0.1, inplace=False)
          (temporal_mat_bias_1): Linear(in_features=1, out_features=64, bias=True)
          (temporal_mat_bias_2): Linear(in_features=64, out_features=1, bias=True)
        )
        (mlp): Mlp(
          (fc1): Linear(in_features=256, out_features=1024, bias=True)
          (act): GELU()
          (fc2): Linear(in_features=1024, out_features=256, bias=True)
          (drop): Dropout(p=0.1, inplace=False)
        )
        (norm1): LayerNorm((256,), eps=1e-05, elementwise_affine=True)
        (norm2): LayerNorm((256,), eps=1e-05, elementwise_affine=True)
        (drop_path): DropPath()
      )
    )
  )
  (mask_l): MaskedLanguageModel(
    (linear): Linear(in_features=256, out_features=386, bias=True)
    (softmax): LogSoftmax(dim=-1)
  )
  (pooler): BERTPooler(
    (linear): MLPLayer(
      (dense): Linear(in_features=256, out_features=256, bias=True)
      (activation): Tanh()
    )
  )
)
2024-01-01 21:09:37,459 - INFO - bert.embedding.token_embedding.gat_net.0.scoring_fn_target	torch.Size([1, 8, 16])	cuda:0	True
2024-01-01 21:09:37,459 - INFO - bert.embedding.token_embedding.gat_net.0.scoring_fn_source	torch.Size([1, 8, 16])	cuda:0	True
2024-01-01 21:09:37,459 - INFO - bert.embedding.token_embedding.gat_net.0.scoring_trans_prob	torch.Size([1, 8, 16])	cuda:0	True
2024-01-01 21:09:37,459 - INFO - bert.embedding.token_embedding.gat_net.0.bias	torch.Size([128])	cuda:0	True
2024-01-01 21:09:37,459 - INFO - bert.embedding.token_embedding.gat_net.0.linear_proj.weight	torch.Size([128, 27])	cuda:0	True
2024-01-01 21:09:37,459 - INFO - bert.embedding.token_embedding.gat_net.0.linear_proj_tran_prob.weight	torch.Size([128, 1])	cuda:0	True
2024-01-01 21:09:37,459 - INFO - bert.embedding.token_embedding.gat_net.0.skip_proj.weight	torch.Size([128, 27])	cuda:0	True
2024-01-01 21:09:37,460 - INFO - bert.embedding.token_embedding.gat_net.1.scoring_fn_target	torch.Size([1, 16, 16])	cuda:0	True
2024-01-01 21:09:37,460 - INFO - bert.embedding.token_embedding.gat_net.1.scoring_fn_source	torch.Size([1, 16, 16])	cuda:0	True
2024-01-01 21:09:37,460 - INFO - bert.embedding.token_embedding.gat_net.1.scoring_trans_prob	torch.Size([1, 16, 16])	cuda:0	True
2024-01-01 21:09:37,460 - INFO - bert.embedding.token_embedding.gat_net.1.bias	torch.Size([256])	cuda:0	True
2024-01-01 21:09:37,460 - INFO - bert.embedding.token_embedding.gat_net.1.linear_proj.weight	torch.Size([256, 128])	cuda:0	True
2024-01-01 21:09:37,460 - INFO - bert.embedding.token_embedding.gat_net.1.linear_proj_tran_prob.weight	torch.Size([256, 1])	cuda:0	True
2024-01-01 21:09:37,460 - INFO - bert.embedding.token_embedding.gat_net.1.skip_proj.weight	torch.Size([256, 128])	cuda:0	True
2024-01-01 21:09:37,460 - INFO - bert.embedding.token_embedding.gat_net.2.scoring_fn_target	torch.Size([1, 1, 256])	cuda:0	True
2024-01-01 21:09:37,461 - INFO - bert.embedding.token_embedding.gat_net.2.scoring_fn_source	torch.Size([1, 1, 256])	cuda:0	True
2024-01-01 21:09:37,461 - INFO - bert.embedding.token_embedding.gat_net.2.scoring_trans_prob	torch.Size([1, 1, 256])	cuda:0	True
2024-01-01 21:09:37,461 - INFO - bert.embedding.token_embedding.gat_net.2.bias	torch.Size([256])	cuda:0	True
2024-01-01 21:09:37,461 - INFO - bert.embedding.token_embedding.gat_net.2.linear_proj.weight	torch.Size([256, 256])	cuda:0	True
2024-01-01 21:09:37,461 - INFO - bert.embedding.token_embedding.gat_net.2.linear_proj_tran_prob.weight	torch.Size([256, 1])	cuda:0	True
2024-01-01 21:09:37,461 - INFO - bert.embedding.token_embedding.gat_net.2.skip_proj.weight	torch.Size([256, 256])	cuda:0	True
2024-01-01 21:09:37,461 - INFO - bert.embedding.daytime_embedding.weight	torch.Size([1441, 256])	cuda:0	True
2024-01-01 21:09:37,461 - INFO - bert.embedding.weekday_embedding.weight	torch.Size([8, 256])	cuda:0	True
2024-01-01 21:09:37,462 - INFO - bert.transformer_blocks.0.attention.linear_layers.0.weight	torch.Size([256, 256])	cuda:0	True
2024-01-01 21:09:37,462 - INFO - bert.transformer_blocks.0.attention.linear_layers.0.bias	torch.Size([256])	cuda:0	True
2024-01-01 21:09:37,462 - INFO - bert.transformer_blocks.0.attention.linear_layers.1.weight	torch.Size([256, 256])	cuda:0	True
2024-01-01 21:09:37,462 - INFO - bert.transformer_blocks.0.attention.linear_layers.1.bias	torch.Size([256])	cuda:0	True
2024-01-01 21:09:37,462 - INFO - bert.transformer_blocks.0.attention.linear_layers.2.weight	torch.Size([256, 256])	cuda:0	True
2024-01-01 21:09:37,462 - INFO - bert.transformer_blocks.0.attention.linear_layers.2.bias	torch.Size([256])	cuda:0	True
2024-01-01 21:09:37,462 - INFO - bert.transformer_blocks.0.attention.proj.weight	torch.Size([256, 256])	cuda:0	True
2024-01-01 21:09:37,462 - INFO - bert.transformer_blocks.0.attention.proj.bias	torch.Size([256])	cuda:0	True
2024-01-01 21:09:37,462 - INFO - bert.transformer_blocks.0.attention.temporal_mat_bias_1.weight	torch.Size([64, 1])	cuda:0	True
2024-01-01 21:09:37,463 - INFO - bert.transformer_blocks.0.attention.temporal_mat_bias_1.bias	torch.Size([64])	cuda:0	True
2024-01-01 21:09:37,463 - INFO - bert.transformer_blocks.0.attention.temporal_mat_bias_2.weight	torch.Size([1, 64])	cuda:0	True
2024-01-01 21:09:37,463 - INFO - bert.transformer_blocks.0.attention.temporal_mat_bias_2.bias	torch.Size([1])	cuda:0	True
2024-01-01 21:09:37,463 - INFO - bert.transformer_blocks.0.mlp.fc1.weight	torch.Size([1024, 256])	cuda:0	True
2024-01-01 21:09:37,463 - INFO - bert.transformer_blocks.0.mlp.fc1.bias	torch.Size([1024])	cuda:0	True
2024-01-01 21:09:37,463 - INFO - bert.transformer_blocks.0.mlp.fc2.weight	torch.Size([256, 1024])	cuda:0	True
2024-01-01 21:09:37,463 - INFO - bert.transformer_blocks.0.mlp.fc2.bias	torch.Size([256])	cuda:0	True
2024-01-01 21:09:37,463 - INFO - bert.transformer_blocks.0.norm1.weight	torch.Size([256])	cuda:0	True
2024-01-01 21:09:37,464 - INFO - bert.transformer_blocks.0.norm1.bias	torch.Size([256])	cuda:0	True
2024-01-01 21:09:37,464 - INFO - bert.transformer_blocks.0.norm2.weight	torch.Size([256])	cuda:0	True
2024-01-01 21:09:37,464 - INFO - bert.transformer_blocks.0.norm2.bias	torch.Size([256])	cuda:0	True
2024-01-01 21:09:37,464 - INFO - bert.transformer_blocks.1.attention.linear_layers.0.weight	torch.Size([256, 256])	cuda:0	True
2024-01-01 21:09:37,465 - INFO - bert.transformer_blocks.1.attention.linear_layers.0.bias	torch.Size([256])	cuda:0	True
2024-01-01 21:09:37,465 - INFO - bert.transformer_blocks.1.attention.linear_layers.1.weight	torch.Size([256, 256])	cuda:0	True
2024-01-01 21:09:37,465 - INFO - bert.transformer_blocks.1.attention.linear_layers.1.bias	torch.Size([256])	cuda:0	True
2024-01-01 21:09:37,465 - INFO - bert.transformer_blocks.1.attention.linear_layers.2.weight	torch.Size([256, 256])	cuda:0	True
2024-01-01 21:09:37,465 - INFO - bert.transformer_blocks.1.attention.linear_layers.2.bias	torch.Size([256])	cuda:0	True
2024-01-01 21:09:37,465 - INFO - bert.transformer_blocks.1.attention.proj.weight	torch.Size([256, 256])	cuda:0	True
2024-01-01 21:09:37,465 - INFO - bert.transformer_blocks.1.attention.proj.bias	torch.Size([256])	cuda:0	True
2024-01-01 21:09:37,465 - INFO - bert.transformer_blocks.1.attention.temporal_mat_bias_1.weight	torch.Size([64, 1])	cuda:0	True
2024-01-01 21:09:37,466 - INFO - bert.transformer_blocks.1.attention.temporal_mat_bias_1.bias	torch.Size([64])	cuda:0	True
2024-01-01 21:09:37,466 - INFO - bert.transformer_blocks.1.attention.temporal_mat_bias_2.weight	torch.Size([1, 64])	cuda:0	True
2024-01-01 21:09:37,466 - INFO - bert.transformer_blocks.1.attention.temporal_mat_bias_2.bias	torch.Size([1])	cuda:0	True
2024-01-01 21:09:37,466 - INFO - bert.transformer_blocks.1.mlp.fc1.weight	torch.Size([1024, 256])	cuda:0	True
2024-01-01 21:09:37,466 - INFO - bert.transformer_blocks.1.mlp.fc1.bias	torch.Size([1024])	cuda:0	True
2024-01-01 21:09:37,466 - INFO - bert.transformer_blocks.1.mlp.fc2.weight	torch.Size([256, 1024])	cuda:0	True
2024-01-01 21:09:37,466 - INFO - bert.transformer_blocks.1.mlp.fc2.bias	torch.Size([256])	cuda:0	True
2024-01-01 21:09:37,466 - INFO - bert.transformer_blocks.1.norm1.weight	torch.Size([256])	cuda:0	True
2024-01-01 21:09:37,467 - INFO - bert.transformer_blocks.1.norm1.bias	torch.Size([256])	cuda:0	True
2024-01-01 21:09:37,467 - INFO - bert.transformer_blocks.1.norm2.weight	torch.Size([256])	cuda:0	True
2024-01-01 21:09:37,467 - INFO - bert.transformer_blocks.1.norm2.bias	torch.Size([256])	cuda:0	True
2024-01-01 21:09:37,467 - INFO - bert.transformer_blocks.2.attention.linear_layers.0.weight	torch.Size([256, 256])	cuda:0	True
2024-01-01 21:09:37,467 - INFO - bert.transformer_blocks.2.attention.linear_layers.0.bias	torch.Size([256])	cuda:0	True
2024-01-01 21:09:37,467 - INFO - bert.transformer_blocks.2.attention.linear_layers.1.weight	torch.Size([256, 256])	cuda:0	True
2024-01-01 21:09:37,467 - INFO - bert.transformer_blocks.2.attention.linear_layers.1.bias	torch.Size([256])	cuda:0	True
2024-01-01 21:09:37,467 - INFO - bert.transformer_blocks.2.attention.linear_layers.2.weight	torch.Size([256, 256])	cuda:0	True
2024-01-01 21:09:37,467 - INFO - bert.transformer_blocks.2.attention.linear_layers.2.bias	torch.Size([256])	cuda:0	True
2024-01-01 21:09:37,468 - INFO - bert.transformer_blocks.2.attention.proj.weight	torch.Size([256, 256])	cuda:0	True
2024-01-01 21:09:37,468 - INFO - bert.transformer_blocks.2.attention.proj.bias	torch.Size([256])	cuda:0	True
2024-01-01 21:09:37,468 - INFO - bert.transformer_blocks.2.attention.temporal_mat_bias_1.weight	torch.Size([64, 1])	cuda:0	True
2024-01-01 21:09:37,468 - INFO - bert.transformer_blocks.2.attention.temporal_mat_bias_1.bias	torch.Size([64])	cuda:0	True
2024-01-01 21:09:37,468 - INFO - bert.transformer_blocks.2.attention.temporal_mat_bias_2.weight	torch.Size([1, 64])	cuda:0	True
2024-01-01 21:09:37,468 - INFO - bert.transformer_blocks.2.attention.temporal_mat_bias_2.bias	torch.Size([1])	cuda:0	True
2024-01-01 21:09:37,468 - INFO - bert.transformer_blocks.2.mlp.fc1.weight	torch.Size([1024, 256])	cuda:0	True
2024-01-01 21:09:37,468 - INFO - bert.transformer_blocks.2.mlp.fc1.bias	torch.Size([1024])	cuda:0	True
2024-01-01 21:09:37,469 - INFO - bert.transformer_blocks.2.mlp.fc2.weight	torch.Size([256, 1024])	cuda:0	True
2024-01-01 21:09:37,469 - INFO - bert.transformer_blocks.2.mlp.fc2.bias	torch.Size([256])	cuda:0	True
2024-01-01 21:09:37,469 - INFO - bert.transformer_blocks.2.norm1.weight	torch.Size([256])	cuda:0	True
2024-01-01 21:09:37,469 - INFO - bert.transformer_blocks.2.norm1.bias	torch.Size([256])	cuda:0	True
2024-01-01 21:09:37,469 - INFO - bert.transformer_blocks.2.norm2.weight	torch.Size([256])	cuda:0	True
2024-01-01 21:09:37,469 - INFO - bert.transformer_blocks.2.norm2.bias	torch.Size([256])	cuda:0	True
2024-01-01 21:09:37,469 - INFO - bert.transformer_blocks.3.attention.linear_layers.0.weight	torch.Size([256, 256])	cuda:0	True
2024-01-01 21:09:37,469 - INFO - bert.transformer_blocks.3.attention.linear_layers.0.bias	torch.Size([256])	cuda:0	True
2024-01-01 21:09:37,469 - INFO - bert.transformer_blocks.3.attention.linear_layers.1.weight	torch.Size([256, 256])	cuda:0	True
2024-01-01 21:09:37,470 - INFO - bert.transformer_blocks.3.attention.linear_layers.1.bias	torch.Size([256])	cuda:0	True
2024-01-01 21:09:37,470 - INFO - bert.transformer_blocks.3.attention.linear_layers.2.weight	torch.Size([256, 256])	cuda:0	True
2024-01-01 21:09:37,470 - INFO - bert.transformer_blocks.3.attention.linear_layers.2.bias	torch.Size([256])	cuda:0	True
2024-01-01 21:09:37,470 - INFO - bert.transformer_blocks.3.attention.proj.weight	torch.Size([256, 256])	cuda:0	True
2024-01-01 21:09:37,470 - INFO - bert.transformer_blocks.3.attention.proj.bias	torch.Size([256])	cuda:0	True
2024-01-01 21:09:37,470 - INFO - bert.transformer_blocks.3.attention.temporal_mat_bias_1.weight	torch.Size([64, 1])	cuda:0	True
2024-01-01 21:09:37,470 - INFO - bert.transformer_blocks.3.attention.temporal_mat_bias_1.bias	torch.Size([64])	cuda:0	True
2024-01-01 21:09:37,470 - INFO - bert.transformer_blocks.3.attention.temporal_mat_bias_2.weight	torch.Size([1, 64])	cuda:0	True
2024-01-01 21:09:37,470 - INFO - bert.transformer_blocks.3.attention.temporal_mat_bias_2.bias	torch.Size([1])	cuda:0	True
2024-01-01 21:09:37,471 - INFO - bert.transformer_blocks.3.mlp.fc1.weight	torch.Size([1024, 256])	cuda:0	True
2024-01-01 21:09:37,471 - INFO - bert.transformer_blocks.3.mlp.fc1.bias	torch.Size([1024])	cuda:0	True
2024-01-01 21:09:37,471 - INFO - bert.transformer_blocks.3.mlp.fc2.weight	torch.Size([256, 1024])	cuda:0	True
2024-01-01 21:09:37,471 - INFO - bert.transformer_blocks.3.mlp.fc2.bias	torch.Size([256])	cuda:0	True
2024-01-01 21:09:37,471 - INFO - bert.transformer_blocks.3.norm1.weight	torch.Size([256])	cuda:0	True
2024-01-01 21:09:37,471 - INFO - bert.transformer_blocks.3.norm1.bias	torch.Size([256])	cuda:0	True
2024-01-01 21:09:37,471 - INFO - bert.transformer_blocks.3.norm2.weight	torch.Size([256])	cuda:0	True
2024-01-01 21:09:37,471 - INFO - bert.transformer_blocks.3.norm2.bias	torch.Size([256])	cuda:0	True
2024-01-01 21:09:37,472 - INFO - bert.transformer_blocks.4.attention.linear_layers.0.weight	torch.Size([256, 256])	cuda:0	True
2024-01-01 21:09:37,472 - INFO - bert.transformer_blocks.4.attention.linear_layers.0.bias	torch.Size([256])	cuda:0	True
2024-01-01 21:09:37,472 - INFO - bert.transformer_blocks.4.attention.linear_layers.1.weight	torch.Size([256, 256])	cuda:0	True
2024-01-01 21:09:37,472 - INFO - bert.transformer_blocks.4.attention.linear_layers.1.bias	torch.Size([256])	cuda:0	True
2024-01-01 21:09:37,472 - INFO - bert.transformer_blocks.4.attention.linear_layers.2.weight	torch.Size([256, 256])	cuda:0	True
2024-01-01 21:09:37,472 - INFO - bert.transformer_blocks.4.attention.linear_layers.2.bias	torch.Size([256])	cuda:0	True
2024-01-01 21:09:37,472 - INFO - bert.transformer_blocks.4.attention.proj.weight	torch.Size([256, 256])	cuda:0	True
2024-01-01 21:09:37,472 - INFO - bert.transformer_blocks.4.attention.proj.bias	torch.Size([256])	cuda:0	True
2024-01-01 21:09:37,472 - INFO - bert.transformer_blocks.4.attention.temporal_mat_bias_1.weight	torch.Size([64, 1])	cuda:0	True
2024-01-01 21:09:37,473 - INFO - bert.transformer_blocks.4.attention.temporal_mat_bias_1.bias	torch.Size([64])	cuda:0	True
2024-01-01 21:09:37,473 - INFO - bert.transformer_blocks.4.attention.temporal_mat_bias_2.weight	torch.Size([1, 64])	cuda:0	True
2024-01-01 21:09:37,473 - INFO - bert.transformer_blocks.4.attention.temporal_mat_bias_2.bias	torch.Size([1])	cuda:0	True
2024-01-01 21:09:37,473 - INFO - bert.transformer_blocks.4.mlp.fc1.weight	torch.Size([1024, 256])	cuda:0	True
2024-01-01 21:09:37,473 - INFO - bert.transformer_blocks.4.mlp.fc1.bias	torch.Size([1024])	cuda:0	True
2024-01-01 21:09:37,473 - INFO - bert.transformer_blocks.4.mlp.fc2.weight	torch.Size([256, 1024])	cuda:0	True
2024-01-01 21:09:37,473 - INFO - bert.transformer_blocks.4.mlp.fc2.bias	torch.Size([256])	cuda:0	True
2024-01-01 21:09:37,473 - INFO - bert.transformer_blocks.4.norm1.weight	torch.Size([256])	cuda:0	True
2024-01-01 21:09:37,474 - INFO - bert.transformer_blocks.4.norm1.bias	torch.Size([256])	cuda:0	True
2024-01-01 21:09:37,474 - INFO - bert.transformer_blocks.4.norm2.weight	torch.Size([256])	cuda:0	True
2024-01-01 21:09:37,474 - INFO - bert.transformer_blocks.4.norm2.bias	torch.Size([256])	cuda:0	True
2024-01-01 21:09:37,474 - INFO - bert.transformer_blocks.5.attention.linear_layers.0.weight	torch.Size([256, 256])	cuda:0	True
2024-01-01 21:09:37,474 - INFO - bert.transformer_blocks.5.attention.linear_layers.0.bias	torch.Size([256])	cuda:0	True
2024-01-01 21:09:37,474 - INFO - bert.transformer_blocks.5.attention.linear_layers.1.weight	torch.Size([256, 256])	cuda:0	True
2024-01-01 21:09:37,474 - INFO - bert.transformer_blocks.5.attention.linear_layers.1.bias	torch.Size([256])	cuda:0	True
2024-01-01 21:09:37,474 - INFO - bert.transformer_blocks.5.attention.linear_layers.2.weight	torch.Size([256, 256])	cuda:0	True
2024-01-01 21:09:37,474 - INFO - bert.transformer_blocks.5.attention.linear_layers.2.bias	torch.Size([256])	cuda:0	True
2024-01-01 21:09:37,475 - INFO - bert.transformer_blocks.5.attention.proj.weight	torch.Size([256, 256])	cuda:0	True
2024-01-01 21:09:37,475 - INFO - bert.transformer_blocks.5.attention.proj.bias	torch.Size([256])	cuda:0	True
2024-01-01 21:09:37,475 - INFO - bert.transformer_blocks.5.attention.temporal_mat_bias_1.weight	torch.Size([64, 1])	cuda:0	True
2024-01-01 21:09:37,475 - INFO - bert.transformer_blocks.5.attention.temporal_mat_bias_1.bias	torch.Size([64])	cuda:0	True
2024-01-01 21:09:37,475 - INFO - bert.transformer_blocks.5.attention.temporal_mat_bias_2.weight	torch.Size([1, 64])	cuda:0	True
2024-01-01 21:09:37,475 - INFO - bert.transformer_blocks.5.attention.temporal_mat_bias_2.bias	torch.Size([1])	cuda:0	True
2024-01-01 21:09:37,475 - INFO - bert.transformer_blocks.5.mlp.fc1.weight	torch.Size([1024, 256])	cuda:0	True
2024-01-01 21:09:37,475 - INFO - bert.transformer_blocks.5.mlp.fc1.bias	torch.Size([1024])	cuda:0	True
2024-01-01 21:09:37,475 - INFO - bert.transformer_blocks.5.mlp.fc2.weight	torch.Size([256, 1024])	cuda:0	True
2024-01-01 21:09:37,476 - INFO - bert.transformer_blocks.5.mlp.fc2.bias	torch.Size([256])	cuda:0	True
2024-01-01 21:09:37,476 - INFO - bert.transformer_blocks.5.norm1.weight	torch.Size([256])	cuda:0	True
2024-01-01 21:09:37,476 - INFO - bert.transformer_blocks.5.norm1.bias	torch.Size([256])	cuda:0	True
2024-01-01 21:09:37,476 - INFO - bert.transformer_blocks.5.norm2.weight	torch.Size([256])	cuda:0	True
2024-01-01 21:09:37,476 - INFO - bert.transformer_blocks.5.norm2.bias	torch.Size([256])	cuda:0	True
2024-01-01 21:09:37,476 - INFO - mask_l.linear.weight	torch.Size([386, 256])	cuda:0	True
2024-01-01 21:09:37,476 - INFO - mask_l.linear.bias	torch.Size([386])	cuda:0	True
2024-01-01 21:09:37,476 - INFO - pooler.linear.dense.weight	torch.Size([256, 256])	cuda:0	True
2024-01-01 21:09:37,477 - INFO - pooler.linear.dense.bias	torch.Size([256])	cuda:0	True
2024-01-01 21:09:37,477 - INFO - Total parameter numbers: 5482376
2024-01-01 21:09:37,477 - INFO - You select `adamw` optimizer.
2024-01-01 21:09:37,479 - INFO - You select `cosinelr` lr_scheduler.
2024-01-01 21:09:37,482 - INFO - Start training ...
2024-01-01 21:09:37,483 - INFO - Num_batches: train=1, eval=1
2024-01-01 21:09:38,199 - INFO - {'mode': 'Train', 'epoch': 0, 'iter': 0, 'lr': 1e-06, 'Loc acc(%)': 0.0, 'MLM loss': 6.080909252166748, 'Contrastive loss': 1.5159646272659302, 'align_loss': 32.340843200683594, 'uniform_loss': -64.77069091796875}
2024-01-01 21:09:38,199 - INFO - Train: expid = 380200, Epoch = 0, avg_loss = 4.254931449890137, total_loc_acc = 0.0%.
2024-01-01 21:09:38,200 - INFO - epoch complete!
2024-01-01 21:09:38,201 - INFO - evaluating now!
2024-01-01 21:09:38,233 - INFO - {'mode': 'Train', 'epoch': 0, 'iter': 0, 'lr': 1e-06, 'Loc acc(%)': 0.0, 'MLM loss': 6.209204196929932, 'Contrastive loss': 0.0, 'align_loss': 0.0, 'uniform_loss': nan}
2024-01-01 21:09:38,233 - INFO - Eval: expid = 380200, Epoch = 0, avg_loss = 3.725522756576538, total_loc_acc = 0.0%.
2024-01-01 21:09:38,234 - INFO - Epoch [0/1] (1)  train_loss: 4.2549, val_loss: 3.7255, lr: 0.000051, 0.75s
2024-01-01 21:09:38,414 - INFO - Saved model at 0
2024-01-01 21:09:38,414 - INFO - Val loss decrease from inf to 3.7255, saving to ./libcity/cache/380200/model_cache/BERTContrastiveLM_bj_epoch0.tar
2024-01-01 21:09:38,414 - INFO - Trained totally 1 epochs, average train time is 0.717s, average eval time is 0.033s
2024-01-01 21:09:38,512 - INFO - Loaded model at 0
2024-01-01 21:09:38,579 - INFO - Save png at ./libcity/cache/380200/380200_loss.png
2024-01-01 21:09:38,635 - INFO - Save png at ./libcity/cache/380200/380200_acc.png
2024-01-01 21:09:38,688 - INFO - Save png at ./libcity/cache/380200/380200_lr.png
2024-01-01 21:09:38,830 - INFO - Saved model at ./libcity/cache/380200/model_cache/380200_BERTContrastiveLM_bj.pt
2024-01-01 21:09:38,830 - INFO - Start evaluating ...
2024-01-01 21:09:38,863 - INFO - {'mode': 'Train', 'epoch': 0, 'iter': 0, 'lr': 5.075e-05, 'Loc acc(%)': 0.0, 'MLM loss': 6.421137809753418, 'Contrastive loss': 0.0, 'align_loss': 0.0, 'uniform_loss': nan}
2024-01-01 21:09:38,863 - INFO - Test: expid = 380200, Epoch = 0, avg_loss = 3.8526828289031982, total_loc_acc = 0.0%.
2024-01-01 21:09:38,864 - INFO - Evaluate result is {
 "Precision@1": 0.0,
 "Recall@1": 0.0,
 "F1@1": 0.0,
 "MRR@1": 0.0,
 "MAP@1": 0.0,
 "NDCG@1": 0.0,
 "Precision@5": 0.0,
 "Recall@5": 0.0,
 "F1@5": 0.0,
 "MRR@5": 0.0,
 "MAP@5": 0.0,
 "NDCG@5": 0.0,
 "Precision@10": 0.0,
 "Recall@10": 0.0,
 "F1@10": 0.0,
 "MRR@10": 0.0,
 "MAP@10": 0.0,
 "NDCG@10": 0.0
}
2024-01-01 21:09:38,865 - INFO - Evaluate result is saved at ./libcity/cache/380200/evaluate_cache\380200_2024_01_01_21_09_38_BERTContrastiveLM_bj.json
2024-01-01 21:09:38,867 - INFO - Evaluate result is saved at ./libcity/cache/380200/evaluate_cache\380200_2024_01_01_21_09_38_BERTContrastiveLM_bj.csv
2024-01-01 21:09:38,873 - INFO - 
    Precision  Recall   F1  MRR  NDCG
1         0.0     0.0  0.0  0.0   0.0
5         0.0     0.0  0.0  0.0   0.0
10        0.0     0.0  0.0  0.0   0.0
2024-01-01 21:09:38,873 - INFO - Test time 0.043000221252441406s.
