2024-01-02 15:13:23,437 - INFO - Log directory: ./libcity/log
2024-01-02 15:13:23,437 - INFO - Begin pretrain-pipeline, task=trajectory_embedding, model_name=LinearNextLoc, dataset_name=bj, exp_id=428371
2024-01-02 15:13:23,437 - INFO - {'task': 'trajectory_embedding', 'model': 'LinearNextLoc', 'dataset': 'bj', 'saved_model': True, 'train': True, 'gpu': True, 'gpu_id': 0, 'pretrain_path': 'libcity/cache/210080/model_cache/210080_BERTContrastiveLM_bj.pt', 'n_layers': 6, 'd_model': 256, 'attn_heads': 8, 'max_epoch': 30, 'batch_size': 8, 'grad_accmu_steps': 1, 'learning_rate': 0.0002, 'roadnetwork': 'bj_roadmap_edge_bj_True_1_merge', 'geo_file': 'bj_roadmap_edge_bj_True_1_merge_withdegree', 'rel_file': 'bj_roadmap_edge_bj_True_1_merge_withdegree', 'merge': True, 'min_freq': 1, 'seq_len': 128, 'test_every': 50, 'temperature': 0.05, 'contra_loss_type': 'simclr', 'classify_label': 'vflag', 'type_ln': 'post', 'add_cls': True, 'add_time_in_day': True, 'add_day_in_week': True, 'add_pe': True, 'add_temporal_bias': True, 'temporal_bias_dim': 64, 'use_mins_interval': False, 'add_gat': True, 'gat_heads_per_layer': [8, 16, 1], 'gat_features_per_layer': [16, 16, 256], 'gat_dropout': 0.1, 'gat_K': 1, 'gat_avg_last': True, 'load_trans_prob': True, 'append_degree2gcn': True, 'normal_feature': False, 'pooling': 'cls', 'dataset_class': 'NextLocDataset', 'executor': 'NextLocExecutor', 'evaluator': 'RegressionEvaluator', 'num_workers': 0, 'vocab_path': None, 'mlp_ratio': 4, 'pretrain_road_emb': None, 'future_mask': False, 'load_node2vec': False, 'dropout': 0.1, 'drop_path': 0.3, 'attn_drop': 0.1, 'seed': 0, 'learner': 'adamw', 'lr_eta_min': 0, 'lr_warmup_epoch': 4, 'lr_warmup_init': 1e-06, 'lr_decay': True, 'lr_scheduler': 'cosinelr', 'lr_decay_ratio': 0.1, 't_in_epochs': True, 'clip_grad_norm': True, 'max_grad_norm': 5, 'use_early_stop': True, 'patience': 10, 'log_batch': 500, 'log_every': 1, 'l2_reg': None, 'bidir_adj_mx': False, 'freeze': False, 'metrics': ['MAE', 'RMSE', 'MAPE', 'R2', 'EVAR'], 'save_modes': ['csv', 'json'], 'device': device(type='cuda', index=0), 'exp_id': 428371}
2024-01-02 15:13:23,953 - INFO - Loading Vocab from raw_data/vocab_bj_True_1_merge.pkl
2024-01-02 15:13:23,953 - INFO - vocab_path=raw_data/vocab_bj_True_1_merge.pkl, usr_num=3, vocab_size=386
2024-01-02 15:13:23,957 - INFO - Loaded file bj_roadmap_edge_bj_True_1_merge_withdegree.geo, num_nodes=382
2024-01-02 15:13:23,959 - INFO - Loaded file bj_roadmap_edge_bj_True_1_merge_withdegree.rel, shape=(382, 382), edges=276.0
2024-01-02 15:13:23,962 - INFO - node_features: (382, 27)
2024-01-02 15:13:24,881 - INFO - node_features_encoded: torch.Size([386, 27])
2024-01-02 15:13:24,883 - INFO - edge_index: torch.Size([2, 662])
2024-01-02 15:13:24,883 - INFO - Trajectory loc-transfer prob shape=torch.Size([662, 1])
2024-01-02 15:13:24,883 - INFO - Loading Dataset!
2024-01-02 15:13:24,884 - INFO - Load dataset from raw_data/bj/cache_bj_train_True_True_1.pkl
2024-01-02 15:13:24,885 - INFO - Load dataset from raw_data/bj/cache_bj_eval_True_True_1.pkl
2024-01-02 15:13:24,885 - INFO - Load dataset from raw_data/bj/cache_bj_test_True_True_1.pkl
2024-01-02 15:13:24,885 - INFO - Size of dataset: 3/1/1
2024-01-02 15:13:24,885 - INFO - Creating Dataloader!
2024-01-02 15:13:24,887 - INFO - Building Downstream LinearNextLoc model
2024-01-02 15:13:24,888 - INFO - Building BERTDownstream model
2024-01-02 15:13:25,486 - INFO - LinearNextLoc(
  (model): BERTDownstream(
    (bert): BERT(
      (embedding): BERTEmbedding(
        (token_embedding): GAT(
          (gat_net): Sequential(
            (0): GATLayerImp3(
              (linear_proj): Linear(in_features=27, out_features=128, bias=False)
              (linear_proj_tran_prob): Linear(in_features=1, out_features=128, bias=False)
              (skip_proj): Linear(in_features=27, out_features=128, bias=False)
              (leakyReLU): LeakyReLU(negative_slope=0.2)
              (softmax): Softmax(dim=-1)
              (activation): ELU(alpha=1.0)
              (dropout): Dropout(p=0.1, inplace=False)
            )
            (1): GATLayerImp3(
              (linear_proj): Linear(in_features=128, out_features=256, bias=False)
              (linear_proj_tran_prob): Linear(in_features=1, out_features=256, bias=False)
              (skip_proj): Linear(in_features=128, out_features=256, bias=False)
              (leakyReLU): LeakyReLU(negative_slope=0.2)
              (softmax): Softmax(dim=-1)
              (activation): ELU(alpha=1.0)
              (dropout): Dropout(p=0.1, inplace=False)
            )
            (2): GATLayerImp3(
              (linear_proj): Linear(in_features=256, out_features=256, bias=False)
              (linear_proj_tran_prob): Linear(in_features=1, out_features=256, bias=False)
              (skip_proj): Linear(in_features=256, out_features=256, bias=False)
              (leakyReLU): LeakyReLU(negative_slope=0.2)
              (softmax): Softmax(dim=-1)
              (dropout): Dropout(p=0.1, inplace=False)
            )
          )
        )
        (position_embedding): PositionalEmbedding()
        (daytime_embedding): Embedding(1441, 256, padding_idx=0)
        (weekday_embedding): Embedding(8, 256, padding_idx=0)
        (dropout): Dropout(p=0.1, inplace=False)
      )
      (transformer_blocks): ModuleList(
        (0): TransformerBlock(
          (attention): MultiHeadedAttention(
            (linear_layers): ModuleList(
              (0): Linear(in_features=256, out_features=256, bias=True)
              (1): Linear(in_features=256, out_features=256, bias=True)
              (2): Linear(in_features=256, out_features=256, bias=True)
            )
            (dropout): Dropout(p=0.1, inplace=False)
            (proj): Linear(in_features=256, out_features=256, bias=True)
            (proj_drop): Dropout(p=0.1, inplace=False)
            (temporal_mat_bias_1): Linear(in_features=1, out_features=64, bias=True)
            (temporal_mat_bias_2): Linear(in_features=64, out_features=1, bias=True)
          )
          (mlp): Mlp(
            (fc1): Linear(in_features=256, out_features=1024, bias=True)
            (act): GELU()
            (fc2): Linear(in_features=1024, out_features=256, bias=True)
            (drop): Dropout(p=0.1, inplace=False)
          )
          (norm1): LayerNorm((256,), eps=1e-05, elementwise_affine=True)
          (norm2): LayerNorm((256,), eps=1e-05, elementwise_affine=True)
          (drop_path): Identity()
        )
        (1): TransformerBlock(
          (attention): MultiHeadedAttention(
            (linear_layers): ModuleList(
              (0): Linear(in_features=256, out_features=256, bias=True)
              (1): Linear(in_features=256, out_features=256, bias=True)
              (2): Linear(in_features=256, out_features=256, bias=True)
            )
            (dropout): Dropout(p=0.1, inplace=False)
            (proj): Linear(in_features=256, out_features=256, bias=True)
            (proj_drop): Dropout(p=0.1, inplace=False)
            (temporal_mat_bias_1): Linear(in_features=1, out_features=64, bias=True)
            (temporal_mat_bias_2): Linear(in_features=64, out_features=1, bias=True)
          )
          (mlp): Mlp(
            (fc1): Linear(in_features=256, out_features=1024, bias=True)
            (act): GELU()
            (fc2): Linear(in_features=1024, out_features=256, bias=True)
            (drop): Dropout(p=0.1, inplace=False)
          )
          (norm1): LayerNorm((256,), eps=1e-05, elementwise_affine=True)
          (norm2): LayerNorm((256,), eps=1e-05, elementwise_affine=True)
          (drop_path): DropPath()
        )
        (2): TransformerBlock(
          (attention): MultiHeadedAttention(
            (linear_layers): ModuleList(
              (0): Linear(in_features=256, out_features=256, bias=True)
              (1): Linear(in_features=256, out_features=256, bias=True)
              (2): Linear(in_features=256, out_features=256, bias=True)
            )
            (dropout): Dropout(p=0.1, inplace=False)
            (proj): Linear(in_features=256, out_features=256, bias=True)
            (proj_drop): Dropout(p=0.1, inplace=False)
            (temporal_mat_bias_1): Linear(in_features=1, out_features=64, bias=True)
            (temporal_mat_bias_2): Linear(in_features=64, out_features=1, bias=True)
          )
          (mlp): Mlp(
            (fc1): Linear(in_features=256, out_features=1024, bias=True)
            (act): GELU()
            (fc2): Linear(in_features=1024, out_features=256, bias=True)
            (drop): Dropout(p=0.1, inplace=False)
          )
          (norm1): LayerNorm((256,), eps=1e-05, elementwise_affine=True)
          (norm2): LayerNorm((256,), eps=1e-05, elementwise_affine=True)
          (drop_path): DropPath()
        )
        (3): TransformerBlock(
          (attention): MultiHeadedAttention(
            (linear_layers): ModuleList(
              (0): Linear(in_features=256, out_features=256, bias=True)
              (1): Linear(in_features=256, out_features=256, bias=True)
              (2): Linear(in_features=256, out_features=256, bias=True)
            )
            (dropout): Dropout(p=0.1, inplace=False)
            (proj): Linear(in_features=256, out_features=256, bias=True)
            (proj_drop): Dropout(p=0.1, inplace=False)
            (temporal_mat_bias_1): Linear(in_features=1, out_features=64, bias=True)
            (temporal_mat_bias_2): Linear(in_features=64, out_features=1, bias=True)
          )
          (mlp): Mlp(
            (fc1): Linear(in_features=256, out_features=1024, bias=True)
            (act): GELU()
            (fc2): Linear(in_features=1024, out_features=256, bias=True)
            (drop): Dropout(p=0.1, inplace=False)
          )
          (norm1): LayerNorm((256,), eps=1e-05, elementwise_affine=True)
          (norm2): LayerNorm((256,), eps=1e-05, elementwise_affine=True)
          (drop_path): DropPath()
        )
        (4): TransformerBlock(
          (attention): MultiHeadedAttention(
            (linear_layers): ModuleList(
              (0): Linear(in_features=256, out_features=256, bias=True)
              (1): Linear(in_features=256, out_features=256, bias=True)
              (2): Linear(in_features=256, out_features=256, bias=True)
            )
            (dropout): Dropout(p=0.1, inplace=False)
            (proj): Linear(in_features=256, out_features=256, bias=True)
            (proj_drop): Dropout(p=0.1, inplace=False)
            (temporal_mat_bias_1): Linear(in_features=1, out_features=64, bias=True)
            (temporal_mat_bias_2): Linear(in_features=64, out_features=1, bias=True)
          )
          (mlp): Mlp(
            (fc1): Linear(in_features=256, out_features=1024, bias=True)
            (act): GELU()
            (fc2): Linear(in_features=1024, out_features=256, bias=True)
            (drop): Dropout(p=0.1, inplace=False)
          )
          (norm1): LayerNorm((256,), eps=1e-05, elementwise_affine=True)
          (norm2): LayerNorm((256,), eps=1e-05, elementwise_affine=True)
          (drop_path): DropPath()
        )
        (5): TransformerBlock(
          (attention): MultiHeadedAttention(
            (linear_layers): ModuleList(
              (0): Linear(in_features=256, out_features=256, bias=True)
              (1): Linear(in_features=256, out_features=256, bias=True)
              (2): Linear(in_features=256, out_features=256, bias=True)
            )
            (dropout): Dropout(p=0.1, inplace=False)
            (proj): Linear(in_features=256, out_features=256, bias=True)
            (proj_drop): Dropout(p=0.1, inplace=False)
            (temporal_mat_bias_1): Linear(in_features=1, out_features=64, bias=True)
            (temporal_mat_bias_2): Linear(in_features=64, out_features=1, bias=True)
          )
          (mlp): Mlp(
            (fc1): Linear(in_features=256, out_features=1024, bias=True)
            (act): GELU()
            (fc2): Linear(in_features=1024, out_features=256, bias=True)
            (drop): Dropout(p=0.1, inplace=False)
          )
          (norm1): LayerNorm((256,), eps=1e-05, elementwise_affine=True)
          (norm2): LayerNorm((256,), eps=1e-05, elementwise_affine=True)
          (drop_path): DropPath()
        )
      )
    )
  )
  (linear): Linear(in_features=256, out_features=386, bias=True)
  (softmax): LogSoftmax(dim=-1)
)
2024-01-02 15:13:25,489 - INFO - model.bert.embedding.token_embedding.gat_net.0.scoring_fn_target	torch.Size([1, 8, 16])	cuda:0	True
2024-01-02 15:13:25,489 - INFO - model.bert.embedding.token_embedding.gat_net.0.scoring_fn_source	torch.Size([1, 8, 16])	cuda:0	True
2024-01-02 15:13:25,489 - INFO - model.bert.embedding.token_embedding.gat_net.0.scoring_trans_prob	torch.Size([1, 8, 16])	cuda:0	True
2024-01-02 15:13:25,489 - INFO - model.bert.embedding.token_embedding.gat_net.0.bias	torch.Size([128])	cuda:0	True
2024-01-02 15:13:25,489 - INFO - model.bert.embedding.token_embedding.gat_net.0.linear_proj.weight	torch.Size([128, 27])	cuda:0	True
2024-01-02 15:13:25,489 - INFO - model.bert.embedding.token_embedding.gat_net.0.linear_proj_tran_prob.weight	torch.Size([128, 1])	cuda:0	True
2024-01-02 15:13:25,489 - INFO - model.bert.embedding.token_embedding.gat_net.0.skip_proj.weight	torch.Size([128, 27])	cuda:0	True
2024-01-02 15:13:25,490 - INFO - model.bert.embedding.token_embedding.gat_net.1.scoring_fn_target	torch.Size([1, 16, 16])	cuda:0	True
2024-01-02 15:13:25,490 - INFO - model.bert.embedding.token_embedding.gat_net.1.scoring_fn_source	torch.Size([1, 16, 16])	cuda:0	True
2024-01-02 15:13:25,490 - INFO - model.bert.embedding.token_embedding.gat_net.1.scoring_trans_prob	torch.Size([1, 16, 16])	cuda:0	True
2024-01-02 15:13:25,490 - INFO - model.bert.embedding.token_embedding.gat_net.1.bias	torch.Size([256])	cuda:0	True
2024-01-02 15:13:25,490 - INFO - model.bert.embedding.token_embedding.gat_net.1.linear_proj.weight	torch.Size([256, 128])	cuda:0	True
2024-01-02 15:13:25,490 - INFO - model.bert.embedding.token_embedding.gat_net.1.linear_proj_tran_prob.weight	torch.Size([256, 1])	cuda:0	True
2024-01-02 15:13:25,490 - INFO - model.bert.embedding.token_embedding.gat_net.1.skip_proj.weight	torch.Size([256, 128])	cuda:0	True
2024-01-02 15:13:25,491 - INFO - model.bert.embedding.token_embedding.gat_net.2.scoring_fn_target	torch.Size([1, 1, 256])	cuda:0	True
2024-01-02 15:13:25,491 - INFO - model.bert.embedding.token_embedding.gat_net.2.scoring_fn_source	torch.Size([1, 1, 256])	cuda:0	True
2024-01-02 15:13:25,491 - INFO - model.bert.embedding.token_embedding.gat_net.2.scoring_trans_prob	torch.Size([1, 1, 256])	cuda:0	True
2024-01-02 15:13:25,491 - INFO - model.bert.embedding.token_embedding.gat_net.2.bias	torch.Size([256])	cuda:0	True
2024-01-02 15:13:25,491 - INFO - model.bert.embedding.token_embedding.gat_net.2.linear_proj.weight	torch.Size([256, 256])	cuda:0	True
2024-01-02 15:13:25,491 - INFO - model.bert.embedding.token_embedding.gat_net.2.linear_proj_tran_prob.weight	torch.Size([256, 1])	cuda:0	True
2024-01-02 15:13:25,491 - INFO - model.bert.embedding.token_embedding.gat_net.2.skip_proj.weight	torch.Size([256, 256])	cuda:0	True
2024-01-02 15:13:25,491 - INFO - model.bert.embedding.daytime_embedding.weight	torch.Size([1441, 256])	cuda:0	True
2024-01-02 15:13:25,492 - INFO - model.bert.embedding.weekday_embedding.weight	torch.Size([8, 256])	cuda:0	True
2024-01-02 15:13:25,492 - INFO - model.bert.transformer_blocks.0.attention.linear_layers.0.weight	torch.Size([256, 256])	cuda:0	True
2024-01-02 15:13:25,492 - INFO - model.bert.transformer_blocks.0.attention.linear_layers.0.bias	torch.Size([256])	cuda:0	True
2024-01-02 15:13:25,492 - INFO - model.bert.transformer_blocks.0.attention.linear_layers.1.weight	torch.Size([256, 256])	cuda:0	True
2024-01-02 15:13:25,492 - INFO - model.bert.transformer_blocks.0.attention.linear_layers.1.bias	torch.Size([256])	cuda:0	True
2024-01-02 15:13:25,492 - INFO - model.bert.transformer_blocks.0.attention.linear_layers.2.weight	torch.Size([256, 256])	cuda:0	True
2024-01-02 15:13:25,492 - INFO - model.bert.transformer_blocks.0.attention.linear_layers.2.bias	torch.Size([256])	cuda:0	True
2024-01-02 15:13:25,493 - INFO - model.bert.transformer_blocks.0.attention.proj.weight	torch.Size([256, 256])	cuda:0	True
2024-01-02 15:13:25,493 - INFO - model.bert.transformer_blocks.0.attention.proj.bias	torch.Size([256])	cuda:0	True
2024-01-02 15:13:25,493 - INFO - model.bert.transformer_blocks.0.attention.temporal_mat_bias_1.weight	torch.Size([64, 1])	cuda:0	True
2024-01-02 15:13:25,493 - INFO - model.bert.transformer_blocks.0.attention.temporal_mat_bias_1.bias	torch.Size([64])	cuda:0	True
2024-01-02 15:13:25,493 - INFO - model.bert.transformer_blocks.0.attention.temporal_mat_bias_2.weight	torch.Size([1, 64])	cuda:0	True
2024-01-02 15:13:25,493 - INFO - model.bert.transformer_blocks.0.attention.temporal_mat_bias_2.bias	torch.Size([1])	cuda:0	True
2024-01-02 15:13:25,493 - INFO - model.bert.transformer_blocks.0.mlp.fc1.weight	torch.Size([1024, 256])	cuda:0	True
2024-01-02 15:13:25,493 - INFO - model.bert.transformer_blocks.0.mlp.fc1.bias	torch.Size([1024])	cuda:0	True
2024-01-02 15:13:25,494 - INFO - model.bert.transformer_blocks.0.mlp.fc2.weight	torch.Size([256, 1024])	cuda:0	True
2024-01-02 15:13:25,494 - INFO - model.bert.transformer_blocks.0.mlp.fc2.bias	torch.Size([256])	cuda:0	True
2024-01-02 15:13:25,494 - INFO - model.bert.transformer_blocks.0.norm1.weight	torch.Size([256])	cuda:0	True
2024-01-02 15:13:25,494 - INFO - model.bert.transformer_blocks.0.norm1.bias	torch.Size([256])	cuda:0	True
2024-01-02 15:13:25,494 - INFO - model.bert.transformer_blocks.0.norm2.weight	torch.Size([256])	cuda:0	True
2024-01-02 15:13:25,494 - INFO - model.bert.transformer_blocks.0.norm2.bias	torch.Size([256])	cuda:0	True
2024-01-02 15:13:25,494 - INFO - model.bert.transformer_blocks.1.attention.linear_layers.0.weight	torch.Size([256, 256])	cuda:0	True
2024-01-02 15:13:25,494 - INFO - model.bert.transformer_blocks.1.attention.linear_layers.0.bias	torch.Size([256])	cuda:0	True
2024-01-02 15:13:25,494 - INFO - model.bert.transformer_blocks.1.attention.linear_layers.1.weight	torch.Size([256, 256])	cuda:0	True
2024-01-02 15:13:25,495 - INFO - model.bert.transformer_blocks.1.attention.linear_layers.1.bias	torch.Size([256])	cuda:0	True
2024-01-02 15:13:25,495 - INFO - model.bert.transformer_blocks.1.attention.linear_layers.2.weight	torch.Size([256, 256])	cuda:0	True
2024-01-02 15:13:25,495 - INFO - model.bert.transformer_blocks.1.attention.linear_layers.2.bias	torch.Size([256])	cuda:0	True
2024-01-02 15:13:25,495 - INFO - model.bert.transformer_blocks.1.attention.proj.weight	torch.Size([256, 256])	cuda:0	True
2024-01-02 15:13:25,495 - INFO - model.bert.transformer_blocks.1.attention.proj.bias	torch.Size([256])	cuda:0	True
2024-01-02 15:13:25,495 - INFO - model.bert.transformer_blocks.1.attention.temporal_mat_bias_1.weight	torch.Size([64, 1])	cuda:0	True
2024-01-02 15:13:25,495 - INFO - model.bert.transformer_blocks.1.attention.temporal_mat_bias_1.bias	torch.Size([64])	cuda:0	True
2024-01-02 15:13:25,495 - INFO - model.bert.transformer_blocks.1.attention.temporal_mat_bias_2.weight	torch.Size([1, 64])	cuda:0	True
2024-01-02 15:13:25,495 - INFO - model.bert.transformer_blocks.1.attention.temporal_mat_bias_2.bias	torch.Size([1])	cuda:0	True
2024-01-02 15:13:25,496 - INFO - model.bert.transformer_blocks.1.mlp.fc1.weight	torch.Size([1024, 256])	cuda:0	True
2024-01-02 15:13:25,496 - INFO - model.bert.transformer_blocks.1.mlp.fc1.bias	torch.Size([1024])	cuda:0	True
2024-01-02 15:13:25,496 - INFO - model.bert.transformer_blocks.1.mlp.fc2.weight	torch.Size([256, 1024])	cuda:0	True
2024-01-02 15:13:25,496 - INFO - model.bert.transformer_blocks.1.mlp.fc2.bias	torch.Size([256])	cuda:0	True
2024-01-02 15:13:25,496 - INFO - model.bert.transformer_blocks.1.norm1.weight	torch.Size([256])	cuda:0	True
2024-01-02 15:13:25,496 - INFO - model.bert.transformer_blocks.1.norm1.bias	torch.Size([256])	cuda:0	True
2024-01-02 15:13:25,496 - INFO - model.bert.transformer_blocks.1.norm2.weight	torch.Size([256])	cuda:0	True
2024-01-02 15:13:25,496 - INFO - model.bert.transformer_blocks.1.norm2.bias	torch.Size([256])	cuda:0	True
2024-01-02 15:13:25,496 - INFO - model.bert.transformer_blocks.2.attention.linear_layers.0.weight	torch.Size([256, 256])	cuda:0	True
2024-01-02 15:13:25,497 - INFO - model.bert.transformer_blocks.2.attention.linear_layers.0.bias	torch.Size([256])	cuda:0	True
2024-01-02 15:13:25,497 - INFO - model.bert.transformer_blocks.2.attention.linear_layers.1.weight	torch.Size([256, 256])	cuda:0	True
2024-01-02 15:13:25,497 - INFO - model.bert.transformer_blocks.2.attention.linear_layers.1.bias	torch.Size([256])	cuda:0	True
2024-01-02 15:13:25,497 - INFO - model.bert.transformer_blocks.2.attention.linear_layers.2.weight	torch.Size([256, 256])	cuda:0	True
2024-01-02 15:13:25,497 - INFO - model.bert.transformer_blocks.2.attention.linear_layers.2.bias	torch.Size([256])	cuda:0	True
2024-01-02 15:13:25,497 - INFO - model.bert.transformer_blocks.2.attention.proj.weight	torch.Size([256, 256])	cuda:0	True
2024-01-02 15:13:25,497 - INFO - model.bert.transformer_blocks.2.attention.proj.bias	torch.Size([256])	cuda:0	True
2024-01-02 15:13:25,498 - INFO - model.bert.transformer_blocks.2.attention.temporal_mat_bias_1.weight	torch.Size([64, 1])	cuda:0	True
2024-01-02 15:13:25,498 - INFO - model.bert.transformer_blocks.2.attention.temporal_mat_bias_1.bias	torch.Size([64])	cuda:0	True
2024-01-02 15:13:25,498 - INFO - model.bert.transformer_blocks.2.attention.temporal_mat_bias_2.weight	torch.Size([1, 64])	cuda:0	True
2024-01-02 15:13:25,498 - INFO - model.bert.transformer_blocks.2.attention.temporal_mat_bias_2.bias	torch.Size([1])	cuda:0	True
2024-01-02 15:13:25,498 - INFO - model.bert.transformer_blocks.2.mlp.fc1.weight	torch.Size([1024, 256])	cuda:0	True
2024-01-02 15:13:25,498 - INFO - model.bert.transformer_blocks.2.mlp.fc1.bias	torch.Size([1024])	cuda:0	True
2024-01-02 15:13:25,498 - INFO - model.bert.transformer_blocks.2.mlp.fc2.weight	torch.Size([256, 1024])	cuda:0	True
2024-01-02 15:13:25,498 - INFO - model.bert.transformer_blocks.2.mlp.fc2.bias	torch.Size([256])	cuda:0	True
2024-01-02 15:13:25,498 - INFO - model.bert.transformer_blocks.2.norm1.weight	torch.Size([256])	cuda:0	True
2024-01-02 15:13:25,499 - INFO - model.bert.transformer_blocks.2.norm1.bias	torch.Size([256])	cuda:0	True
2024-01-02 15:13:25,499 - INFO - model.bert.transformer_blocks.2.norm2.weight	torch.Size([256])	cuda:0	True
2024-01-02 15:13:25,499 - INFO - model.bert.transformer_blocks.2.norm2.bias	torch.Size([256])	cuda:0	True
2024-01-02 15:13:25,499 - INFO - model.bert.transformer_blocks.3.attention.linear_layers.0.weight	torch.Size([256, 256])	cuda:0	True
2024-01-02 15:13:25,499 - INFO - model.bert.transformer_blocks.3.attention.linear_layers.0.bias	torch.Size([256])	cuda:0	True
2024-01-02 15:13:25,499 - INFO - model.bert.transformer_blocks.3.attention.linear_layers.1.weight	torch.Size([256, 256])	cuda:0	True
2024-01-02 15:13:25,499 - INFO - model.bert.transformer_blocks.3.attention.linear_layers.1.bias	torch.Size([256])	cuda:0	True
2024-01-02 15:13:25,499 - INFO - model.bert.transformer_blocks.3.attention.linear_layers.2.weight	torch.Size([256, 256])	cuda:0	True
2024-01-02 15:13:25,499 - INFO - model.bert.transformer_blocks.3.attention.linear_layers.2.bias	torch.Size([256])	cuda:0	True
2024-01-02 15:13:25,500 - INFO - model.bert.transformer_blocks.3.attention.proj.weight	torch.Size([256, 256])	cuda:0	True
2024-01-02 15:13:25,500 - INFO - model.bert.transformer_blocks.3.attention.proj.bias	torch.Size([256])	cuda:0	True
2024-01-02 15:13:25,500 - INFO - model.bert.transformer_blocks.3.attention.temporal_mat_bias_1.weight	torch.Size([64, 1])	cuda:0	True
2024-01-02 15:13:25,500 - INFO - model.bert.transformer_blocks.3.attention.temporal_mat_bias_1.bias	torch.Size([64])	cuda:0	True
2024-01-02 15:13:25,500 - INFO - model.bert.transformer_blocks.3.attention.temporal_mat_bias_2.weight	torch.Size([1, 64])	cuda:0	True
2024-01-02 15:13:25,500 - INFO - model.bert.transformer_blocks.3.attention.temporal_mat_bias_2.bias	torch.Size([1])	cuda:0	True
2024-01-02 15:13:25,500 - INFO - model.bert.transformer_blocks.3.mlp.fc1.weight	torch.Size([1024, 256])	cuda:0	True
2024-01-02 15:13:25,500 - INFO - model.bert.transformer_blocks.3.mlp.fc1.bias	torch.Size([1024])	cuda:0	True
2024-01-02 15:13:25,501 - INFO - model.bert.transformer_blocks.3.mlp.fc2.weight	torch.Size([256, 1024])	cuda:0	True
2024-01-02 15:13:25,501 - INFO - model.bert.transformer_blocks.3.mlp.fc2.bias	torch.Size([256])	cuda:0	True
2024-01-02 15:13:25,501 - INFO - model.bert.transformer_blocks.3.norm1.weight	torch.Size([256])	cuda:0	True
2024-01-02 15:13:25,501 - INFO - model.bert.transformer_blocks.3.norm1.bias	torch.Size([256])	cuda:0	True
2024-01-02 15:13:25,501 - INFO - model.bert.transformer_blocks.3.norm2.weight	torch.Size([256])	cuda:0	True
2024-01-02 15:13:25,501 - INFO - model.bert.transformer_blocks.3.norm2.bias	torch.Size([256])	cuda:0	True
2024-01-02 15:13:25,501 - INFO - model.bert.transformer_blocks.4.attention.linear_layers.0.weight	torch.Size([256, 256])	cuda:0	True
2024-01-02 15:13:25,501 - INFO - model.bert.transformer_blocks.4.attention.linear_layers.0.bias	torch.Size([256])	cuda:0	True
2024-01-02 15:13:25,501 - INFO - model.bert.transformer_blocks.4.attention.linear_layers.1.weight	torch.Size([256, 256])	cuda:0	True
2024-01-02 15:13:25,502 - INFO - model.bert.transformer_blocks.4.attention.linear_layers.1.bias	torch.Size([256])	cuda:0	True
2024-01-02 15:13:25,502 - INFO - model.bert.transformer_blocks.4.attention.linear_layers.2.weight	torch.Size([256, 256])	cuda:0	True
2024-01-02 15:13:25,502 - INFO - model.bert.transformer_blocks.4.attention.linear_layers.2.bias	torch.Size([256])	cuda:0	True
2024-01-02 15:13:25,502 - INFO - model.bert.transformer_blocks.4.attention.proj.weight	torch.Size([256, 256])	cuda:0	True
2024-01-02 15:13:25,502 - INFO - model.bert.transformer_blocks.4.attention.proj.bias	torch.Size([256])	cuda:0	True
2024-01-02 15:13:25,502 - INFO - model.bert.transformer_blocks.4.attention.temporal_mat_bias_1.weight	torch.Size([64, 1])	cuda:0	True
2024-01-02 15:13:25,502 - INFO - model.bert.transformer_blocks.4.attention.temporal_mat_bias_1.bias	torch.Size([64])	cuda:0	True
2024-01-02 15:13:25,502 - INFO - model.bert.transformer_blocks.4.attention.temporal_mat_bias_2.weight	torch.Size([1, 64])	cuda:0	True
2024-01-02 15:13:25,502 - INFO - model.bert.transformer_blocks.4.attention.temporal_mat_bias_2.bias	torch.Size([1])	cuda:0	True
2024-01-02 15:13:25,503 - INFO - model.bert.transformer_blocks.4.mlp.fc1.weight	torch.Size([1024, 256])	cuda:0	True
2024-01-02 15:13:25,503 - INFO - model.bert.transformer_blocks.4.mlp.fc1.bias	torch.Size([1024])	cuda:0	True
2024-01-02 15:13:25,503 - INFO - model.bert.transformer_blocks.4.mlp.fc2.weight	torch.Size([256, 1024])	cuda:0	True
2024-01-02 15:13:25,503 - INFO - model.bert.transformer_blocks.4.mlp.fc2.bias	torch.Size([256])	cuda:0	True
2024-01-02 15:13:25,503 - INFO - model.bert.transformer_blocks.4.norm1.weight	torch.Size([256])	cuda:0	True
2024-01-02 15:13:25,503 - INFO - model.bert.transformer_blocks.4.norm1.bias	torch.Size([256])	cuda:0	True
2024-01-02 15:13:25,503 - INFO - model.bert.transformer_blocks.4.norm2.weight	torch.Size([256])	cuda:0	True
2024-01-02 15:13:25,503 - INFO - model.bert.transformer_blocks.4.norm2.bias	torch.Size([256])	cuda:0	True
2024-01-02 15:13:25,504 - INFO - model.bert.transformer_blocks.5.attention.linear_layers.0.weight	torch.Size([256, 256])	cuda:0	True
2024-01-02 15:13:25,504 - INFO - model.bert.transformer_blocks.5.attention.linear_layers.0.bias	torch.Size([256])	cuda:0	True
2024-01-02 15:13:25,504 - INFO - model.bert.transformer_blocks.5.attention.linear_layers.1.weight	torch.Size([256, 256])	cuda:0	True
2024-01-02 15:13:25,504 - INFO - model.bert.transformer_blocks.5.attention.linear_layers.1.bias	torch.Size([256])	cuda:0	True
2024-01-02 15:13:25,504 - INFO - model.bert.transformer_blocks.5.attention.linear_layers.2.weight	torch.Size([256, 256])	cuda:0	True
2024-01-02 15:13:25,504 - INFO - model.bert.transformer_blocks.5.attention.linear_layers.2.bias	torch.Size([256])	cuda:0	True
2024-01-02 15:13:25,504 - INFO - model.bert.transformer_blocks.5.attention.proj.weight	torch.Size([256, 256])	cuda:0	True
2024-01-02 15:13:25,504 - INFO - model.bert.transformer_blocks.5.attention.proj.bias	torch.Size([256])	cuda:0	True
2024-01-02 15:13:25,505 - INFO - model.bert.transformer_blocks.5.attention.temporal_mat_bias_1.weight	torch.Size([64, 1])	cuda:0	True
2024-01-02 15:13:25,505 - INFO - model.bert.transformer_blocks.5.attention.temporal_mat_bias_1.bias	torch.Size([64])	cuda:0	True
2024-01-02 15:13:25,505 - INFO - model.bert.transformer_blocks.5.attention.temporal_mat_bias_2.weight	torch.Size([1, 64])	cuda:0	True
2024-01-02 15:13:25,505 - INFO - model.bert.transformer_blocks.5.attention.temporal_mat_bias_2.bias	torch.Size([1])	cuda:0	True
2024-01-02 15:13:25,505 - INFO - model.bert.transformer_blocks.5.mlp.fc1.weight	torch.Size([1024, 256])	cuda:0	True
2024-01-02 15:13:25,505 - INFO - model.bert.transformer_blocks.5.mlp.fc1.bias	torch.Size([1024])	cuda:0	True
2024-01-02 15:13:25,505 - INFO - model.bert.transformer_blocks.5.mlp.fc2.weight	torch.Size([256, 1024])	cuda:0	True
2024-01-02 15:13:25,505 - INFO - model.bert.transformer_blocks.5.mlp.fc2.bias	torch.Size([256])	cuda:0	True
2024-01-02 15:13:25,505 - INFO - model.bert.transformer_blocks.5.norm1.weight	torch.Size([256])	cuda:0	True
2024-01-02 15:13:25,506 - INFO - model.bert.transformer_blocks.5.norm1.bias	torch.Size([256])	cuda:0	True
2024-01-02 15:13:25,506 - INFO - model.bert.transformer_blocks.5.norm2.weight	torch.Size([256])	cuda:0	True
2024-01-02 15:13:25,506 - INFO - model.bert.transformer_blocks.5.norm2.bias	torch.Size([256])	cuda:0	True
2024-01-02 15:13:25,506 - INFO - linear.weight	torch.Size([386, 256])	cuda:0	True
2024-01-02 15:13:25,506 - INFO - linear.bias	torch.Size([386])	cuda:0	True
2024-01-02 15:13:25,507 - INFO - Total parameter numbers: 5416584
2024-01-02 15:13:25,507 - INFO - You select `adamw` optimizer.
2024-01-02 15:13:25,508 - INFO - You select `cosinelr` lr_scheduler.
2024-01-02 15:13:25,546 - INFO - Load Pretrained-Model from libcity/cache/210080/model_cache/210080_BERTContrastiveLM_bj.pt
2024-01-02 15:13:25,564 - INFO - Start training ...
2024-01-02 15:13:25,564 - INFO - Num_batches: train=1, eval=1
2024-01-02 15:13:26,182 - INFO - {'mode': 'Train', 'epoch': 0, 'iter': 0, 'lr': 1e-06, 'loss': 6.187878608703613, 'acc(%)': 0.0}
2024-01-02 15:13:26,183 - INFO - Train: expid = 428371, Epoch = 0, avg_loss = 6.187878290812175, total_acc = 0.0%.
2024-01-02 15:13:26,183 - INFO - epoch complete!
2024-01-02 15:13:26,183 - INFO - evaluating now!
2024-01-02 15:13:26,195 - INFO - {'mode': 'Eval', 'epoch': 0, 'iter': 0, 'lr': 1e-06, 'loss': 6.396972179412842, 'acc(%)': 0.0}
2024-01-02 15:13:26,195 - INFO - Eval: expid = 428371, Epoch = 0, avg_loss = 6.396972179412842, total_acc = 0.0%.
2024-01-02 15:13:26,195 - INFO - Epoch [0/30] (1)  train_loss: 6.1879, train_acc: 0.00%, val_loss: 6.3970, val_acc: 0.00%, lr: 0.000051, 0.63s
2024-01-02 15:13:26,381 - INFO - Saved model at 0
2024-01-02 15:13:26,381 - INFO - Val loss decrease from inf to 6.3970, saving to ./libcity/cache/428371/model_cache/LinearNextLoc_bj_epoch0.tar
2024-01-02 15:13:26,459 - INFO - {'mode': 'Train', 'epoch': 1, 'iter': 0, 'lr': 5.075e-05, 'loss': 6.162795066833496, 'acc(%)': 0.0}
2024-01-02 15:13:26,460 - INFO - Train: expid = 428371, Epoch = 1, avg_loss = 6.162794748942058, total_acc = 0.0%.
2024-01-02 15:13:26,460 - INFO - epoch complete!
2024-01-02 15:13:26,460 - INFO - evaluating now!
2024-01-02 15:13:26,471 - INFO - {'mode': 'Eval', 'epoch': 1, 'iter': 0, 'lr': 5.075e-05, 'loss': 6.413772106170654, 'acc(%)': 0.0}
2024-01-02 15:13:26,472 - INFO - Eval: expid = 428371, Epoch = 1, avg_loss = 6.413772106170654, total_acc = 0.0%.
2024-01-02 15:13:26,472 - INFO - Epoch [1/30] (2)  train_loss: 6.1628, train_acc: 0.00%, val_loss: 6.4138, val_acc: 0.00%, lr: 0.000101, 0.09s
2024-01-02 15:13:26,552 - INFO - {'mode': 'Train', 'epoch': 2, 'iter': 0, 'lr': 0.0001005, 'loss': 5.2897419929504395, 'acc(%)': 0.0}
2024-01-02 15:13:26,553 - INFO - Train: expid = 428371, Epoch = 2, avg_loss = 5.28974183400472, total_acc = 0.0%.
2024-01-02 15:13:26,553 - INFO - epoch complete!
2024-01-02 15:13:26,554 - INFO - evaluating now!
2024-01-02 15:13:26,565 - INFO - {'mode': 'Eval', 'epoch': 2, 'iter': 0, 'lr': 0.0001005, 'loss': 6.450200080871582, 'acc(%)': 0.0}
2024-01-02 15:13:26,566 - INFO - Eval: expid = 428371, Epoch = 2, avg_loss = 6.450200080871582, total_acc = 0.0%.
2024-01-02 15:13:26,566 - INFO - Epoch [2/30] (3)  train_loss: 5.2897, train_acc: 0.00%, val_loss: 6.4502, val_acc: 0.00%, lr: 0.000150, 0.09s
2024-01-02 15:13:26,640 - INFO - {'mode': 'Train', 'epoch': 3, 'iter': 0, 'lr': 0.00015025000000000002, 'loss': 4.524481773376465, 'acc(%)': 100.0}
2024-01-02 15:13:26,640 - INFO - Train: expid = 428371, Epoch = 3, avg_loss = 4.524481455485026, total_acc = 100.0%.
2024-01-02 15:13:26,641 - INFO - epoch complete!
2024-01-02 15:13:26,641 - INFO - evaluating now!
2024-01-02 15:13:26,652 - INFO - {'mode': 'Eval', 'epoch': 3, 'iter': 0, 'lr': 0.00015025000000000002, 'loss': 6.487372398376465, 'acc(%)': 0.0}
2024-01-02 15:13:26,652 - INFO - Eval: expid = 428371, Epoch = 3, avg_loss = 6.487372398376465, total_acc = 0.0%.
2024-01-02 15:13:26,652 - INFO - Epoch [3/30] (4)  train_loss: 4.5245, train_acc: 100.00%, val_loss: 6.4874, val_acc: 0.00%, lr: 0.000191, 0.09s
2024-01-02 15:13:26,726 - INFO - {'mode': 'Train', 'epoch': 4, 'iter': 0, 'lr': 0.0001913545457642601, 'loss': 3.5951287746429443, 'acc(%)': 100.0}
2024-01-02 15:13:26,727 - INFO - Train: expid = 428371, Epoch = 4, avg_loss = 3.5951286951700845, total_acc = 100.0%.
2024-01-02 15:13:26,728 - INFO - epoch complete!
2024-01-02 15:13:26,728 - INFO - evaluating now!
2024-01-02 15:13:26,739 - INFO - {'mode': 'Eval', 'epoch': 4, 'iter': 0, 'lr': 0.0001913545457642601, 'loss': 6.594108581542969, 'acc(%)': 0.0}
2024-01-02 15:13:26,739 - INFO - Eval: expid = 428371, Epoch = 4, avg_loss = 6.594108581542969, total_acc = 0.0%.
2024-01-02 15:13:26,740 - INFO - Epoch [4/30] (5)  train_loss: 3.5951, train_acc: 100.00%, val_loss: 6.5941, val_acc: 0.00%, lr: 0.000187, 0.09s
2024-01-02 15:13:26,811 - INFO - {'mode': 'Train', 'epoch': 5, 'iter': 0, 'lr': 0.00018660254037844388, 'loss': 3.1210994720458984, 'acc(%)': 100.0}
2024-01-02 15:13:26,811 - INFO - Train: expid = 428371, Epoch = 5, avg_loss = 3.1210994720458984, total_acc = 100.0%.
2024-01-02 15:13:26,812 - INFO - epoch complete!
2024-01-02 15:13:26,812 - INFO - evaluating now!
2024-01-02 15:13:26,823 - INFO - {'mode': 'Eval', 'epoch': 5, 'iter': 0, 'lr': 0.00018660254037844388, 'loss': 6.678173065185547, 'acc(%)': 0.0}
2024-01-02 15:13:26,823 - INFO - Eval: expid = 428371, Epoch = 5, avg_loss = 6.678173065185547, total_acc = 0.0%.
2024-01-02 15:13:26,823 - INFO - Epoch [5/30] (6)  train_loss: 3.1211, train_acc: 100.00%, val_loss: 6.6782, val_acc: 0.00%, lr: 0.000181, 0.08s
2024-01-02 15:13:26,900 - INFO - {'mode': 'Train', 'epoch': 6, 'iter': 0, 'lr': 0.00018090169943749476, 'loss': 2.2956655025482178, 'acc(%)': 100.0}
2024-01-02 15:13:26,900 - INFO - Train: expid = 428371, Epoch = 6, avg_loss = 2.295665423075358, total_acc = 100.0%.
2024-01-02 15:13:26,901 - INFO - epoch complete!
2024-01-02 15:13:26,901 - INFO - evaluating now!
2024-01-02 15:13:26,912 - INFO - {'mode': 'Eval', 'epoch': 6, 'iter': 0, 'lr': 0.00018090169943749476, 'loss': 6.769488334655762, 'acc(%)': 0.0}
2024-01-02 15:13:26,912 - INFO - Eval: expid = 428371, Epoch = 6, avg_loss = 6.769488334655762, total_acc = 0.0%.
2024-01-02 15:13:26,913 - INFO - Epoch [6/30] (7)  train_loss: 2.2957, train_acc: 100.00%, val_loss: 6.7695, val_acc: 0.00%, lr: 0.000174, 0.09s
2024-01-02 15:13:26,986 - INFO - {'mode': 'Train', 'epoch': 7, 'iter': 0, 'lr': 0.00017431448254773944, 'loss': 2.284071683883667, 'acc(%)': 100.0}
2024-01-02 15:13:26,987 - INFO - Train: expid = 428371, Epoch = 7, avg_loss = 2.284071604410807, total_acc = 100.0%.
2024-01-02 15:13:26,987 - INFO - epoch complete!
2024-01-02 15:13:26,988 - INFO - evaluating now!
2024-01-02 15:13:26,998 - INFO - {'mode': 'Eval', 'epoch': 7, 'iter': 0, 'lr': 0.00017431448254773944, 'loss': 6.837075710296631, 'acc(%)': 0.0}
2024-01-02 15:13:26,999 - INFO - Eval: expid = 428371, Epoch = 7, avg_loss = 6.837075710296631, total_acc = 0.0%.
2024-01-02 15:13:26,999 - INFO - Epoch [7/30] (8)  train_loss: 2.2841, train_acc: 100.00%, val_loss: 6.8371, val_acc: 0.00%, lr: 0.000167, 0.09s
2024-01-02 15:13:27,073 - INFO - {'mode': 'Train', 'epoch': 8, 'iter': 0, 'lr': 0.00016691306063588583, 'loss': 1.9623351097106934, 'acc(%)': 100.0}
2024-01-02 15:13:27,073 - INFO - Train: expid = 428371, Epoch = 8, avg_loss = 1.9623351097106934, total_acc = 100.0%.
2024-01-02 15:13:27,074 - INFO - epoch complete!
2024-01-02 15:13:27,074 - INFO - evaluating now!
2024-01-02 15:13:27,085 - INFO - {'mode': 'Eval', 'epoch': 8, 'iter': 0, 'lr': 0.00016691306063588583, 'loss': 6.888007640838623, 'acc(%)': 0.0}
2024-01-02 15:13:27,086 - INFO - Eval: expid = 428371, Epoch = 8, avg_loss = 6.888007640838623, total_acc = 0.0%.
2024-01-02 15:13:27,086 - INFO - Epoch [8/30] (9)  train_loss: 1.9623, train_acc: 100.00%, val_loss: 6.8880, val_acc: 0.00%, lr: 0.000159, 0.09s
2024-01-02 15:13:27,156 - INFO - {'mode': 'Train', 'epoch': 9, 'iter': 0, 'lr': 0.00015877852522924732, 'loss': 1.9362564086914062, 'acc(%)': 100.0}
2024-01-02 15:13:27,157 - INFO - Train: expid = 428371, Epoch = 9, avg_loss = 1.9362564086914062, total_acc = 100.0%.
2024-01-02 15:13:27,157 - INFO - epoch complete!
2024-01-02 15:13:27,158 - INFO - evaluating now!
2024-01-02 15:13:27,170 - INFO - {'mode': 'Eval', 'epoch': 9, 'iter': 0, 'lr': 0.00015877852522924732, 'loss': 6.944393157958984, 'acc(%)': 0.0}
2024-01-02 15:13:27,170 - INFO - Eval: expid = 428371, Epoch = 9, avg_loss = 6.944393157958984, total_acc = 0.0%.
2024-01-02 15:13:27,170 - INFO - Epoch [9/30] (10)  train_loss: 1.9363, train_acc: 100.00%, val_loss: 6.9444, val_acc: 0.00%, lr: 0.000150, 0.08s
2024-01-02 15:13:27,248 - INFO - {'mode': 'Train', 'epoch': 10, 'iter': 0, 'lr': 0.00015000000000000001, 'loss': 1.9364440441131592, 'acc(%)': 100.0}
2024-01-02 15:13:27,249 - INFO - Train: expid = 428371, Epoch = 10, avg_loss = 1.9364439646402996, total_acc = 100.0%.
2024-01-02 15:13:27,249 - INFO - epoch complete!
2024-01-02 15:13:27,249 - INFO - evaluating now!
2024-01-02 15:13:27,260 - INFO - {'mode': 'Eval', 'epoch': 10, 'iter': 0, 'lr': 0.00015000000000000001, 'loss': 7.024247169494629, 'acc(%)': 0.0}
2024-01-02 15:13:27,261 - INFO - Eval: expid = 428371, Epoch = 10, avg_loss = 7.024247169494629, total_acc = 0.0%.
2024-01-02 15:13:27,261 - INFO - Epoch [10/30] (11)  train_loss: 1.9364, train_acc: 100.00%, val_loss: 7.0242, val_acc: 0.00%, lr: 0.000141, 0.09s
2024-01-02 15:13:27,261 - WARNING - Early stopping at epoch: 10
2024-01-02 15:13:27,261 - INFO - Trained totally 11 epochs, average train time is 0.125s, average eval time is 0.012s, average train acc is 72.73%, average eval acc is 0.00%
2024-01-02 15:13:27,359 - INFO - Loaded model at 0
2024-01-02 15:13:27,431 - INFO - Save png at ./libcity/cache/428371/428371_loss.png
2024-01-02 15:13:27,489 - INFO - Save png at ./libcity/cache/428371/428371_lr.png
2024-01-02 15:13:27,549 - INFO - Save png at ./libcity/cache/428371/428371_acc.png
2024-01-02 15:13:27,686 - INFO - Saved model at ./libcity/cache/428371/model_cache/428371_LinearNextLoc_bj.pt
2024-01-02 15:13:27,686 - INFO - Start evaluating ...
2024-01-02 15:13:27,697 - INFO - {'mode': 'Test', 'epoch': 0, 'iter': 0, 'lr': 5.075e-05, 'loss': 6.090875625610352, 'acc(%)': 0.0}
2024-01-02 15:13:27,697 - INFO - Test: expid = 428371, Epoch = 0, avg_loss = 6.090875625610352, total_acc = 0.0%.
2024-01-02 15:13:27,699 - INFO - Test time 0.013000249862670898s.
