2024-01-01 16:34:40,385 - INFO - Log directory: ./libcity/log
2024-01-01 16:34:40,385 - INFO - Begin pretrain-pipeline, task=trajectory_embedding, model_name=BERTContrastiveLM, dataset_name=bj, exp_id=434242
2024-01-01 16:34:40,385 - INFO - {'task': 'trajectory_embedding', 'model': 'BERTContrastiveLM', 'dataset': 'bj', 'saved_model': True, 'train': True, 'gpu': True, 'gpu_id': 0, 'distribution': 'geometric', 'avg_mask_len': 2, 'contra_ratio': 0.4, 'mlm_ratio': 0.6, 'split': True, 'n_layers': 6, 'd_model': 256, 'attn_heads': 8, 'max_epoch': 1, 'batch_size': 8, 'grad_accmu_steps': 1, 'learning_rate': 0.0002, 'roadnetwork': 'bj_roadmap_edge_bj_True_1_merge', 'geo_file': 'bj_roadmap_edge_bj_True_1_merge_withdegree', 'rel_file': 'bj_roadmap_edge_bj_True_1_merge_withdegree', 'merge': True, 'min_freq': 1, 'seq_len': 128, 'test_every': 50, 'temperature': 0.05, 'contra_loss_type': 'simclr', 'classify_label': 'vflag', 'type_ln': 'post', 'add_cls': True, 'add_time_in_day': True, 'add_day_in_week': True, 'add_pe': True, 'add_temporal_bias': True, 'temporal_bias_dim': 64, 'use_mins_interval': False, 'add_gat': True, 'gat_heads_per_layer': [8, 16, 1], 'gat_features_per_layer': [16, 16, 256], 'gat_dropout': 0.1, 'gat_K': 1, 'gat_avg_last': True, 'load_trans_prob': True, 'append_degree2gcn': True, 'normal_feature': False, 'pooling': 'cls', 'dataset_class': 'ContrastiveSplitLMDataset', 'executor': 'ContrastiveSplitMLMExecutor', 'evaluator': 'ClassificationEvaluator', 'num_workers': 0, 'vocab_path': None, 'masking_ratio': 0.15, 'masking_mode': 'together', 'mlp_ratio': 4, 'pretrain_road_emb': None, 'future_mask': False, 'load_node2vec': False, 'dropout': 0.1, 'drop_path': 0.3, 'attn_drop': 0.1, 'seed': 0, 'learner': 'adamw', 'lr_eta_min': 0, 'lr_warmup_epoch': 4, 'lr_warmup_init': 1e-06, 'lr_decay': True, 'lr_scheduler': 'cosinelr', 'lr_decay_ratio': 0.1, 't_in_epochs': True, 'clip_grad_norm': True, 'max_grad_norm': 5, 'use_early_stop': True, 'patience': 10, 'log_batch': 500, 'log_every': 1, 'l2_reg': None, 'n_views': 2, 'similarity': 'cosine', 'data_argument1': [], 'data_argument2': [], 'cutoff_row_rate': 0.2, 'cutoff_column_rate': 0.2, 'cutoff_random_rate': 0.2, 'sample_rate': 0.2, 'align_w': 1.0, 'unif_w': 1.0, 'align_alpha': 2, 'unif_t': 2, 'train_align_uniform': False, 'test_align_uniform': True, 'norm_align_uniform': False, 'bidir_adj_mx': False, 'out_data_argument1': None, 'out_data_argument2': None, 'metrics': ['Precision', 'Recall', 'F1', 'MRR', 'NDCG'], 'save_modes': ['csv', 'json'], 'topk': [1, 5, 10], 'device': device(type='cuda', index=0), 'exp_id': 434242}
2024-01-01 16:34:40,870 - INFO - Loading Vocab from raw_data/vocab_bj_True_1_merge.pkl
2024-01-01 16:34:40,885 - INFO - vocab_path=raw_data/vocab_bj_True_1_merge.pkl, usr_num=75, vocab_size=27313
2024-01-01 16:34:40,932 - INFO - Loaded file bj_roadmap_edge_bj_True_1_merge_withdegree.geo, num_nodes=27309
2024-01-01 16:34:42,293 - INFO - Loaded file bj_roadmap_edge_bj_True_1_merge_withdegree.rel, shape=(27309, 27309), edges=51196.0
2024-01-01 16:34:42,293 - INFO - node_features: (27309, 42)
2024-01-01 16:34:43,263 - INFO - node_features_encoded: torch.Size([27313, 42])
2024-01-01 16:34:43,404 - INFO - edge_index: torch.Size([2, 78471])
2024-01-01 16:34:43,420 - INFO - Trajectory loc-transfer prob shape=torch.Size([78471, 1])
2024-01-01 16:34:43,420 - INFO - Loading Dataset!
2024-01-01 16:34:44,165 - INFO - Load dataset from raw_data/bj/cache_bj_train_True_True_1.pkl
2024-01-01 16:34:44,165 - INFO - Init TrajectoryProcessingDatasetSplitLM!
2024-01-01 16:34:45,608 - INFO - Load dataset from raw_data/bj/cache_bj_train_True_True_1.pkl, raw_data/bj/cache_bj_train_True_True_1.pkl
2024-01-01 16:34:46,264 - INFO - Load dataset from raw_data/bj/cache_bj_eval_True_True_1.pkl
2024-01-01 16:34:46,264 - INFO - Init TrajectoryProcessingDatasetSplitLM!
2024-01-01 16:34:46,765 - INFO - Load dataset from raw_data/bj/cache_bj_eval_True_True_1.pkl, raw_data/bj/cache_bj_eval_True_True_1.pkl
2024-01-01 16:34:47,015 - INFO - Load dataset from raw_data/bj/cache_bj_test_True_True_1.pkl
2024-01-01 16:34:47,015 - INFO - Init TrajectoryProcessingDatasetSplitLM!
2024-01-01 16:34:47,519 - INFO - Load dataset from raw_data/bj/cache_bj_test_True_True_1.pkl, raw_data/bj/cache_bj_test_True_True_1.pkl
2024-01-01 16:34:47,519 - INFO - Size of dataset: 10510/3504/3504
2024-01-01 16:34:47,519 - INFO - Creating Dataloader!
2024-01-01 16:34:47,519 - INFO - Building BERTContrastiveLM model
2024-01-01 16:34:47,597 - INFO - Building BERTPooler model
2024-01-01 16:34:48,176 - INFO - BERTContrastiveLM(
  (bert): BERT(
    (embedding): BERTEmbedding(
      (token_embedding): GAT(
        (gat_net): Sequential(
          (0): GATLayerImp3(
            (linear_proj): Linear(in_features=42, out_features=128, bias=False)
            (linear_proj_tran_prob): Linear(in_features=1, out_features=128, bias=False)
            (skip_proj): Linear(in_features=42, out_features=128, bias=False)
            (leakyReLU): LeakyReLU(negative_slope=0.2)
            (softmax): Softmax(dim=-1)
            (activation): ELU(alpha=1.0)
            (dropout): Dropout(p=0.1, inplace=False)
          )
          (1): GATLayerImp3(
            (linear_proj): Linear(in_features=128, out_features=256, bias=False)
            (linear_proj_tran_prob): Linear(in_features=1, out_features=256, bias=False)
            (skip_proj): Linear(in_features=128, out_features=256, bias=False)
            (leakyReLU): LeakyReLU(negative_slope=0.2)
            (softmax): Softmax(dim=-1)
            (activation): ELU(alpha=1.0)
            (dropout): Dropout(p=0.1, inplace=False)
          )
          (2): GATLayerImp3(
            (linear_proj): Linear(in_features=256, out_features=256, bias=False)
            (linear_proj_tran_prob): Linear(in_features=1, out_features=256, bias=False)
            (skip_proj): Linear(in_features=256, out_features=256, bias=False)
            (leakyReLU): LeakyReLU(negative_slope=0.2)
            (softmax): Softmax(dim=-1)
            (dropout): Dropout(p=0.1, inplace=False)
          )
        )
      )
      (position_embedding): PositionalEmbedding()
      (daytime_embedding): Embedding(1441, 256, padding_idx=0)
      (weekday_embedding): Embedding(8, 256, padding_idx=0)
      (dropout): Dropout(p=0.1, inplace=False)
    )
    (transformer_blocks): ModuleList(
      (0): TransformerBlock(
        (attention): MultiHeadedAttention(
          (linear_layers): ModuleList(
            (0): Linear(in_features=256, out_features=256, bias=True)
            (1): Linear(in_features=256, out_features=256, bias=True)
            (2): Linear(in_features=256, out_features=256, bias=True)
          )
          (dropout): Dropout(p=0.1, inplace=False)
          (proj): Linear(in_features=256, out_features=256, bias=True)
          (proj_drop): Dropout(p=0.1, inplace=False)
          (temporal_mat_bias_1): Linear(in_features=1, out_features=64, bias=True)
          (temporal_mat_bias_2): Linear(in_features=64, out_features=1, bias=True)
        )
        (mlp): Mlp(
          (fc1): Linear(in_features=256, out_features=1024, bias=True)
          (act): GELU()
          (fc2): Linear(in_features=1024, out_features=256, bias=True)
          (drop): Dropout(p=0.1, inplace=False)
        )
        (norm1): LayerNorm((256,), eps=1e-05, elementwise_affine=True)
        (norm2): LayerNorm((256,), eps=1e-05, elementwise_affine=True)
        (drop_path): Identity()
      )
      (1): TransformerBlock(
        (attention): MultiHeadedAttention(
          (linear_layers): ModuleList(
            (0): Linear(in_features=256, out_features=256, bias=True)
            (1): Linear(in_features=256, out_features=256, bias=True)
            (2): Linear(in_features=256, out_features=256, bias=True)
          )
          (dropout): Dropout(p=0.1, inplace=False)
          (proj): Linear(in_features=256, out_features=256, bias=True)
          (proj_drop): Dropout(p=0.1, inplace=False)
          (temporal_mat_bias_1): Linear(in_features=1, out_features=64, bias=True)
          (temporal_mat_bias_2): Linear(in_features=64, out_features=1, bias=True)
        )
        (mlp): Mlp(
          (fc1): Linear(in_features=256, out_features=1024, bias=True)
          (act): GELU()
          (fc2): Linear(in_features=1024, out_features=256, bias=True)
          (drop): Dropout(p=0.1, inplace=False)
        )
        (norm1): LayerNorm((256,), eps=1e-05, elementwise_affine=True)
        (norm2): LayerNorm((256,), eps=1e-05, elementwise_affine=True)
        (drop_path): DropPath()
      )
      (2): TransformerBlock(
        (attention): MultiHeadedAttention(
          (linear_layers): ModuleList(
            (0): Linear(in_features=256, out_features=256, bias=True)
            (1): Linear(in_features=256, out_features=256, bias=True)
            (2): Linear(in_features=256, out_features=256, bias=True)
          )
          (dropout): Dropout(p=0.1, inplace=False)
          (proj): Linear(in_features=256, out_features=256, bias=True)
          (proj_drop): Dropout(p=0.1, inplace=False)
          (temporal_mat_bias_1): Linear(in_features=1, out_features=64, bias=True)
          (temporal_mat_bias_2): Linear(in_features=64, out_features=1, bias=True)
        )
        (mlp): Mlp(
          (fc1): Linear(in_features=256, out_features=1024, bias=True)
          (act): GELU()
          (fc2): Linear(in_features=1024, out_features=256, bias=True)
          (drop): Dropout(p=0.1, inplace=False)
        )
        (norm1): LayerNorm((256,), eps=1e-05, elementwise_affine=True)
        (norm2): LayerNorm((256,), eps=1e-05, elementwise_affine=True)
        (drop_path): DropPath()
      )
      (3): TransformerBlock(
        (attention): MultiHeadedAttention(
          (linear_layers): ModuleList(
            (0): Linear(in_features=256, out_features=256, bias=True)
            (1): Linear(in_features=256, out_features=256, bias=True)
            (2): Linear(in_features=256, out_features=256, bias=True)
          )
          (dropout): Dropout(p=0.1, inplace=False)
          (proj): Linear(in_features=256, out_features=256, bias=True)
          (proj_drop): Dropout(p=0.1, inplace=False)
          (temporal_mat_bias_1): Linear(in_features=1, out_features=64, bias=True)
          (temporal_mat_bias_2): Linear(in_features=64, out_features=1, bias=True)
        )
        (mlp): Mlp(
          (fc1): Linear(in_features=256, out_features=1024, bias=True)
          (act): GELU()
          (fc2): Linear(in_features=1024, out_features=256, bias=True)
          (drop): Dropout(p=0.1, inplace=False)
        )
        (norm1): LayerNorm((256,), eps=1e-05, elementwise_affine=True)
        (norm2): LayerNorm((256,), eps=1e-05, elementwise_affine=True)
        (drop_path): DropPath()
      )
      (4): TransformerBlock(
        (attention): MultiHeadedAttention(
          (linear_layers): ModuleList(
            (0): Linear(in_features=256, out_features=256, bias=True)
            (1): Linear(in_features=256, out_features=256, bias=True)
            (2): Linear(in_features=256, out_features=256, bias=True)
          )
          (dropout): Dropout(p=0.1, inplace=False)
          (proj): Linear(in_features=256, out_features=256, bias=True)
          (proj_drop): Dropout(p=0.1, inplace=False)
          (temporal_mat_bias_1): Linear(in_features=1, out_features=64, bias=True)
          (temporal_mat_bias_2): Linear(in_features=64, out_features=1, bias=True)
        )
        (mlp): Mlp(
          (fc1): Linear(in_features=256, out_features=1024, bias=True)
          (act): GELU()
          (fc2): Linear(in_features=1024, out_features=256, bias=True)
          (drop): Dropout(p=0.1, inplace=False)
        )
        (norm1): LayerNorm((256,), eps=1e-05, elementwise_affine=True)
        (norm2): LayerNorm((256,), eps=1e-05, elementwise_affine=True)
        (drop_path): DropPath()
      )
      (5): TransformerBlock(
        (attention): MultiHeadedAttention(
          (linear_layers): ModuleList(
            (0): Linear(in_features=256, out_features=256, bias=True)
            (1): Linear(in_features=256, out_features=256, bias=True)
            (2): Linear(in_features=256, out_features=256, bias=True)
          )
          (dropout): Dropout(p=0.1, inplace=False)
          (proj): Linear(in_features=256, out_features=256, bias=True)
          (proj_drop): Dropout(p=0.1, inplace=False)
          (temporal_mat_bias_1): Linear(in_features=1, out_features=64, bias=True)
          (temporal_mat_bias_2): Linear(in_features=64, out_features=1, bias=True)
        )
        (mlp): Mlp(
          (fc1): Linear(in_features=256, out_features=1024, bias=True)
          (act): GELU()
          (fc2): Linear(in_features=1024, out_features=256, bias=True)
          (drop): Dropout(p=0.1, inplace=False)
        )
        (norm1): LayerNorm((256,), eps=1e-05, elementwise_affine=True)
        (norm2): LayerNorm((256,), eps=1e-05, elementwise_affine=True)
        (drop_path): DropPath()
      )
    )
  )
  (mask_l): MaskedLanguageModel(
    (linear): Linear(in_features=256, out_features=27313, bias=True)
    (softmax): LogSoftmax(dim=-1)
  )
  (pooler): BERTPooler(
    (linear): MLPLayer(
      (dense): Linear(in_features=256, out_features=256, bias=True)
      (activation): Tanh()
    )
  )
)
2024-01-01 16:34:48,176 - INFO - bert.embedding.token_embedding.gat_net.0.scoring_fn_target	torch.Size([1, 8, 16])	cuda:0	True
2024-01-01 16:34:48,176 - INFO - bert.embedding.token_embedding.gat_net.0.scoring_fn_source	torch.Size([1, 8, 16])	cuda:0	True
2024-01-01 16:34:48,176 - INFO - bert.embedding.token_embedding.gat_net.0.scoring_trans_prob	torch.Size([1, 8, 16])	cuda:0	True
2024-01-01 16:34:48,176 - INFO - bert.embedding.token_embedding.gat_net.0.bias	torch.Size([128])	cuda:0	True
2024-01-01 16:34:48,191 - INFO - bert.embedding.token_embedding.gat_net.0.linear_proj.weight	torch.Size([128, 42])	cuda:0	True
2024-01-01 16:34:48,191 - INFO - bert.embedding.token_embedding.gat_net.0.linear_proj_tran_prob.weight	torch.Size([128, 1])	cuda:0	True
2024-01-01 16:34:48,191 - INFO - bert.embedding.token_embedding.gat_net.0.skip_proj.weight	torch.Size([128, 42])	cuda:0	True
2024-01-01 16:34:48,191 - INFO - bert.embedding.token_embedding.gat_net.1.scoring_fn_target	torch.Size([1, 16, 16])	cuda:0	True
2024-01-01 16:34:48,191 - INFO - bert.embedding.token_embedding.gat_net.1.scoring_fn_source	torch.Size([1, 16, 16])	cuda:0	True
2024-01-01 16:34:48,191 - INFO - bert.embedding.token_embedding.gat_net.1.scoring_trans_prob	torch.Size([1, 16, 16])	cuda:0	True
2024-01-01 16:34:48,191 - INFO - bert.embedding.token_embedding.gat_net.1.bias	torch.Size([256])	cuda:0	True
2024-01-01 16:34:48,191 - INFO - bert.embedding.token_embedding.gat_net.1.linear_proj.weight	torch.Size([256, 128])	cuda:0	True
2024-01-01 16:34:48,191 - INFO - bert.embedding.token_embedding.gat_net.1.linear_proj_tran_prob.weight	torch.Size([256, 1])	cuda:0	True
2024-01-01 16:34:48,191 - INFO - bert.embedding.token_embedding.gat_net.1.skip_proj.weight	torch.Size([256, 128])	cuda:0	True
2024-01-01 16:34:48,191 - INFO - bert.embedding.token_embedding.gat_net.2.scoring_fn_target	torch.Size([1, 1, 256])	cuda:0	True
2024-01-01 16:34:48,191 - INFO - bert.embedding.token_embedding.gat_net.2.scoring_fn_source	torch.Size([1, 1, 256])	cuda:0	True
2024-01-01 16:34:48,191 - INFO - bert.embedding.token_embedding.gat_net.2.scoring_trans_prob	torch.Size([1, 1, 256])	cuda:0	True
2024-01-01 16:34:48,191 - INFO - bert.embedding.token_embedding.gat_net.2.bias	torch.Size([256])	cuda:0	True
2024-01-01 16:34:48,191 - INFO - bert.embedding.token_embedding.gat_net.2.linear_proj.weight	torch.Size([256, 256])	cuda:0	True
2024-01-01 16:34:48,191 - INFO - bert.embedding.token_embedding.gat_net.2.linear_proj_tran_prob.weight	torch.Size([256, 1])	cuda:0	True
2024-01-01 16:34:48,191 - INFO - bert.embedding.token_embedding.gat_net.2.skip_proj.weight	torch.Size([256, 256])	cuda:0	True
2024-01-01 16:34:48,191 - INFO - bert.embedding.daytime_embedding.weight	torch.Size([1441, 256])	cuda:0	True
2024-01-01 16:34:48,191 - INFO - bert.embedding.weekday_embedding.weight	torch.Size([8, 256])	cuda:0	True
2024-01-01 16:34:48,191 - INFO - bert.transformer_blocks.0.attention.linear_layers.0.weight	torch.Size([256, 256])	cuda:0	True
2024-01-01 16:34:48,191 - INFO - bert.transformer_blocks.0.attention.linear_layers.0.bias	torch.Size([256])	cuda:0	True
2024-01-01 16:34:48,191 - INFO - bert.transformer_blocks.0.attention.linear_layers.1.weight	torch.Size([256, 256])	cuda:0	True
2024-01-01 16:34:48,191 - INFO - bert.transformer_blocks.0.attention.linear_layers.1.bias	torch.Size([256])	cuda:0	True
2024-01-01 16:34:48,191 - INFO - bert.transformer_blocks.0.attention.linear_layers.2.weight	torch.Size([256, 256])	cuda:0	True
2024-01-01 16:34:48,191 - INFO - bert.transformer_blocks.0.attention.linear_layers.2.bias	torch.Size([256])	cuda:0	True
2024-01-01 16:34:48,191 - INFO - bert.transformer_blocks.0.attention.proj.weight	torch.Size([256, 256])	cuda:0	True
2024-01-01 16:34:48,191 - INFO - bert.transformer_blocks.0.attention.proj.bias	torch.Size([256])	cuda:0	True
2024-01-01 16:34:48,191 - INFO - bert.transformer_blocks.0.attention.temporal_mat_bias_1.weight	torch.Size([64, 1])	cuda:0	True
2024-01-01 16:34:48,191 - INFO - bert.transformer_blocks.0.attention.temporal_mat_bias_1.bias	torch.Size([64])	cuda:0	True
2024-01-01 16:34:48,191 - INFO - bert.transformer_blocks.0.attention.temporal_mat_bias_2.weight	torch.Size([1, 64])	cuda:0	True
2024-01-01 16:34:48,191 - INFO - bert.transformer_blocks.0.attention.temporal_mat_bias_2.bias	torch.Size([1])	cuda:0	True
2024-01-01 16:34:48,191 - INFO - bert.transformer_blocks.0.mlp.fc1.weight	torch.Size([1024, 256])	cuda:0	True
2024-01-01 16:34:48,191 - INFO - bert.transformer_blocks.0.mlp.fc1.bias	torch.Size([1024])	cuda:0	True
2024-01-01 16:34:48,191 - INFO - bert.transformer_blocks.0.mlp.fc2.weight	torch.Size([256, 1024])	cuda:0	True
2024-01-01 16:34:48,191 - INFO - bert.transformer_blocks.0.mlp.fc2.bias	torch.Size([256])	cuda:0	True
2024-01-01 16:34:48,191 - INFO - bert.transformer_blocks.0.norm1.weight	torch.Size([256])	cuda:0	True
2024-01-01 16:34:48,191 - INFO - bert.transformer_blocks.0.norm1.bias	torch.Size([256])	cuda:0	True
2024-01-01 16:34:48,191 - INFO - bert.transformer_blocks.0.norm2.weight	torch.Size([256])	cuda:0	True
2024-01-01 16:34:48,191 - INFO - bert.transformer_blocks.0.norm2.bias	torch.Size([256])	cuda:0	True
2024-01-01 16:34:48,191 - INFO - bert.transformer_blocks.1.attention.linear_layers.0.weight	torch.Size([256, 256])	cuda:0	True
2024-01-01 16:34:48,191 - INFO - bert.transformer_blocks.1.attention.linear_layers.0.bias	torch.Size([256])	cuda:0	True
2024-01-01 16:34:48,191 - INFO - bert.transformer_blocks.1.attention.linear_layers.1.weight	torch.Size([256, 256])	cuda:0	True
2024-01-01 16:34:48,191 - INFO - bert.transformer_blocks.1.attention.linear_layers.1.bias	torch.Size([256])	cuda:0	True
2024-01-01 16:34:48,191 - INFO - bert.transformer_blocks.1.attention.linear_layers.2.weight	torch.Size([256, 256])	cuda:0	True
2024-01-01 16:34:48,191 - INFO - bert.transformer_blocks.1.attention.linear_layers.2.bias	torch.Size([256])	cuda:0	True
2024-01-01 16:34:48,191 - INFO - bert.transformer_blocks.1.attention.proj.weight	torch.Size([256, 256])	cuda:0	True
2024-01-01 16:34:48,191 - INFO - bert.transformer_blocks.1.attention.proj.bias	torch.Size([256])	cuda:0	True
2024-01-01 16:34:48,191 - INFO - bert.transformer_blocks.1.attention.temporal_mat_bias_1.weight	torch.Size([64, 1])	cuda:0	True
2024-01-01 16:34:48,191 - INFO - bert.transformer_blocks.1.attention.temporal_mat_bias_1.bias	torch.Size([64])	cuda:0	True
2024-01-01 16:34:48,191 - INFO - bert.transformer_blocks.1.attention.temporal_mat_bias_2.weight	torch.Size([1, 64])	cuda:0	True
2024-01-01 16:34:48,191 - INFO - bert.transformer_blocks.1.attention.temporal_mat_bias_2.bias	torch.Size([1])	cuda:0	True
2024-01-01 16:34:48,191 - INFO - bert.transformer_blocks.1.mlp.fc1.weight	torch.Size([1024, 256])	cuda:0	True
2024-01-01 16:34:48,191 - INFO - bert.transformer_blocks.1.mlp.fc1.bias	torch.Size([1024])	cuda:0	True
2024-01-01 16:34:48,191 - INFO - bert.transformer_blocks.1.mlp.fc2.weight	torch.Size([256, 1024])	cuda:0	True
2024-01-01 16:34:48,191 - INFO - bert.transformer_blocks.1.mlp.fc2.bias	torch.Size([256])	cuda:0	True
2024-01-01 16:34:48,191 - INFO - bert.transformer_blocks.1.norm1.weight	torch.Size([256])	cuda:0	True
2024-01-01 16:34:48,191 - INFO - bert.transformer_blocks.1.norm1.bias	torch.Size([256])	cuda:0	True
2024-01-01 16:34:48,191 - INFO - bert.transformer_blocks.1.norm2.weight	torch.Size([256])	cuda:0	True
2024-01-01 16:34:48,191 - INFO - bert.transformer_blocks.1.norm2.bias	torch.Size([256])	cuda:0	True
2024-01-01 16:34:48,191 - INFO - bert.transformer_blocks.2.attention.linear_layers.0.weight	torch.Size([256, 256])	cuda:0	True
2024-01-01 16:34:48,191 - INFO - bert.transformer_blocks.2.attention.linear_layers.0.bias	torch.Size([256])	cuda:0	True
2024-01-01 16:34:48,191 - INFO - bert.transformer_blocks.2.attention.linear_layers.1.weight	torch.Size([256, 256])	cuda:0	True
2024-01-01 16:34:48,191 - INFO - bert.transformer_blocks.2.attention.linear_layers.1.bias	torch.Size([256])	cuda:0	True
2024-01-01 16:34:48,191 - INFO - bert.transformer_blocks.2.attention.linear_layers.2.weight	torch.Size([256, 256])	cuda:0	True
2024-01-01 16:34:48,191 - INFO - bert.transformer_blocks.2.attention.linear_layers.2.bias	torch.Size([256])	cuda:0	True
2024-01-01 16:34:48,191 - INFO - bert.transformer_blocks.2.attention.proj.weight	torch.Size([256, 256])	cuda:0	True
2024-01-01 16:34:48,191 - INFO - bert.transformer_blocks.2.attention.proj.bias	torch.Size([256])	cuda:0	True
2024-01-01 16:34:48,191 - INFO - bert.transformer_blocks.2.attention.temporal_mat_bias_1.weight	torch.Size([64, 1])	cuda:0	True
2024-01-01 16:34:48,191 - INFO - bert.transformer_blocks.2.attention.temporal_mat_bias_1.bias	torch.Size([64])	cuda:0	True
2024-01-01 16:34:48,191 - INFO - bert.transformer_blocks.2.attention.temporal_mat_bias_2.weight	torch.Size([1, 64])	cuda:0	True
2024-01-01 16:34:48,191 - INFO - bert.transformer_blocks.2.attention.temporal_mat_bias_2.bias	torch.Size([1])	cuda:0	True
2024-01-01 16:34:48,191 - INFO - bert.transformer_blocks.2.mlp.fc1.weight	torch.Size([1024, 256])	cuda:0	True
2024-01-01 16:34:48,191 - INFO - bert.transformer_blocks.2.mlp.fc1.bias	torch.Size([1024])	cuda:0	True
2024-01-01 16:34:48,191 - INFO - bert.transformer_blocks.2.mlp.fc2.weight	torch.Size([256, 1024])	cuda:0	True
2024-01-01 16:34:48,191 - INFO - bert.transformer_blocks.2.mlp.fc2.bias	torch.Size([256])	cuda:0	True
2024-01-01 16:34:48,191 - INFO - bert.transformer_blocks.2.norm1.weight	torch.Size([256])	cuda:0	True
2024-01-01 16:34:48,191 - INFO - bert.transformer_blocks.2.norm1.bias	torch.Size([256])	cuda:0	True
2024-01-01 16:34:48,191 - INFO - bert.transformer_blocks.2.norm2.weight	torch.Size([256])	cuda:0	True
2024-01-01 16:34:48,191 - INFO - bert.transformer_blocks.2.norm2.bias	torch.Size([256])	cuda:0	True
2024-01-01 16:34:48,191 - INFO - bert.transformer_blocks.3.attention.linear_layers.0.weight	torch.Size([256, 256])	cuda:0	True
2024-01-01 16:34:48,191 - INFO - bert.transformer_blocks.3.attention.linear_layers.0.bias	torch.Size([256])	cuda:0	True
2024-01-01 16:34:48,191 - INFO - bert.transformer_blocks.3.attention.linear_layers.1.weight	torch.Size([256, 256])	cuda:0	True
2024-01-01 16:34:48,191 - INFO - bert.transformer_blocks.3.attention.linear_layers.1.bias	torch.Size([256])	cuda:0	True
2024-01-01 16:34:48,191 - INFO - bert.transformer_blocks.3.attention.linear_layers.2.weight	torch.Size([256, 256])	cuda:0	True
2024-01-01 16:34:48,191 - INFO - bert.transformer_blocks.3.attention.linear_layers.2.bias	torch.Size([256])	cuda:0	True
2024-01-01 16:34:48,191 - INFO - bert.transformer_blocks.3.attention.proj.weight	torch.Size([256, 256])	cuda:0	True
2024-01-01 16:34:48,191 - INFO - bert.transformer_blocks.3.attention.proj.bias	torch.Size([256])	cuda:0	True
2024-01-01 16:34:48,191 - INFO - bert.transformer_blocks.3.attention.temporal_mat_bias_1.weight	torch.Size([64, 1])	cuda:0	True
2024-01-01 16:34:48,191 - INFO - bert.transformer_blocks.3.attention.temporal_mat_bias_1.bias	torch.Size([64])	cuda:0	True
2024-01-01 16:34:48,191 - INFO - bert.transformer_blocks.3.attention.temporal_mat_bias_2.weight	torch.Size([1, 64])	cuda:0	True
2024-01-01 16:34:48,191 - INFO - bert.transformer_blocks.3.attention.temporal_mat_bias_2.bias	torch.Size([1])	cuda:0	True
2024-01-01 16:34:48,191 - INFO - bert.transformer_blocks.3.mlp.fc1.weight	torch.Size([1024, 256])	cuda:0	True
2024-01-01 16:34:48,191 - INFO - bert.transformer_blocks.3.mlp.fc1.bias	torch.Size([1024])	cuda:0	True
2024-01-01 16:34:48,191 - INFO - bert.transformer_blocks.3.mlp.fc2.weight	torch.Size([256, 1024])	cuda:0	True
2024-01-01 16:34:48,191 - INFO - bert.transformer_blocks.3.mlp.fc2.bias	torch.Size([256])	cuda:0	True
2024-01-01 16:34:48,191 - INFO - bert.transformer_blocks.3.norm1.weight	torch.Size([256])	cuda:0	True
2024-01-01 16:34:48,191 - INFO - bert.transformer_blocks.3.norm1.bias	torch.Size([256])	cuda:0	True
2024-01-01 16:34:48,191 - INFO - bert.transformer_blocks.3.norm2.weight	torch.Size([256])	cuda:0	True
2024-01-01 16:34:48,191 - INFO - bert.transformer_blocks.3.norm2.bias	torch.Size([256])	cuda:0	True
2024-01-01 16:34:48,191 - INFO - bert.transformer_blocks.4.attention.linear_layers.0.weight	torch.Size([256, 256])	cuda:0	True
2024-01-01 16:34:48,191 - INFO - bert.transformer_blocks.4.attention.linear_layers.0.bias	torch.Size([256])	cuda:0	True
2024-01-01 16:34:48,191 - INFO - bert.transformer_blocks.4.attention.linear_layers.1.weight	torch.Size([256, 256])	cuda:0	True
2024-01-01 16:34:48,191 - INFO - bert.transformer_blocks.4.attention.linear_layers.1.bias	torch.Size([256])	cuda:0	True
2024-01-01 16:34:48,191 - INFO - bert.transformer_blocks.4.attention.linear_layers.2.weight	torch.Size([256, 256])	cuda:0	True
2024-01-01 16:34:48,191 - INFO - bert.transformer_blocks.4.attention.linear_layers.2.bias	torch.Size([256])	cuda:0	True
2024-01-01 16:34:48,191 - INFO - bert.transformer_blocks.4.attention.proj.weight	torch.Size([256, 256])	cuda:0	True
2024-01-01 16:34:48,191 - INFO - bert.transformer_blocks.4.attention.proj.bias	torch.Size([256])	cuda:0	True
2024-01-01 16:34:48,191 - INFO - bert.transformer_blocks.4.attention.temporal_mat_bias_1.weight	torch.Size([64, 1])	cuda:0	True
2024-01-01 16:34:48,191 - INFO - bert.transformer_blocks.4.attention.temporal_mat_bias_1.bias	torch.Size([64])	cuda:0	True
2024-01-01 16:34:48,191 - INFO - bert.transformer_blocks.4.attention.temporal_mat_bias_2.weight	torch.Size([1, 64])	cuda:0	True
2024-01-01 16:34:48,191 - INFO - bert.transformer_blocks.4.attention.temporal_mat_bias_2.bias	torch.Size([1])	cuda:0	True
2024-01-01 16:34:48,191 - INFO - bert.transformer_blocks.4.mlp.fc1.weight	torch.Size([1024, 256])	cuda:0	True
2024-01-01 16:34:48,191 - INFO - bert.transformer_blocks.4.mlp.fc1.bias	torch.Size([1024])	cuda:0	True
2024-01-01 16:34:48,191 - INFO - bert.transformer_blocks.4.mlp.fc2.weight	torch.Size([256, 1024])	cuda:0	True
2024-01-01 16:34:48,191 - INFO - bert.transformer_blocks.4.mlp.fc2.bias	torch.Size([256])	cuda:0	True
2024-01-01 16:34:48,191 - INFO - bert.transformer_blocks.4.norm1.weight	torch.Size([256])	cuda:0	True
2024-01-01 16:34:48,191 - INFO - bert.transformer_blocks.4.norm1.bias	torch.Size([256])	cuda:0	True
2024-01-01 16:34:48,191 - INFO - bert.transformer_blocks.4.norm2.weight	torch.Size([256])	cuda:0	True
2024-01-01 16:34:48,191 - INFO - bert.transformer_blocks.4.norm2.bias	torch.Size([256])	cuda:0	True
2024-01-01 16:34:48,191 - INFO - bert.transformer_blocks.5.attention.linear_layers.0.weight	torch.Size([256, 256])	cuda:0	True
2024-01-01 16:34:48,191 - INFO - bert.transformer_blocks.5.attention.linear_layers.0.bias	torch.Size([256])	cuda:0	True
2024-01-01 16:34:48,191 - INFO - bert.transformer_blocks.5.attention.linear_layers.1.weight	torch.Size([256, 256])	cuda:0	True
2024-01-01 16:34:48,191 - INFO - bert.transformer_blocks.5.attention.linear_layers.1.bias	torch.Size([256])	cuda:0	True
2024-01-01 16:34:48,191 - INFO - bert.transformer_blocks.5.attention.linear_layers.2.weight	torch.Size([256, 256])	cuda:0	True
2024-01-01 16:34:48,191 - INFO - bert.transformer_blocks.5.attention.linear_layers.2.bias	torch.Size([256])	cuda:0	True
2024-01-01 16:34:48,191 - INFO - bert.transformer_blocks.5.attention.proj.weight	torch.Size([256, 256])	cuda:0	True
2024-01-01 16:34:48,191 - INFO - bert.transformer_blocks.5.attention.proj.bias	torch.Size([256])	cuda:0	True
2024-01-01 16:34:48,191 - INFO - bert.transformer_blocks.5.attention.temporal_mat_bias_1.weight	torch.Size([64, 1])	cuda:0	True
2024-01-01 16:34:48,191 - INFO - bert.transformer_blocks.5.attention.temporal_mat_bias_1.bias	torch.Size([64])	cuda:0	True
2024-01-01 16:34:48,191 - INFO - bert.transformer_blocks.5.attention.temporal_mat_bias_2.weight	torch.Size([1, 64])	cuda:0	True
2024-01-01 16:34:48,191 - INFO - bert.transformer_blocks.5.attention.temporal_mat_bias_2.bias	torch.Size([1])	cuda:0	True
2024-01-01 16:34:48,191 - INFO - bert.transformer_blocks.5.mlp.fc1.weight	torch.Size([1024, 256])	cuda:0	True
2024-01-01 16:34:48,191 - INFO - bert.transformer_blocks.5.mlp.fc1.bias	torch.Size([1024])	cuda:0	True
2024-01-01 16:34:48,191 - INFO - bert.transformer_blocks.5.mlp.fc2.weight	torch.Size([256, 1024])	cuda:0	True
2024-01-01 16:34:48,191 - INFO - bert.transformer_blocks.5.mlp.fc2.bias	torch.Size([256])	cuda:0	True
2024-01-01 16:34:48,207 - INFO - bert.transformer_blocks.5.norm1.weight	torch.Size([256])	cuda:0	True
2024-01-01 16:34:48,207 - INFO - bert.transformer_blocks.5.norm1.bias	torch.Size([256])	cuda:0	True
2024-01-01 16:34:48,207 - INFO - bert.transformer_blocks.5.norm2.weight	torch.Size([256])	cuda:0	True
2024-01-01 16:34:48,207 - INFO - bert.transformer_blocks.5.norm2.bias	torch.Size([256])	cuda:0	True
2024-01-01 16:34:48,207 - INFO - mask_l.linear.weight	torch.Size([27313, 256])	cuda:0	True
2024-01-01 16:34:48,207 - INFO - mask_l.linear.bias	torch.Size([27313])	cuda:0	True
2024-01-01 16:34:48,207 - INFO - pooler.linear.dense.weight	torch.Size([256, 256])	cuda:0	True
2024-01-01 16:34:48,207 - INFO - pooler.linear.dense.bias	torch.Size([256])	cuda:0	True
2024-01-01 16:34:48,207 - INFO - Total parameter numbers: 12406455
2024-01-01 16:34:48,207 - INFO - You select `adamw` optimizer.
2024-01-01 16:34:48,207 - INFO - You select `cosinelr` lr_scheduler.
2024-01-01 16:34:48,207 - INFO - Start training ...
2024-01-01 16:34:48,207 - INFO - Num_batches: train=1314, eval=438
2024-01-01 16:34:52,419 - INFO - {'mode': 'Train', 'epoch': 0, 'iter': 0, 'lr': 1e-06, 'Loc acc(%)': 0.0, 'MLM loss': 10.408608436584473, 'Contrastive loss': 0.8166543841362, 'align_loss': 33.430458068847656, 'uniform_loss': -63.362754821777344}
2024-01-01 16:37:04,536 - INFO - {'mode': 'Train', 'epoch': 0, 'iter': 500, 'lr': 1e-06, 'Loc acc(%)': 0.0021748113351166788, 'MLM loss': 10.320575714111328, 'Contrastive loss': 0.7495661973953247, 'align_loss': 34.2349739074707, 'uniform_loss': -59.019134521484375}
2024-01-01 16:39:19,406 - INFO - {'mode': 'Train', 'epoch': 0, 'iter': 1000, 'lr': 1e-06, 'Loc acc(%)': 0.0032959426945430173, 'MLM loss': 10.37443733215332, 'Contrastive loss': 1.2273839712142944, 'align_loss': 32.86463165283203, 'uniform_loss': -63.77264404296875}
2024-01-01 16:40:44,891 - INFO - Train: expid = 434242, Epoch = 0, avg_loss = 6.537494806394185, total_loc_acc = 0.0033478406427854034%.
2024-01-01 16:40:44,901 - INFO - epoch complete!
2024-01-01 16:40:44,901 - INFO - evaluating now!
2024-01-01 16:40:44,991 - INFO - {'mode': 'Train', 'epoch': 0, 'iter': 0, 'lr': 1e-06, 'Loc acc(%)': 0.0, 'MLM loss': 10.492491722106934, 'Contrastive loss': 0.2218349128961563, 'align_loss': 5.069846338301431e-07, 'uniform_loss': -10.53232192993164}
2024-01-01 16:41:25,529 - INFO - Eval: expid = 434242, Epoch = 0, avg_loss = 6.341179910860105, total_loc_acc = 0.005025251890751024%.
2024-01-01 16:41:25,529 - INFO - Epoch [0/1] (1314)  train_loss: 6.5375, val_loss: 6.3412, lr: 0.000051, 397.32s
2024-01-01 16:41:25,891 - INFO - Saved model at 0
2024-01-01 16:41:25,891 - INFO - Val loss decrease from inf to 6.3412, saving to ./libcity/cache/434242/model_cache/BERTContrastiveLM_bj_epoch0.tar
2024-01-01 16:41:25,891 - INFO - Trained totally 1 epochs, average train time is 356.694s, average eval time is 40.628s
2024-01-01 16:41:26,041 - INFO - Loaded model at 0
2024-01-01 16:41:26,127 - INFO - Save png at ./libcity/cache/434242/434242_loss.png
2024-01-01 16:41:26,187 - INFO - Save png at ./libcity/cache/434242/434242_acc.png
2024-01-01 16:41:26,237 - INFO - Save png at ./libcity/cache/434242/434242_lr.png
2024-01-01 16:41:26,538 - INFO - Saved model at ./libcity/cache/434242/model_cache/434242_BERTContrastiveLM_bj.pt
2024-01-01 16:41:26,538 - INFO - Start evaluating ...
2024-01-01 16:41:26,638 - INFO - {'mode': 'Train', 'epoch': 0, 'iter': 0, 'lr': 5.075e-05, 'Loc acc(%)': 0.0, 'MLM loss': 10.31747817993164, 'Contrastive loss': 0.20365040004253387, 'align_loss': 7.717287076047796e-07, 'uniform_loss': -11.720566749572754}
2024-01-01 16:42:10,817 - INFO - Test: expid = 434242, Epoch = 0, avg_loss = 6.344264435441526, total_loc_acc = 0.004953560371517027%.
2024-01-01 16:42:10,817 - INFO - Evaluate result is {
 "Precision@1": 4.9535603715170275e-05,
 "Recall@1": 4.9535603715170275e-05,
 "F1@1": 4.9535603715170275e-05,
 "MRR@1": 4.9535603715170275e-05,
 "MAP@1": 4.9535603715170275e-05,
 "NDCG@1": 4.9535603715170275e-05,
 "Precision@5": 5.9442724458204335e-05,
 "Recall@5": 0.00029721362229102167,
 "F1@5": 9.907120743034055e-05,
 "MRR@5": 0.00011805985552115583,
 "MAP@5": 0.00011805985552115583,
 "NDCG@5": 0.00016134227634844963,
 "Precision@10": 5.9442724458204335e-05,
 "Recall@10": 0.0005944272445820433,
 "F1@10": 0.00010807768083309879,
 "MRR@10": 0.00015736399823087133,
 "MAP@10": 0.00015736399823087133,
 "NDCG@10": 0.00025707741140077204
}
2024-01-01 16:42:10,827 - INFO - Evaluate result is saved at ./libcity/cache/434242/evaluate_cache\434242_2024_01_01_16_42_10_BERTContrastiveLM_bj.json
2024-01-01 16:42:10,827 - INFO - Evaluate result is saved at ./libcity/cache/434242/evaluate_cache\434242_2024_01_01_16_42_10_BERTContrastiveLM_bj.csv
2024-01-01 16:42:10,827 - INFO - 
    Precision    Recall        F1       MRR      NDCG
1    0.000050  0.000050  0.000050  0.000050  0.000050
5    0.000059  0.000297  0.000099  0.000118  0.000161
10   0.000059  0.000594  0.000108  0.000157  0.000257
2024-01-01 16:42:10,837 - INFO - Test time 44.29933404922485s.
