2023-12-31 01:02:13,604 - INFO - Log directory: ./libcity/log
2023-12-31 01:02:13,604 - INFO - Begin pretrain-pipeline, task=trajectory_embedding, model_name=BERTContrastiveLM, dataset_name=bj, exp_id=646085
2023-12-31 01:02:13,604 - INFO - {'task': 'trajectory_embedding', 'model': 'BERTContrastiveLM', 'dataset': 'bj', 'saved_model': True, 'train': True, 'gpu': True, 'gpu_id': 0, 'distribution': 'geometric', 'avg_mask_len': 2, 'pretrain_path': 'libcity/cache/520862/model_cache/520862_BERTContrastiveLM_bj.pt', 'contra_ratio': 0.4, 'mlm_ratio': 0.6, 'split': True, 'config': 'bj', 'n_layers': 6, 'd_model': 256, 'attn_heads': 8, 'max_epoch': 3, 'batch_size': 8, 'grad_accmu_steps': 1, 'learning_rate': 0.0002, 'roadnetwork': 'bj_roadmap_edge_bj_True_1_merge', 'geo_file': 'bj_roadmap_edge_bj_True_1_merge_withdegree', 'rel_file': 'bj_roadmap_edge_bj_True_1_merge_withdegree', 'merge': True, 'min_freq': 1, 'seq_len': 128, 'test_every': 50, 'temperature': 0.05, 'contra_loss_type': 'simclr', 'classify_label': 'vflag', 'type_ln': 'post', 'add_cls': True, 'add_time_in_day': True, 'add_day_in_week': True, 'add_pe': True, 'add_temporal_bias': True, 'temporal_bias_dim': 64, 'use_mins_interval': False, 'add_gat': True, 'gat_heads_per_layer': [8, 16, 1], 'gat_features_per_layer': [16, 16, 256], 'gat_dropout': 0.1, 'gat_K': 1, 'gat_avg_last': True, 'load_trans_prob': True, 'append_degree2gcn': True, 'normal_feature': False, 'pooling': 'cls', 'dataset_class': 'ContrastiveSplitLMDataset', 'executor': 'ContrastiveSplitMLMExecutor', 'evaluator': 'ClassificationEvaluator', 'num_workers': 0, 'vocab_path': None, 'masking_ratio': 0.15, 'masking_mode': 'together', 'mlp_ratio': 4, 'pretrain_road_emb': None, 'future_mask': False, 'load_node2vec': False, 'dropout': 0.1, 'drop_path': 0.3, 'attn_drop': 0.1, 'seed': 0, 'learner': 'adamw', 'lr_eta_min': 0, 'lr_warmup_epoch': 4, 'lr_warmup_init': 1e-06, 'lr_decay': True, 'lr_scheduler': 'cosinelr', 'lr_decay_ratio': 0.1, 't_in_epochs': True, 'clip_grad_norm': True, 'max_grad_norm': 5, 'use_early_stop': True, 'patience': 10, 'log_batch': 500, 'log_every': 1, 'l2_reg': None, 'n_views': 2, 'similarity': 'cosine', 'data_argument1': [], 'data_argument2': [], 'cutoff_row_rate': 0.2, 'cutoff_column_rate': 0.2, 'cutoff_random_rate': 0.2, 'sample_rate': 0.2, 'align_w': 1.0, 'unif_w': 1.0, 'align_alpha': 2, 'unif_t': 2, 'train_align_uniform': False, 'test_align_uniform': True, 'norm_align_uniform': False, 'bidir_adj_mx': False, 'out_data_argument1': None, 'out_data_argument2': None, 'metrics': ['Precision', 'Recall', 'F1', 'MRR', 'NDCG'], 'save_modes': ['csv', 'json'], 'topk': [1, 5, 10], 'device': device(type='cuda', index=0), 'exp_id': 646085}
2023-12-31 01:02:14,121 - INFO - Loading Vocab from raw_data/vocab_bj_True_1_merge.pkl
2023-12-31 01:02:14,121 - INFO - vocab_path=raw_data/vocab_bj_True_1_merge.pkl, usr_num=6, vocab_size=11573
2023-12-31 01:02:14,136 - INFO - Loaded file bj_roadmap_edge_bj_True_1_merge_withdegree.geo, num_nodes=11569
2023-12-31 01:02:14,408 - INFO - Loaded file bj_roadmap_edge_bj_True_1_merge_withdegree.rel, shape=(11569, 11569), edges=16105.0
2023-12-31 01:02:14,408 - INFO - node_features: (11569, 38)
2023-12-31 01:02:15,347 - INFO - node_features_encoded: torch.Size([11573, 38])
2023-12-31 01:02:15,378 - INFO - edge_index: torch.Size([2, 27677])
2023-12-31 01:02:15,394 - INFO - Trajectory loc-transfer prob shape=torch.Size([27677, 1])
2023-12-31 01:02:15,394 - INFO - Loading Dataset!
2023-12-31 01:02:15,394 - INFO - Load dataset from raw_data/bj/cache_bj_train_True_True_1.pkl
2023-12-31 01:02:15,394 - INFO - Init TrajectoryProcessingDatasetSplitLM!
2023-12-31 01:02:15,427 - INFO - Load dataset from raw_data/bj/cache_bj_train_True_True_1.pkl, raw_data/bj/cache_bj_train_True_True_1.pkl
2023-12-31 01:02:15,427 - INFO - Load dataset from raw_data/bj/cache_bj_eval_True_True_1.pkl
2023-12-31 01:02:15,427 - INFO - Init TrajectoryProcessingDatasetSplitLM!
2023-12-31 01:02:15,427 - INFO - Load dataset from raw_data/bj/cache_bj_eval_True_True_1.pkl, raw_data/bj/cache_bj_eval_True_True_1.pkl
2023-12-31 01:02:15,443 - INFO - Load dataset from raw_data/bj/cache_bj_test_True_True_1.pkl
2023-12-31 01:02:15,443 - INFO - Init TrajectoryProcessingDatasetSplitLM!
2023-12-31 01:02:15,443 - INFO - Load dataset from raw_data/bj/cache_bj_test_True_True_1.pkl, raw_data/bj/cache_bj_test_True_True_1.pkl
2023-12-31 01:02:15,443 - INFO - Size of dataset: 599/200/200
2023-12-31 01:02:15,443 - INFO - Creating Dataloader!
2023-12-31 01:02:15,443 - INFO - Building BERTContrastiveLM model
2023-12-31 01:02:15,490 - INFO - Building BERTPooler model
2023-12-31 01:02:16,101 - INFO - BERTContrastiveLM(
  (bert): BERT(
    (embedding): BERTEmbedding(
      (token_embedding): GAT(
        (gat_net): Sequential(
          (0): GATLayerImp3(
            (linear_proj): Linear(in_features=38, out_features=128, bias=False)
            (linear_proj_tran_prob): Linear(in_features=1, out_features=128, bias=False)
            (skip_proj): Linear(in_features=38, out_features=128, bias=False)
            (leakyReLU): LeakyReLU(negative_slope=0.2)
            (softmax): Softmax(dim=-1)
            (activation): ELU(alpha=1.0)
            (dropout): Dropout(p=0.1, inplace=False)
          )
          (1): GATLayerImp3(
            (linear_proj): Linear(in_features=128, out_features=256, bias=False)
            (linear_proj_tran_prob): Linear(in_features=1, out_features=256, bias=False)
            (skip_proj): Linear(in_features=128, out_features=256, bias=False)
            (leakyReLU): LeakyReLU(negative_slope=0.2)
            (softmax): Softmax(dim=-1)
            (activation): ELU(alpha=1.0)
            (dropout): Dropout(p=0.1, inplace=False)
          )
          (2): GATLayerImp3(
            (linear_proj): Linear(in_features=256, out_features=256, bias=False)
            (linear_proj_tran_prob): Linear(in_features=1, out_features=256, bias=False)
            (skip_proj): Linear(in_features=256, out_features=256, bias=False)
            (leakyReLU): LeakyReLU(negative_slope=0.2)
            (softmax): Softmax(dim=-1)
            (dropout): Dropout(p=0.1, inplace=False)
          )
        )
      )
      (position_embedding): PositionalEmbedding()
      (daytime_embedding): Embedding(1441, 256, padding_idx=0)
      (weekday_embedding): Embedding(8, 256, padding_idx=0)
      (dropout): Dropout(p=0.1, inplace=False)
    )
    (transformer_blocks): ModuleList(
      (0): TransformerBlock(
        (attention): MultiHeadedAttention(
          (linear_layers): ModuleList(
            (0): Linear(in_features=256, out_features=256, bias=True)
            (1): Linear(in_features=256, out_features=256, bias=True)
            (2): Linear(in_features=256, out_features=256, bias=True)
          )
          (dropout): Dropout(p=0.1, inplace=False)
          (proj): Linear(in_features=256, out_features=256, bias=True)
          (proj_drop): Dropout(p=0.1, inplace=False)
          (temporal_mat_bias_1): Linear(in_features=1, out_features=64, bias=True)
          (temporal_mat_bias_2): Linear(in_features=64, out_features=1, bias=True)
        )
        (mlp): Mlp(
          (fc1): Linear(in_features=256, out_features=1024, bias=True)
          (act): GELU()
          (fc2): Linear(in_features=1024, out_features=256, bias=True)
          (drop): Dropout(p=0.1, inplace=False)
        )
        (norm1): LayerNorm((256,), eps=1e-05, elementwise_affine=True)
        (norm2): LayerNorm((256,), eps=1e-05, elementwise_affine=True)
        (drop_path): Identity()
      )
      (1): TransformerBlock(
        (attention): MultiHeadedAttention(
          (linear_layers): ModuleList(
            (0): Linear(in_features=256, out_features=256, bias=True)
            (1): Linear(in_features=256, out_features=256, bias=True)
            (2): Linear(in_features=256, out_features=256, bias=True)
          )
          (dropout): Dropout(p=0.1, inplace=False)
          (proj): Linear(in_features=256, out_features=256, bias=True)
          (proj_drop): Dropout(p=0.1, inplace=False)
          (temporal_mat_bias_1): Linear(in_features=1, out_features=64, bias=True)
          (temporal_mat_bias_2): Linear(in_features=64, out_features=1, bias=True)
        )
        (mlp): Mlp(
          (fc1): Linear(in_features=256, out_features=1024, bias=True)
          (act): GELU()
          (fc2): Linear(in_features=1024, out_features=256, bias=True)
          (drop): Dropout(p=0.1, inplace=False)
        )
        (norm1): LayerNorm((256,), eps=1e-05, elementwise_affine=True)
        (norm2): LayerNorm((256,), eps=1e-05, elementwise_affine=True)
        (drop_path): DropPath()
      )
      (2): TransformerBlock(
        (attention): MultiHeadedAttention(
          (linear_layers): ModuleList(
            (0): Linear(in_features=256, out_features=256, bias=True)
            (1): Linear(in_features=256, out_features=256, bias=True)
            (2): Linear(in_features=256, out_features=256, bias=True)
          )
          (dropout): Dropout(p=0.1, inplace=False)
          (proj): Linear(in_features=256, out_features=256, bias=True)
          (proj_drop): Dropout(p=0.1, inplace=False)
          (temporal_mat_bias_1): Linear(in_features=1, out_features=64, bias=True)
          (temporal_mat_bias_2): Linear(in_features=64, out_features=1, bias=True)
        )
        (mlp): Mlp(
          (fc1): Linear(in_features=256, out_features=1024, bias=True)
          (act): GELU()
          (fc2): Linear(in_features=1024, out_features=256, bias=True)
          (drop): Dropout(p=0.1, inplace=False)
        )
        (norm1): LayerNorm((256,), eps=1e-05, elementwise_affine=True)
        (norm2): LayerNorm((256,), eps=1e-05, elementwise_affine=True)
        (drop_path): DropPath()
      )
      (3): TransformerBlock(
        (attention): MultiHeadedAttention(
          (linear_layers): ModuleList(
            (0): Linear(in_features=256, out_features=256, bias=True)
            (1): Linear(in_features=256, out_features=256, bias=True)
            (2): Linear(in_features=256, out_features=256, bias=True)
          )
          (dropout): Dropout(p=0.1, inplace=False)
          (proj): Linear(in_features=256, out_features=256, bias=True)
          (proj_drop): Dropout(p=0.1, inplace=False)
          (temporal_mat_bias_1): Linear(in_features=1, out_features=64, bias=True)
          (temporal_mat_bias_2): Linear(in_features=64, out_features=1, bias=True)
        )
        (mlp): Mlp(
          (fc1): Linear(in_features=256, out_features=1024, bias=True)
          (act): GELU()
          (fc2): Linear(in_features=1024, out_features=256, bias=True)
          (drop): Dropout(p=0.1, inplace=False)
        )
        (norm1): LayerNorm((256,), eps=1e-05, elementwise_affine=True)
        (norm2): LayerNorm((256,), eps=1e-05, elementwise_affine=True)
        (drop_path): DropPath()
      )
      (4): TransformerBlock(
        (attention): MultiHeadedAttention(
          (linear_layers): ModuleList(
            (0): Linear(in_features=256, out_features=256, bias=True)
            (1): Linear(in_features=256, out_features=256, bias=True)
            (2): Linear(in_features=256, out_features=256, bias=True)
          )
          (dropout): Dropout(p=0.1, inplace=False)
          (proj): Linear(in_features=256, out_features=256, bias=True)
          (proj_drop): Dropout(p=0.1, inplace=False)
          (temporal_mat_bias_1): Linear(in_features=1, out_features=64, bias=True)
          (temporal_mat_bias_2): Linear(in_features=64, out_features=1, bias=True)
        )
        (mlp): Mlp(
          (fc1): Linear(in_features=256, out_features=1024, bias=True)
          (act): GELU()
          (fc2): Linear(in_features=1024, out_features=256, bias=True)
          (drop): Dropout(p=0.1, inplace=False)
        )
        (norm1): LayerNorm((256,), eps=1e-05, elementwise_affine=True)
        (norm2): LayerNorm((256,), eps=1e-05, elementwise_affine=True)
        (drop_path): DropPath()
      )
      (5): TransformerBlock(
        (attention): MultiHeadedAttention(
          (linear_layers): ModuleList(
            (0): Linear(in_features=256, out_features=256, bias=True)
            (1): Linear(in_features=256, out_features=256, bias=True)
            (2): Linear(in_features=256, out_features=256, bias=True)
          )
          (dropout): Dropout(p=0.1, inplace=False)
          (proj): Linear(in_features=256, out_features=256, bias=True)
          (proj_drop): Dropout(p=0.1, inplace=False)
          (temporal_mat_bias_1): Linear(in_features=1, out_features=64, bias=True)
          (temporal_mat_bias_2): Linear(in_features=64, out_features=1, bias=True)
        )
        (mlp): Mlp(
          (fc1): Linear(in_features=256, out_features=1024, bias=True)
          (act): GELU()
          (fc2): Linear(in_features=1024, out_features=256, bias=True)
          (drop): Dropout(p=0.1, inplace=False)
        )
        (norm1): LayerNorm((256,), eps=1e-05, elementwise_affine=True)
        (norm2): LayerNorm((256,), eps=1e-05, elementwise_affine=True)
        (drop_path): DropPath()
      )
    )
  )
  (mask_l): MaskedLanguageModel(
    (linear): Linear(in_features=256, out_features=11573, bias=True)
    (softmax): LogSoftmax(dim=-1)
  )
  (pooler): BERTPooler(
    (linear): MLPLayer(
      (dense): Linear(in_features=256, out_features=256, bias=True)
      (activation): Tanh()
    )
  )
)
2023-12-31 01:02:16,101 - INFO - bert.embedding.token_embedding.gat_net.0.scoring_fn_target	torch.Size([1, 8, 16])	cuda:0	True
2023-12-31 01:02:16,101 - INFO - bert.embedding.token_embedding.gat_net.0.scoring_fn_source	torch.Size([1, 8, 16])	cuda:0	True
2023-12-31 01:02:16,101 - INFO - bert.embedding.token_embedding.gat_net.0.scoring_trans_prob	torch.Size([1, 8, 16])	cuda:0	True
2023-12-31 01:02:16,101 - INFO - bert.embedding.token_embedding.gat_net.0.bias	torch.Size([128])	cuda:0	True
2023-12-31 01:02:16,101 - INFO - bert.embedding.token_embedding.gat_net.0.linear_proj.weight	torch.Size([128, 38])	cuda:0	True
2023-12-31 01:02:16,101 - INFO - bert.embedding.token_embedding.gat_net.0.linear_proj_tran_prob.weight	torch.Size([128, 1])	cuda:0	True
2023-12-31 01:02:16,101 - INFO - bert.embedding.token_embedding.gat_net.0.skip_proj.weight	torch.Size([128, 38])	cuda:0	True
2023-12-31 01:02:16,101 - INFO - bert.embedding.token_embedding.gat_net.1.scoring_fn_target	torch.Size([1, 16, 16])	cuda:0	True
2023-12-31 01:02:16,101 - INFO - bert.embedding.token_embedding.gat_net.1.scoring_fn_source	torch.Size([1, 16, 16])	cuda:0	True
2023-12-31 01:02:16,101 - INFO - bert.embedding.token_embedding.gat_net.1.scoring_trans_prob	torch.Size([1, 16, 16])	cuda:0	True
2023-12-31 01:02:16,101 - INFO - bert.embedding.token_embedding.gat_net.1.bias	torch.Size([256])	cuda:0	True
2023-12-31 01:02:16,101 - INFO - bert.embedding.token_embedding.gat_net.1.linear_proj.weight	torch.Size([256, 128])	cuda:0	True
2023-12-31 01:02:16,101 - INFO - bert.embedding.token_embedding.gat_net.1.linear_proj_tran_prob.weight	torch.Size([256, 1])	cuda:0	True
2023-12-31 01:02:16,101 - INFO - bert.embedding.token_embedding.gat_net.1.skip_proj.weight	torch.Size([256, 128])	cuda:0	True
2023-12-31 01:02:16,101 - INFO - bert.embedding.token_embedding.gat_net.2.scoring_fn_target	torch.Size([1, 1, 256])	cuda:0	True
2023-12-31 01:02:16,101 - INFO - bert.embedding.token_embedding.gat_net.2.scoring_fn_source	torch.Size([1, 1, 256])	cuda:0	True
2023-12-31 01:02:16,101 - INFO - bert.embedding.token_embedding.gat_net.2.scoring_trans_prob	torch.Size([1, 1, 256])	cuda:0	True
2023-12-31 01:02:16,101 - INFO - bert.embedding.token_embedding.gat_net.2.bias	torch.Size([256])	cuda:0	True
2023-12-31 01:02:16,101 - INFO - bert.embedding.token_embedding.gat_net.2.linear_proj.weight	torch.Size([256, 256])	cuda:0	True
2023-12-31 01:02:16,101 - INFO - bert.embedding.token_embedding.gat_net.2.linear_proj_tran_prob.weight	torch.Size([256, 1])	cuda:0	True
2023-12-31 01:02:16,101 - INFO - bert.embedding.token_embedding.gat_net.2.skip_proj.weight	torch.Size([256, 256])	cuda:0	True
2023-12-31 01:02:16,101 - INFO - bert.embedding.daytime_embedding.weight	torch.Size([1441, 256])	cuda:0	True
2023-12-31 01:02:16,101 - INFO - bert.embedding.weekday_embedding.weight	torch.Size([8, 256])	cuda:0	True
2023-12-31 01:02:16,101 - INFO - bert.transformer_blocks.0.attention.linear_layers.0.weight	torch.Size([256, 256])	cuda:0	True
2023-12-31 01:02:16,101 - INFO - bert.transformer_blocks.0.attention.linear_layers.0.bias	torch.Size([256])	cuda:0	True
2023-12-31 01:02:16,101 - INFO - bert.transformer_blocks.0.attention.linear_layers.1.weight	torch.Size([256, 256])	cuda:0	True
2023-12-31 01:02:16,101 - INFO - bert.transformer_blocks.0.attention.linear_layers.1.bias	torch.Size([256])	cuda:0	True
2023-12-31 01:02:16,101 - INFO - bert.transformer_blocks.0.attention.linear_layers.2.weight	torch.Size([256, 256])	cuda:0	True
2023-12-31 01:02:16,101 - INFO - bert.transformer_blocks.0.attention.linear_layers.2.bias	torch.Size([256])	cuda:0	True
2023-12-31 01:02:16,101 - INFO - bert.transformer_blocks.0.attention.proj.weight	torch.Size([256, 256])	cuda:0	True
2023-12-31 01:02:16,101 - INFO - bert.transformer_blocks.0.attention.proj.bias	torch.Size([256])	cuda:0	True
2023-12-31 01:02:16,101 - INFO - bert.transformer_blocks.0.attention.temporal_mat_bias_1.weight	torch.Size([64, 1])	cuda:0	True
2023-12-31 01:02:16,101 - INFO - bert.transformer_blocks.0.attention.temporal_mat_bias_1.bias	torch.Size([64])	cuda:0	True
2023-12-31 01:02:16,101 - INFO - bert.transformer_blocks.0.attention.temporal_mat_bias_2.weight	torch.Size([1, 64])	cuda:0	True
2023-12-31 01:02:16,101 - INFO - bert.transformer_blocks.0.attention.temporal_mat_bias_2.bias	torch.Size([1])	cuda:0	True
2023-12-31 01:02:16,101 - INFO - bert.transformer_blocks.0.mlp.fc1.weight	torch.Size([1024, 256])	cuda:0	True
2023-12-31 01:02:16,101 - INFO - bert.transformer_blocks.0.mlp.fc1.bias	torch.Size([1024])	cuda:0	True
2023-12-31 01:02:16,101 - INFO - bert.transformer_blocks.0.mlp.fc2.weight	torch.Size([256, 1024])	cuda:0	True
2023-12-31 01:02:16,101 - INFO - bert.transformer_blocks.0.mlp.fc2.bias	torch.Size([256])	cuda:0	True
2023-12-31 01:02:16,101 - INFO - bert.transformer_blocks.0.norm1.weight	torch.Size([256])	cuda:0	True
2023-12-31 01:02:16,101 - INFO - bert.transformer_blocks.0.norm1.bias	torch.Size([256])	cuda:0	True
2023-12-31 01:02:16,101 - INFO - bert.transformer_blocks.0.norm2.weight	torch.Size([256])	cuda:0	True
2023-12-31 01:02:16,101 - INFO - bert.transformer_blocks.0.norm2.bias	torch.Size([256])	cuda:0	True
2023-12-31 01:02:16,101 - INFO - bert.transformer_blocks.1.attention.linear_layers.0.weight	torch.Size([256, 256])	cuda:0	True
2023-12-31 01:02:16,101 - INFO - bert.transformer_blocks.1.attention.linear_layers.0.bias	torch.Size([256])	cuda:0	True
2023-12-31 01:02:16,101 - INFO - bert.transformer_blocks.1.attention.linear_layers.1.weight	torch.Size([256, 256])	cuda:0	True
2023-12-31 01:02:16,101 - INFO - bert.transformer_blocks.1.attention.linear_layers.1.bias	torch.Size([256])	cuda:0	True
2023-12-31 01:02:16,101 - INFO - bert.transformer_blocks.1.attention.linear_layers.2.weight	torch.Size([256, 256])	cuda:0	True
2023-12-31 01:02:16,101 - INFO - bert.transformer_blocks.1.attention.linear_layers.2.bias	torch.Size([256])	cuda:0	True
2023-12-31 01:02:16,101 - INFO - bert.transformer_blocks.1.attention.proj.weight	torch.Size([256, 256])	cuda:0	True
2023-12-31 01:02:16,101 - INFO - bert.transformer_blocks.1.attention.proj.bias	torch.Size([256])	cuda:0	True
2023-12-31 01:02:16,101 - INFO - bert.transformer_blocks.1.attention.temporal_mat_bias_1.weight	torch.Size([64, 1])	cuda:0	True
2023-12-31 01:02:16,101 - INFO - bert.transformer_blocks.1.attention.temporal_mat_bias_1.bias	torch.Size([64])	cuda:0	True
2023-12-31 01:02:16,101 - INFO - bert.transformer_blocks.1.attention.temporal_mat_bias_2.weight	torch.Size([1, 64])	cuda:0	True
2023-12-31 01:02:16,101 - INFO - bert.transformer_blocks.1.attention.temporal_mat_bias_2.bias	torch.Size([1])	cuda:0	True
2023-12-31 01:02:16,101 - INFO - bert.transformer_blocks.1.mlp.fc1.weight	torch.Size([1024, 256])	cuda:0	True
2023-12-31 01:02:16,101 - INFO - bert.transformer_blocks.1.mlp.fc1.bias	torch.Size([1024])	cuda:0	True
2023-12-31 01:02:16,101 - INFO - bert.transformer_blocks.1.mlp.fc2.weight	torch.Size([256, 1024])	cuda:0	True
2023-12-31 01:02:16,101 - INFO - bert.transformer_blocks.1.mlp.fc2.bias	torch.Size([256])	cuda:0	True
2023-12-31 01:02:16,101 - INFO - bert.transformer_blocks.1.norm1.weight	torch.Size([256])	cuda:0	True
2023-12-31 01:02:16,101 - INFO - bert.transformer_blocks.1.norm1.bias	torch.Size([256])	cuda:0	True
2023-12-31 01:02:16,101 - INFO - bert.transformer_blocks.1.norm2.weight	torch.Size([256])	cuda:0	True
2023-12-31 01:02:16,101 - INFO - bert.transformer_blocks.1.norm2.bias	torch.Size([256])	cuda:0	True
2023-12-31 01:02:16,101 - INFO - bert.transformer_blocks.2.attention.linear_layers.0.weight	torch.Size([256, 256])	cuda:0	True
2023-12-31 01:02:16,101 - INFO - bert.transformer_blocks.2.attention.linear_layers.0.bias	torch.Size([256])	cuda:0	True
2023-12-31 01:02:16,116 - INFO - bert.transformer_blocks.2.attention.linear_layers.1.weight	torch.Size([256, 256])	cuda:0	True
2023-12-31 01:02:16,116 - INFO - bert.transformer_blocks.2.attention.linear_layers.1.bias	torch.Size([256])	cuda:0	True
2023-12-31 01:02:16,116 - INFO - bert.transformer_blocks.2.attention.linear_layers.2.weight	torch.Size([256, 256])	cuda:0	True
2023-12-31 01:02:16,116 - INFO - bert.transformer_blocks.2.attention.linear_layers.2.bias	torch.Size([256])	cuda:0	True
2023-12-31 01:02:16,116 - INFO - bert.transformer_blocks.2.attention.proj.weight	torch.Size([256, 256])	cuda:0	True
2023-12-31 01:02:16,116 - INFO - bert.transformer_blocks.2.attention.proj.bias	torch.Size([256])	cuda:0	True
2023-12-31 01:02:16,116 - INFO - bert.transformer_blocks.2.attention.temporal_mat_bias_1.weight	torch.Size([64, 1])	cuda:0	True
2023-12-31 01:02:16,116 - INFO - bert.transformer_blocks.2.attention.temporal_mat_bias_1.bias	torch.Size([64])	cuda:0	True
2023-12-31 01:02:16,116 - INFO - bert.transformer_blocks.2.attention.temporal_mat_bias_2.weight	torch.Size([1, 64])	cuda:0	True
2023-12-31 01:02:16,116 - INFO - bert.transformer_blocks.2.attention.temporal_mat_bias_2.bias	torch.Size([1])	cuda:0	True
2023-12-31 01:02:16,116 - INFO - bert.transformer_blocks.2.mlp.fc1.weight	torch.Size([1024, 256])	cuda:0	True
2023-12-31 01:02:16,116 - INFO - bert.transformer_blocks.2.mlp.fc1.bias	torch.Size([1024])	cuda:0	True
2023-12-31 01:02:16,116 - INFO - bert.transformer_blocks.2.mlp.fc2.weight	torch.Size([256, 1024])	cuda:0	True
2023-12-31 01:02:16,116 - INFO - bert.transformer_blocks.2.mlp.fc2.bias	torch.Size([256])	cuda:0	True
2023-12-31 01:02:16,116 - INFO - bert.transformer_blocks.2.norm1.weight	torch.Size([256])	cuda:0	True
2023-12-31 01:02:16,116 - INFO - bert.transformer_blocks.2.norm1.bias	torch.Size([256])	cuda:0	True
2023-12-31 01:02:16,116 - INFO - bert.transformer_blocks.2.norm2.weight	torch.Size([256])	cuda:0	True
2023-12-31 01:02:16,116 - INFO - bert.transformer_blocks.2.norm2.bias	torch.Size([256])	cuda:0	True
2023-12-31 01:02:16,116 - INFO - bert.transformer_blocks.3.attention.linear_layers.0.weight	torch.Size([256, 256])	cuda:0	True
2023-12-31 01:02:16,116 - INFO - bert.transformer_blocks.3.attention.linear_layers.0.bias	torch.Size([256])	cuda:0	True
2023-12-31 01:02:16,116 - INFO - bert.transformer_blocks.3.attention.linear_layers.1.weight	torch.Size([256, 256])	cuda:0	True
2023-12-31 01:02:16,116 - INFO - bert.transformer_blocks.3.attention.linear_layers.1.bias	torch.Size([256])	cuda:0	True
2023-12-31 01:02:16,116 - INFO - bert.transformer_blocks.3.attention.linear_layers.2.weight	torch.Size([256, 256])	cuda:0	True
2023-12-31 01:02:16,116 - INFO - bert.transformer_blocks.3.attention.linear_layers.2.bias	torch.Size([256])	cuda:0	True
2023-12-31 01:02:16,116 - INFO - bert.transformer_blocks.3.attention.proj.weight	torch.Size([256, 256])	cuda:0	True
2023-12-31 01:02:16,116 - INFO - bert.transformer_blocks.3.attention.proj.bias	torch.Size([256])	cuda:0	True
2023-12-31 01:02:16,116 - INFO - bert.transformer_blocks.3.attention.temporal_mat_bias_1.weight	torch.Size([64, 1])	cuda:0	True
2023-12-31 01:02:16,116 - INFO - bert.transformer_blocks.3.attention.temporal_mat_bias_1.bias	torch.Size([64])	cuda:0	True
2023-12-31 01:02:16,116 - INFO - bert.transformer_blocks.3.attention.temporal_mat_bias_2.weight	torch.Size([1, 64])	cuda:0	True
2023-12-31 01:02:16,116 - INFO - bert.transformer_blocks.3.attention.temporal_mat_bias_2.bias	torch.Size([1])	cuda:0	True
2023-12-31 01:02:16,116 - INFO - bert.transformer_blocks.3.mlp.fc1.weight	torch.Size([1024, 256])	cuda:0	True
2023-12-31 01:02:16,116 - INFO - bert.transformer_blocks.3.mlp.fc1.bias	torch.Size([1024])	cuda:0	True
2023-12-31 01:02:16,116 - INFO - bert.transformer_blocks.3.mlp.fc2.weight	torch.Size([256, 1024])	cuda:0	True
2023-12-31 01:02:16,116 - INFO - bert.transformer_blocks.3.mlp.fc2.bias	torch.Size([256])	cuda:0	True
2023-12-31 01:02:16,116 - INFO - bert.transformer_blocks.3.norm1.weight	torch.Size([256])	cuda:0	True
2023-12-31 01:02:16,116 - INFO - bert.transformer_blocks.3.norm1.bias	torch.Size([256])	cuda:0	True
2023-12-31 01:02:16,116 - INFO - bert.transformer_blocks.3.norm2.weight	torch.Size([256])	cuda:0	True
2023-12-31 01:02:16,116 - INFO - bert.transformer_blocks.3.norm2.bias	torch.Size([256])	cuda:0	True
2023-12-31 01:02:16,116 - INFO - bert.transformer_blocks.4.attention.linear_layers.0.weight	torch.Size([256, 256])	cuda:0	True
2023-12-31 01:02:16,116 - INFO - bert.transformer_blocks.4.attention.linear_layers.0.bias	torch.Size([256])	cuda:0	True
2023-12-31 01:02:16,116 - INFO - bert.transformer_blocks.4.attention.linear_layers.1.weight	torch.Size([256, 256])	cuda:0	True
2023-12-31 01:02:16,116 - INFO - bert.transformer_blocks.4.attention.linear_layers.1.bias	torch.Size([256])	cuda:0	True
2023-12-31 01:02:16,116 - INFO - bert.transformer_blocks.4.attention.linear_layers.2.weight	torch.Size([256, 256])	cuda:0	True
2023-12-31 01:02:16,116 - INFO - bert.transformer_blocks.4.attention.linear_layers.2.bias	torch.Size([256])	cuda:0	True
2023-12-31 01:02:16,116 - INFO - bert.transformer_blocks.4.attention.proj.weight	torch.Size([256, 256])	cuda:0	True
2023-12-31 01:02:16,116 - INFO - bert.transformer_blocks.4.attention.proj.bias	torch.Size([256])	cuda:0	True
2023-12-31 01:02:16,116 - INFO - bert.transformer_blocks.4.attention.temporal_mat_bias_1.weight	torch.Size([64, 1])	cuda:0	True
2023-12-31 01:02:16,116 - INFO - bert.transformer_blocks.4.attention.temporal_mat_bias_1.bias	torch.Size([64])	cuda:0	True
2023-12-31 01:02:16,116 - INFO - bert.transformer_blocks.4.attention.temporal_mat_bias_2.weight	torch.Size([1, 64])	cuda:0	True
2023-12-31 01:02:16,116 - INFO - bert.transformer_blocks.4.attention.temporal_mat_bias_2.bias	torch.Size([1])	cuda:0	True
2023-12-31 01:02:16,116 - INFO - bert.transformer_blocks.4.mlp.fc1.weight	torch.Size([1024, 256])	cuda:0	True
2023-12-31 01:02:16,116 - INFO - bert.transformer_blocks.4.mlp.fc1.bias	torch.Size([1024])	cuda:0	True
2023-12-31 01:02:16,116 - INFO - bert.transformer_blocks.4.mlp.fc2.weight	torch.Size([256, 1024])	cuda:0	True
2023-12-31 01:02:16,116 - INFO - bert.transformer_blocks.4.mlp.fc2.bias	torch.Size([256])	cuda:0	True
2023-12-31 01:02:16,116 - INFO - bert.transformer_blocks.4.norm1.weight	torch.Size([256])	cuda:0	True
2023-12-31 01:02:16,116 - INFO - bert.transformer_blocks.4.norm1.bias	torch.Size([256])	cuda:0	True
2023-12-31 01:02:16,116 - INFO - bert.transformer_blocks.4.norm2.weight	torch.Size([256])	cuda:0	True
2023-12-31 01:02:16,116 - INFO - bert.transformer_blocks.4.norm2.bias	torch.Size([256])	cuda:0	True
2023-12-31 01:02:16,116 - INFO - bert.transformer_blocks.5.attention.linear_layers.0.weight	torch.Size([256, 256])	cuda:0	True
2023-12-31 01:02:16,116 - INFO - bert.transformer_blocks.5.attention.linear_layers.0.bias	torch.Size([256])	cuda:0	True
2023-12-31 01:02:16,116 - INFO - bert.transformer_blocks.5.attention.linear_layers.1.weight	torch.Size([256, 256])	cuda:0	True
2023-12-31 01:02:16,116 - INFO - bert.transformer_blocks.5.attention.linear_layers.1.bias	torch.Size([256])	cuda:0	True
2023-12-31 01:02:16,116 - INFO - bert.transformer_blocks.5.attention.linear_layers.2.weight	torch.Size([256, 256])	cuda:0	True
2023-12-31 01:02:16,116 - INFO - bert.transformer_blocks.5.attention.linear_layers.2.bias	torch.Size([256])	cuda:0	True
2023-12-31 01:02:16,116 - INFO - bert.transformer_blocks.5.attention.proj.weight	torch.Size([256, 256])	cuda:0	True
2023-12-31 01:02:16,116 - INFO - bert.transformer_blocks.5.attention.proj.bias	torch.Size([256])	cuda:0	True
2023-12-31 01:02:16,116 - INFO - bert.transformer_blocks.5.attention.temporal_mat_bias_1.weight	torch.Size([64, 1])	cuda:0	True
2023-12-31 01:02:16,116 - INFO - bert.transformer_blocks.5.attention.temporal_mat_bias_1.bias	torch.Size([64])	cuda:0	True
2023-12-31 01:02:16,116 - INFO - bert.transformer_blocks.5.attention.temporal_mat_bias_2.weight	torch.Size([1, 64])	cuda:0	True
2023-12-31 01:02:16,116 - INFO - bert.transformer_blocks.5.attention.temporal_mat_bias_2.bias	torch.Size([1])	cuda:0	True
2023-12-31 01:02:16,116 - INFO - bert.transformer_blocks.5.mlp.fc1.weight	torch.Size([1024, 256])	cuda:0	True
2023-12-31 01:02:16,116 - INFO - bert.transformer_blocks.5.mlp.fc1.bias	torch.Size([1024])	cuda:0	True
2023-12-31 01:02:16,116 - INFO - bert.transformer_blocks.5.mlp.fc2.weight	torch.Size([256, 1024])	cuda:0	True
2023-12-31 01:02:16,116 - INFO - bert.transformer_blocks.5.mlp.fc2.bias	torch.Size([256])	cuda:0	True
2023-12-31 01:02:16,116 - INFO - bert.transformer_blocks.5.norm1.weight	torch.Size([256])	cuda:0	True
2023-12-31 01:02:16,116 - INFO - bert.transformer_blocks.5.norm1.bias	torch.Size([256])	cuda:0	True
2023-12-31 01:02:16,116 - INFO - bert.transformer_blocks.5.norm2.weight	torch.Size([256])	cuda:0	True
2023-12-31 01:02:16,116 - INFO - bert.transformer_blocks.5.norm2.bias	torch.Size([256])	cuda:0	True
2023-12-31 01:02:16,116 - INFO - mask_l.linear.weight	torch.Size([11573, 256])	cuda:0	True
2023-12-31 01:02:16,116 - INFO - mask_l.linear.bias	torch.Size([11573])	cuda:0	True
2023-12-31 01:02:16,116 - INFO - pooler.linear.dense.weight	torch.Size([256, 256])	cuda:0	True
2023-12-31 01:02:16,116 - INFO - pooler.linear.dense.bias	torch.Size([256])	cuda:0	True
2023-12-31 01:02:16,116 - INFO - Total parameter numbers: 8360251
2023-12-31 01:02:16,116 - INFO - You select `adamw` optimizer.
2023-12-31 01:02:16,116 - INFO - You select `cosinelr` lr_scheduler.
2023-12-31 01:02:16,132 - INFO - Start training ...
2023-12-31 01:02:16,132 - INFO - Num_batches: train=75, eval=25
2023-12-31 01:02:16,921 - INFO - {'mode': 'Train', 'epoch': 0, 'iter': 0, 'lr': 1e-06, 'Loc acc(%)': 0.0, 'MLM loss': 9.499495506286621, 'Contrastive loss': 0.9569548964500427, 'align_loss': 31.90199851989746, 'uniform_loss': -61.51610565185547}
2023-12-31 01:02:30,143 - INFO - Train: expid = 646085, Epoch = 0, avg_loss = 6.049458707173665, total_loc_acc = 0.0%.
2023-12-31 01:02:30,143 - INFO - epoch complete!
2023-12-31 01:02:30,143 - INFO - evaluating now!
2023-12-31 01:02:30,203 - INFO - {'mode': 'Train', 'epoch': 0, 'iter': 0, 'lr': 1e-06, 'Loc acc(%)': 0.0, 'MLM loss': 9.60649585723877, 'Contrastive loss': 0.5071998834609985, 'align_loss': 2.4650466912135016e-07, 'uniform_loss': -7.448573589324951}
2023-12-31 01:02:31,679 - INFO - Eval: expid = 646085, Epoch = 0, avg_loss = 5.868532447814942, total_loc_acc = 0.0%.
2023-12-31 01:02:31,679 - INFO - Epoch [0/3] (75)  train_loss: 6.0495, val_loss: 5.8685, lr: 0.000051, 15.55s
2023-12-31 01:02:31,909 - INFO - Saved model at 0
2023-12-31 01:02:31,909 - INFO - Val loss decrease from inf to 5.8685, saving to ./libcity/cache/646085/model_cache/BERTContrastiveLM_bj_epoch0.tar
2023-12-31 01:02:32,093 - INFO - {'mode': 'Train', 'epoch': 1, 'iter': 0, 'lr': 5.075e-05, 'Loc acc(%)': 0.0, 'MLM loss': 9.549622535705566, 'Contrastive loss': 0.3694261908531189, 'align_loss': 30.55438232421875, 'uniform_loss': -79.40796661376953}
2023-12-31 01:02:45,368 - INFO - Train: expid = 646085, Epoch = 1, avg_loss = 5.946417064666748, total_loc_acc = 0.0%.
2023-12-31 01:02:45,368 - INFO - epoch complete!
2023-12-31 01:02:45,368 - INFO - evaluating now!
2023-12-31 01:02:45,438 - INFO - {'mode': 'Train', 'epoch': 1, 'iter': 0, 'lr': 5.075e-05, 'Loc acc(%)': 0.0, 'MLM loss': 9.482770919799805, 'Contrastive loss': 0.18664617836475372, 'align_loss': 0.0, 'uniform_loss': -18.100278854370117}
2023-12-31 01:02:46,899 - INFO - Eval: expid = 646085, Epoch = 1, avg_loss = 5.752651557922364, total_loc_acc = 0.08431703204047217%.
2023-12-31 01:02:46,899 - INFO - Epoch [1/3] (150)  train_loss: 5.9464, val_loss: 5.7527, lr: 0.000101, 14.99s
2023-12-31 01:02:47,133 - INFO - Saved model at 1
2023-12-31 01:02:47,133 - INFO - Val loss decrease from 5.8685 to 5.7527, saving to ./libcity/cache/646085/model_cache/BERTContrastiveLM_bj_epoch1.tar
2023-12-31 01:02:47,309 - INFO - {'mode': 'Train', 'epoch': 2, 'iter': 0, 'lr': 0.0001005, 'Loc acc(%)': 0.0, 'MLM loss': 9.39390754699707, 'Contrastive loss': 0.06515427678823471, 'align_loss': 30.57561492919922, 'uniform_loss': -94.64353942871094}
2023-12-31 01:03:00,730 - INFO - Train: expid = 646085, Epoch = 2, avg_loss = 5.753495686848958, total_loc_acc = 0.06337135614702154%.
2023-12-31 01:03:00,730 - INFO - epoch complete!
2023-12-31 01:03:00,730 - INFO - evaluating now!
2023-12-31 01:03:00,790 - INFO - {'mode': 'Train', 'epoch': 2, 'iter': 0, 'lr': 0.0001005, 'Loc acc(%)': 0.0, 'MLM loss': 9.473562240600586, 'Contrastive loss': 0.014002833515405655, 'align_loss': 0.0, 'uniform_loss': -49.330440521240234}
2023-12-31 01:03:02,272 - INFO - Eval: expid = 646085, Epoch = 2, avg_loss = 5.701883239746094, total_loc_acc = 0.0%.
2023-12-31 01:03:02,272 - INFO - Epoch [2/3] (225)  train_loss: 5.7535, val_loss: 5.7019, lr: 0.000150, 15.14s
2023-12-31 01:03:02,503 - INFO - Saved model at 2
2023-12-31 01:03:02,503 - INFO - Val loss decrease from 5.7527 to 5.7019, saving to ./libcity/cache/646085/model_cache/BERTContrastiveLM_bj_epoch2.tar
2023-12-31 01:03:02,503 - INFO - Trained totally 3 epochs, average train time is 13.689s, average eval time is 1.537s
2023-12-31 01:03:02,603 - INFO - Loaded model at 2
2023-12-31 01:03:02,683 - INFO - Save png at ./libcity/cache/646085/646085_loss.png
2023-12-31 01:03:02,743 - INFO - Save png at ./libcity/cache/646085/646085_acc.png
2023-12-31 01:03:02,813 - INFO - Save png at ./libcity/cache/646085/646085_lr.png
2023-12-31 01:03:02,993 - INFO - Saved model at ./libcity/cache/646085/model_cache/646085_BERTContrastiveLM_bj.pt
2023-12-31 01:03:02,993 - INFO - Start evaluating ...
2023-12-31 01:03:03,053 - INFO - {'mode': 'Train', 'epoch': 0, 'iter': 0, 'lr': 0.00015025000000000002, 'Loc acc(%)': 0.0, 'MLM loss': 9.659283638000488, 'Contrastive loss': 0.23439094424247742, 'align_loss': 2.3296713891340914e-07, 'uniform_loss': -6.901923656463623}
2023-12-31 01:03:04,603 - INFO - Test: expid = 646085, Epoch = 0, avg_loss = 5.703101596832275, total_loc_acc = 0.0%.
2023-12-31 01:03:04,603 - INFO - Evaluate result is {
 "Precision@1": 0.0,
 "Recall@1": 0.0,
 "F1@1": 0.0,
 "MRR@1": 0.0,
 "MAP@1": 0.0,
 "NDCG@1": 0.0,
 "Precision@5": 0.00038872691933916425,
 "Recall@5": 0.001943634596695821,
 "F1@5": 0.0006478781988986071,
 "MRR@5": 0.00038872691933916425,
 "MAP@5": 0.00038872691933916425,
 "NDCG@5": 0.0007519004999699546,
 "Precision@10": 0.0002915451895043732,
 "Recall@10": 0.0029154518950437317,
 "F1@10": 0.0005300821627352239,
 "MRR@10": 0.00048590864917395527,
 "MAP@10": 0.00048590864917395527,
 "NDCG@10": 0.0010328186985296124
}
2023-12-31 01:03:04,603 - INFO - Evaluate result is saved at ./libcity/cache/646085/evaluate_cache\646085_2023_12_31_01_03_04_BERTContrastiveLM_bj.json
2023-12-31 01:03:04,618 - INFO - Evaluate result is saved at ./libcity/cache/646085/evaluate_cache\646085_2023_12_31_01_03_04_BERTContrastiveLM_bj.csv
2023-12-31 01:03:04,618 - INFO - 
    Precision    Recall        F1       MRR      NDCG
1    0.000000  0.000000  0.000000  0.000000  0.000000
5    0.000389  0.001944  0.000648  0.000389  0.000752
10   0.000292  0.002915  0.000530  0.000486  0.001033
2023-12-31 01:03:04,618 - INFO - Test time 1.6248936653137207s.
