2023-12-31 14:08:00,117 - INFO - Log directory: ./libcity/log
2023-12-31 14:08:00,118 - INFO - Begin pretrain-pipeline, task=trajectory_embedding, model_name=LinearETA, dataset_name=bj, exp_id=947497
2023-12-31 14:08:00,118 - INFO - {'task': 'trajectory_embedding', 'model': 'LinearETA', 'dataset': 'bj', 'saved_model': True, 'train': True, 'gpu': True, 'gpu_id': 0, 'pretrain_path': 'libcity/cache/135178/model_cache/135178_BERTContrastiveLM_bj.pt', 'n_layers': 6, 'd_model': 256, 'attn_heads': 8, 'max_epoch': 2, 'batch_size': 8, 'grad_accmu_steps': 1, 'learning_rate': 0.0002, 'roadnetwork': 'bj_roadmap_edge_bj_True_1_merge', 'geo_file': 'bj_roadmap_edge_bj_True_1_merge_withdegree', 'rel_file': 'bj_roadmap_edge_bj_True_1_merge_withdegree', 'merge': True, 'min_freq': 1, 'seq_len': 128, 'test_every': 50, 'temperature': 0.05, 'contra_loss_type': 'simclr', 'classify_label': 'vflag', 'type_ln': 'post', 'add_cls': True, 'add_time_in_day': True, 'add_day_in_week': True, 'add_pe': True, 'add_temporal_bias': True, 'temporal_bias_dim': 64, 'use_mins_interval': False, 'add_gat': True, 'gat_heads_per_layer': [8, 16, 1], 'gat_features_per_layer': [16, 16, 256], 'gat_dropout': 0.1, 'gat_K': 1, 'gat_avg_last': True, 'load_trans_prob': True, 'append_degree2gcn': True, 'normal_feature': False, 'pooling': 'cls', 'dataset_class': 'ETADataset', 'executor': 'ETAExecutor', 'evaluator': 'RegressionEvaluator', 'num_workers': 0, 'vocab_path': None, 'mlp_ratio': 4, 'pretrain_road_emb': None, 'future_mask': False, 'load_node2vec': False, 'dropout': 0.1, 'drop_path': 0.3, 'attn_drop': 0.1, 'seed': 0, 'learner': 'adamw', 'lr_eta_min': 0, 'lr_warmup_epoch': 4, 'lr_warmup_init': 1e-06, 'lr_decay': True, 'lr_scheduler': 'cosinelr', 'lr_decay_ratio': 0.1, 't_in_epochs': True, 'clip_grad_norm': True, 'max_grad_norm': 5, 'use_early_stop': True, 'patience': 10, 'log_batch': 500, 'log_every': 1, 'l2_reg': None, 'bidir_adj_mx': False, 'freeze': False, 'metrics': ['MAE', 'RMSE', 'MAPE', 'R2', 'EVAR'], 'save_modes': ['csv', 'json'], 'device': device(type='cuda', index=0), 'exp_id': 947497}
2023-12-31 14:08:00,927 - INFO - Loading Vocab from raw_data/vocab_bj_True_1_merge.pkl
2023-12-31 14:08:00,928 - INFO - vocab_path=raw_data/vocab_bj_True_1_merge.pkl, usr_num=3, vocab_size=4558
2023-12-31 14:08:00,945 - INFO - Loaded file bj_roadmap_edge_bj_True_1_merge_withdegree.geo, num_nodes=4554
2023-12-31 14:08:00,996 - INFO - Loaded file bj_roadmap_edge_bj_True_1_merge_withdegree.rel, shape=(4554, 4554), edges=5186.0
2023-12-31 14:08:01,007 - INFO - node_features: (4554, 33)
2023-12-31 14:08:01,946 - INFO - node_features_encoded: torch.Size([4558, 33])
2023-12-31 14:08:01,994 - INFO - edge_index: torch.Size([2, 9744])
2023-12-31 14:08:01,995 - INFO - Trajectory loc-transfer prob shape=torch.Size([9744, 1])
2023-12-31 14:08:01,996 - INFO - Loading Dataset!
2023-12-31 14:08:01,998 - INFO - Load dataset from raw_data/bj/cache_bj_train_True_True_1.pkl
2023-12-31 14:08:01,999 - INFO - Load dataset from raw_data/bj/cache_bj_eval_True_True_1.pkl
2023-12-31 14:08:02,000 - INFO - Load dataset from raw_data/bj/cache_bj_test_True_True_1.pkl
2023-12-31 14:08:02,001 - INFO - Size of dataset: 118/40/40
2023-12-31 14:08:02,001 - INFO - Creating Dataloader!
2023-12-31 14:08:02,005 - INFO - Building Downstream LinearETA model
2023-12-31 14:08:02,005 - INFO - Building BERTDownstream model
2023-12-31 14:08:02,974 - INFO - LinearETA(
  (model): BERTDownstream(
    (bert): BERT(
      (embedding): BERTEmbedding(
        (token_embedding): GAT(
          (gat_net): Sequential(
            (0): GATLayerImp3(
              (linear_proj): Linear(in_features=33, out_features=128, bias=False)
              (linear_proj_tran_prob): Linear(in_features=1, out_features=128, bias=False)
              (skip_proj): Linear(in_features=33, out_features=128, bias=False)
              (leakyReLU): LeakyReLU(negative_slope=0.2)
              (softmax): Softmax(dim=-1)
              (activation): ELU(alpha=1.0)
              (dropout): Dropout(p=0.1, inplace=False)
            )
            (1): GATLayerImp3(
              (linear_proj): Linear(in_features=128, out_features=256, bias=False)
              (linear_proj_tran_prob): Linear(in_features=1, out_features=256, bias=False)
              (skip_proj): Linear(in_features=128, out_features=256, bias=False)
              (leakyReLU): LeakyReLU(negative_slope=0.2)
              (softmax): Softmax(dim=-1)
              (activation): ELU(alpha=1.0)
              (dropout): Dropout(p=0.1, inplace=False)
            )
            (2): GATLayerImp3(
              (linear_proj): Linear(in_features=256, out_features=256, bias=False)
              (linear_proj_tran_prob): Linear(in_features=1, out_features=256, bias=False)
              (skip_proj): Linear(in_features=256, out_features=256, bias=False)
              (leakyReLU): LeakyReLU(negative_slope=0.2)
              (softmax): Softmax(dim=-1)
              (dropout): Dropout(p=0.1, inplace=False)
            )
          )
        )
        (position_embedding): PositionalEmbedding()
        (daytime_embedding): Embedding(1441, 256, padding_idx=0)
        (weekday_embedding): Embedding(8, 256, padding_idx=0)
        (dropout): Dropout(p=0.1, inplace=False)
      )
      (transformer_blocks): ModuleList(
        (0): TransformerBlock(
          (attention): MultiHeadedAttention(
            (linear_layers): ModuleList(
              (0): Linear(in_features=256, out_features=256, bias=True)
              (1): Linear(in_features=256, out_features=256, bias=True)
              (2): Linear(in_features=256, out_features=256, bias=True)
            )
            (dropout): Dropout(p=0.1, inplace=False)
            (proj): Linear(in_features=256, out_features=256, bias=True)
            (proj_drop): Dropout(p=0.1, inplace=False)
            (temporal_mat_bias_1): Linear(in_features=1, out_features=64, bias=True)
            (temporal_mat_bias_2): Linear(in_features=64, out_features=1, bias=True)
          )
          (mlp): Mlp(
            (fc1): Linear(in_features=256, out_features=1024, bias=True)
            (act): GELU()
            (fc2): Linear(in_features=1024, out_features=256, bias=True)
            (drop): Dropout(p=0.1, inplace=False)
          )
          (norm1): LayerNorm((256,), eps=1e-05, elementwise_affine=True)
          (norm2): LayerNorm((256,), eps=1e-05, elementwise_affine=True)
          (drop_path): Identity()
        )
        (1): TransformerBlock(
          (attention): MultiHeadedAttention(
            (linear_layers): ModuleList(
              (0): Linear(in_features=256, out_features=256, bias=True)
              (1): Linear(in_features=256, out_features=256, bias=True)
              (2): Linear(in_features=256, out_features=256, bias=True)
            )
            (dropout): Dropout(p=0.1, inplace=False)
            (proj): Linear(in_features=256, out_features=256, bias=True)
            (proj_drop): Dropout(p=0.1, inplace=False)
            (temporal_mat_bias_1): Linear(in_features=1, out_features=64, bias=True)
            (temporal_mat_bias_2): Linear(in_features=64, out_features=1, bias=True)
          )
          (mlp): Mlp(
            (fc1): Linear(in_features=256, out_features=1024, bias=True)
            (act): GELU()
            (fc2): Linear(in_features=1024, out_features=256, bias=True)
            (drop): Dropout(p=0.1, inplace=False)
          )
          (norm1): LayerNorm((256,), eps=1e-05, elementwise_affine=True)
          (norm2): LayerNorm((256,), eps=1e-05, elementwise_affine=True)
          (drop_path): DropPath()
        )
        (2): TransformerBlock(
          (attention): MultiHeadedAttention(
            (linear_layers): ModuleList(
              (0): Linear(in_features=256, out_features=256, bias=True)
              (1): Linear(in_features=256, out_features=256, bias=True)
              (2): Linear(in_features=256, out_features=256, bias=True)
            )
            (dropout): Dropout(p=0.1, inplace=False)
            (proj): Linear(in_features=256, out_features=256, bias=True)
            (proj_drop): Dropout(p=0.1, inplace=False)
            (temporal_mat_bias_1): Linear(in_features=1, out_features=64, bias=True)
            (temporal_mat_bias_2): Linear(in_features=64, out_features=1, bias=True)
          )
          (mlp): Mlp(
            (fc1): Linear(in_features=256, out_features=1024, bias=True)
            (act): GELU()
            (fc2): Linear(in_features=1024, out_features=256, bias=True)
            (drop): Dropout(p=0.1, inplace=False)
          )
          (norm1): LayerNorm((256,), eps=1e-05, elementwise_affine=True)
          (norm2): LayerNorm((256,), eps=1e-05, elementwise_affine=True)
          (drop_path): DropPath()
        )
        (3): TransformerBlock(
          (attention): MultiHeadedAttention(
            (linear_layers): ModuleList(
              (0): Linear(in_features=256, out_features=256, bias=True)
              (1): Linear(in_features=256, out_features=256, bias=True)
              (2): Linear(in_features=256, out_features=256, bias=True)
            )
            (dropout): Dropout(p=0.1, inplace=False)
            (proj): Linear(in_features=256, out_features=256, bias=True)
            (proj_drop): Dropout(p=0.1, inplace=False)
            (temporal_mat_bias_1): Linear(in_features=1, out_features=64, bias=True)
            (temporal_mat_bias_2): Linear(in_features=64, out_features=1, bias=True)
          )
          (mlp): Mlp(
            (fc1): Linear(in_features=256, out_features=1024, bias=True)
            (act): GELU()
            (fc2): Linear(in_features=1024, out_features=256, bias=True)
            (drop): Dropout(p=0.1, inplace=False)
          )
          (norm1): LayerNorm((256,), eps=1e-05, elementwise_affine=True)
          (norm2): LayerNorm((256,), eps=1e-05, elementwise_affine=True)
          (drop_path): DropPath()
        )
        (4): TransformerBlock(
          (attention): MultiHeadedAttention(
            (linear_layers): ModuleList(
              (0): Linear(in_features=256, out_features=256, bias=True)
              (1): Linear(in_features=256, out_features=256, bias=True)
              (2): Linear(in_features=256, out_features=256, bias=True)
            )
            (dropout): Dropout(p=0.1, inplace=False)
            (proj): Linear(in_features=256, out_features=256, bias=True)
            (proj_drop): Dropout(p=0.1, inplace=False)
            (temporal_mat_bias_1): Linear(in_features=1, out_features=64, bias=True)
            (temporal_mat_bias_2): Linear(in_features=64, out_features=1, bias=True)
          )
          (mlp): Mlp(
            (fc1): Linear(in_features=256, out_features=1024, bias=True)
            (act): GELU()
            (fc2): Linear(in_features=1024, out_features=256, bias=True)
            (drop): Dropout(p=0.1, inplace=False)
          )
          (norm1): LayerNorm((256,), eps=1e-05, elementwise_affine=True)
          (norm2): LayerNorm((256,), eps=1e-05, elementwise_affine=True)
          (drop_path): DropPath()
        )
        (5): TransformerBlock(
          (attention): MultiHeadedAttention(
            (linear_layers): ModuleList(
              (0): Linear(in_features=256, out_features=256, bias=True)
              (1): Linear(in_features=256, out_features=256, bias=True)
              (2): Linear(in_features=256, out_features=256, bias=True)
            )
            (dropout): Dropout(p=0.1, inplace=False)
            (proj): Linear(in_features=256, out_features=256, bias=True)
            (proj_drop): Dropout(p=0.1, inplace=False)
            (temporal_mat_bias_1): Linear(in_features=1, out_features=64, bias=True)
            (temporal_mat_bias_2): Linear(in_features=64, out_features=1, bias=True)
          )
          (mlp): Mlp(
            (fc1): Linear(in_features=256, out_features=1024, bias=True)
            (act): GELU()
            (fc2): Linear(in_features=1024, out_features=256, bias=True)
            (drop): Dropout(p=0.1, inplace=False)
          )
          (norm1): LayerNorm((256,), eps=1e-05, elementwise_affine=True)
          (norm2): LayerNorm((256,), eps=1e-05, elementwise_affine=True)
          (drop_path): DropPath()
        )
      )
    )
  )
  (linear): Linear(in_features=256, out_features=1, bias=True)
)
2023-12-31 14:08:02,988 - INFO - model.bert.embedding.token_embedding.gat_net.0.scoring_fn_target	torch.Size([1, 8, 16])	cuda:0	True
2023-12-31 14:08:02,988 - INFO - model.bert.embedding.token_embedding.gat_net.0.scoring_fn_source	torch.Size([1, 8, 16])	cuda:0	True
2023-12-31 14:08:02,989 - INFO - model.bert.embedding.token_embedding.gat_net.0.scoring_trans_prob	torch.Size([1, 8, 16])	cuda:0	True
2023-12-31 14:08:02,989 - INFO - model.bert.embedding.token_embedding.gat_net.0.bias	torch.Size([128])	cuda:0	True
2023-12-31 14:08:02,989 - INFO - model.bert.embedding.token_embedding.gat_net.0.linear_proj.weight	torch.Size([128, 33])	cuda:0	True
2023-12-31 14:08:02,989 - INFO - model.bert.embedding.token_embedding.gat_net.0.linear_proj_tran_prob.weight	torch.Size([128, 1])	cuda:0	True
2023-12-31 14:08:02,990 - INFO - model.bert.embedding.token_embedding.gat_net.0.skip_proj.weight	torch.Size([128, 33])	cuda:0	True
2023-12-31 14:08:02,990 - INFO - model.bert.embedding.token_embedding.gat_net.1.scoring_fn_target	torch.Size([1, 16, 16])	cuda:0	True
2023-12-31 14:08:02,990 - INFO - model.bert.embedding.token_embedding.gat_net.1.scoring_fn_source	torch.Size([1, 16, 16])	cuda:0	True
2023-12-31 14:08:02,991 - INFO - model.bert.embedding.token_embedding.gat_net.1.scoring_trans_prob	torch.Size([1, 16, 16])	cuda:0	True
2023-12-31 14:08:02,991 - INFO - model.bert.embedding.token_embedding.gat_net.1.bias	torch.Size([256])	cuda:0	True
2023-12-31 14:08:02,991 - INFO - model.bert.embedding.token_embedding.gat_net.1.linear_proj.weight	torch.Size([256, 128])	cuda:0	True
2023-12-31 14:08:02,991 - INFO - model.bert.embedding.token_embedding.gat_net.1.linear_proj_tran_prob.weight	torch.Size([256, 1])	cuda:0	True
2023-12-31 14:08:02,992 - INFO - model.bert.embedding.token_embedding.gat_net.1.skip_proj.weight	torch.Size([256, 128])	cuda:0	True
2023-12-31 14:08:02,992 - INFO - model.bert.embedding.token_embedding.gat_net.2.scoring_fn_target	torch.Size([1, 1, 256])	cuda:0	True
2023-12-31 14:08:02,992 - INFO - model.bert.embedding.token_embedding.gat_net.2.scoring_fn_source	torch.Size([1, 1, 256])	cuda:0	True
2023-12-31 14:08:02,992 - INFO - model.bert.embedding.token_embedding.gat_net.2.scoring_trans_prob	torch.Size([1, 1, 256])	cuda:0	True
2023-12-31 14:08:02,993 - INFO - model.bert.embedding.token_embedding.gat_net.2.bias	torch.Size([256])	cuda:0	True
2023-12-31 14:08:02,993 - INFO - model.bert.embedding.token_embedding.gat_net.2.linear_proj.weight	torch.Size([256, 256])	cuda:0	True
2023-12-31 14:08:02,993 - INFO - model.bert.embedding.token_embedding.gat_net.2.linear_proj_tran_prob.weight	torch.Size([256, 1])	cuda:0	True
2023-12-31 14:08:02,993 - INFO - model.bert.embedding.token_embedding.gat_net.2.skip_proj.weight	torch.Size([256, 256])	cuda:0	True
2023-12-31 14:08:02,994 - INFO - model.bert.embedding.daytime_embedding.weight	torch.Size([1441, 256])	cuda:0	True
2023-12-31 14:08:02,994 - INFO - model.bert.embedding.weekday_embedding.weight	torch.Size([8, 256])	cuda:0	True
2023-12-31 14:08:02,994 - INFO - model.bert.transformer_blocks.0.attention.linear_layers.0.weight	torch.Size([256, 256])	cuda:0	True
2023-12-31 14:08:02,995 - INFO - model.bert.transformer_blocks.0.attention.linear_layers.0.bias	torch.Size([256])	cuda:0	True
2023-12-31 14:08:02,995 - INFO - model.bert.transformer_blocks.0.attention.linear_layers.1.weight	torch.Size([256, 256])	cuda:0	True
2023-12-31 14:08:02,995 - INFO - model.bert.transformer_blocks.0.attention.linear_layers.1.bias	torch.Size([256])	cuda:0	True
2023-12-31 14:08:02,995 - INFO - model.bert.transformer_blocks.0.attention.linear_layers.2.weight	torch.Size([256, 256])	cuda:0	True
2023-12-31 14:08:02,996 - INFO - model.bert.transformer_blocks.0.attention.linear_layers.2.bias	torch.Size([256])	cuda:0	True
2023-12-31 14:08:02,996 - INFO - model.bert.transformer_blocks.0.attention.proj.weight	torch.Size([256, 256])	cuda:0	True
2023-12-31 14:08:02,996 - INFO - model.bert.transformer_blocks.0.attention.proj.bias	torch.Size([256])	cuda:0	True
2023-12-31 14:08:02,996 - INFO - model.bert.transformer_blocks.0.attention.temporal_mat_bias_1.weight	torch.Size([64, 1])	cuda:0	True
2023-12-31 14:08:02,997 - INFO - model.bert.transformer_blocks.0.attention.temporal_mat_bias_1.bias	torch.Size([64])	cuda:0	True
2023-12-31 14:08:02,997 - INFO - model.bert.transformer_blocks.0.attention.temporal_mat_bias_2.weight	torch.Size([1, 64])	cuda:0	True
2023-12-31 14:08:02,997 - INFO - model.bert.transformer_blocks.0.attention.temporal_mat_bias_2.bias	torch.Size([1])	cuda:0	True
2023-12-31 14:08:02,997 - INFO - model.bert.transformer_blocks.0.mlp.fc1.weight	torch.Size([1024, 256])	cuda:0	True
2023-12-31 14:08:02,998 - INFO - model.bert.transformer_blocks.0.mlp.fc1.bias	torch.Size([1024])	cuda:0	True
2023-12-31 14:08:02,998 - INFO - model.bert.transformer_blocks.0.mlp.fc2.weight	torch.Size([256, 1024])	cuda:0	True
2023-12-31 14:08:02,998 - INFO - model.bert.transformer_blocks.0.mlp.fc2.bias	torch.Size([256])	cuda:0	True
2023-12-31 14:08:02,998 - INFO - model.bert.transformer_blocks.0.norm1.weight	torch.Size([256])	cuda:0	True
2023-12-31 14:08:02,999 - INFO - model.bert.transformer_blocks.0.norm1.bias	torch.Size([256])	cuda:0	True
2023-12-31 14:08:02,999 - INFO - model.bert.transformer_blocks.0.norm2.weight	torch.Size([256])	cuda:0	True
2023-12-31 14:08:02,999 - INFO - model.bert.transformer_blocks.0.norm2.bias	torch.Size([256])	cuda:0	True
2023-12-31 14:08:02,999 - INFO - model.bert.transformer_blocks.1.attention.linear_layers.0.weight	torch.Size([256, 256])	cuda:0	True
2023-12-31 14:08:03,000 - INFO - model.bert.transformer_blocks.1.attention.linear_layers.0.bias	torch.Size([256])	cuda:0	True
2023-12-31 14:08:03,000 - INFO - model.bert.transformer_blocks.1.attention.linear_layers.1.weight	torch.Size([256, 256])	cuda:0	True
2023-12-31 14:08:03,000 - INFO - model.bert.transformer_blocks.1.attention.linear_layers.1.bias	torch.Size([256])	cuda:0	True
2023-12-31 14:08:03,001 - INFO - model.bert.transformer_blocks.1.attention.linear_layers.2.weight	torch.Size([256, 256])	cuda:0	True
2023-12-31 14:08:03,001 - INFO - model.bert.transformer_blocks.1.attention.linear_layers.2.bias	torch.Size([256])	cuda:0	True
2023-12-31 14:08:03,001 - INFO - model.bert.transformer_blocks.1.attention.proj.weight	torch.Size([256, 256])	cuda:0	True
2023-12-31 14:08:03,001 - INFO - model.bert.transformer_blocks.1.attention.proj.bias	torch.Size([256])	cuda:0	True
2023-12-31 14:08:03,002 - INFO - model.bert.transformer_blocks.1.attention.temporal_mat_bias_1.weight	torch.Size([64, 1])	cuda:0	True
2023-12-31 14:08:03,002 - INFO - model.bert.transformer_blocks.1.attention.temporal_mat_bias_1.bias	torch.Size([64])	cuda:0	True
2023-12-31 14:08:03,002 - INFO - model.bert.transformer_blocks.1.attention.temporal_mat_bias_2.weight	torch.Size([1, 64])	cuda:0	True
2023-12-31 14:08:03,002 - INFO - model.bert.transformer_blocks.1.attention.temporal_mat_bias_2.bias	torch.Size([1])	cuda:0	True
2023-12-31 14:08:03,003 - INFO - model.bert.transformer_blocks.1.mlp.fc1.weight	torch.Size([1024, 256])	cuda:0	True
2023-12-31 14:08:03,003 - INFO - model.bert.transformer_blocks.1.mlp.fc1.bias	torch.Size([1024])	cuda:0	True
2023-12-31 14:08:03,003 - INFO - model.bert.transformer_blocks.1.mlp.fc2.weight	torch.Size([256, 1024])	cuda:0	True
2023-12-31 14:08:03,003 - INFO - model.bert.transformer_blocks.1.mlp.fc2.bias	torch.Size([256])	cuda:0	True
2023-12-31 14:08:03,004 - INFO - model.bert.transformer_blocks.1.norm1.weight	torch.Size([256])	cuda:0	True
2023-12-31 14:08:03,004 - INFO - model.bert.transformer_blocks.1.norm1.bias	torch.Size([256])	cuda:0	True
2023-12-31 14:08:03,004 - INFO - model.bert.transformer_blocks.1.norm2.weight	torch.Size([256])	cuda:0	True
2023-12-31 14:08:03,004 - INFO - model.bert.transformer_blocks.1.norm2.bias	torch.Size([256])	cuda:0	True
2023-12-31 14:08:03,005 - INFO - model.bert.transformer_blocks.2.attention.linear_layers.0.weight	torch.Size([256, 256])	cuda:0	True
2023-12-31 14:08:03,005 - INFO - model.bert.transformer_blocks.2.attention.linear_layers.0.bias	torch.Size([256])	cuda:0	True
2023-12-31 14:08:03,005 - INFO - model.bert.transformer_blocks.2.attention.linear_layers.1.weight	torch.Size([256, 256])	cuda:0	True
2023-12-31 14:08:03,005 - INFO - model.bert.transformer_blocks.2.attention.linear_layers.1.bias	torch.Size([256])	cuda:0	True
2023-12-31 14:08:03,006 - INFO - model.bert.transformer_blocks.2.attention.linear_layers.2.weight	torch.Size([256, 256])	cuda:0	True
2023-12-31 14:08:03,006 - INFO - model.bert.transformer_blocks.2.attention.linear_layers.2.bias	torch.Size([256])	cuda:0	True
2023-12-31 14:08:03,006 - INFO - model.bert.transformer_blocks.2.attention.proj.weight	torch.Size([256, 256])	cuda:0	True
2023-12-31 14:08:03,007 - INFO - model.bert.transformer_blocks.2.attention.proj.bias	torch.Size([256])	cuda:0	True
2023-12-31 14:08:03,007 - INFO - model.bert.transformer_blocks.2.attention.temporal_mat_bias_1.weight	torch.Size([64, 1])	cuda:0	True
2023-12-31 14:08:03,007 - INFO - model.bert.transformer_blocks.2.attention.temporal_mat_bias_1.bias	torch.Size([64])	cuda:0	True
2023-12-31 14:08:03,007 - INFO - model.bert.transformer_blocks.2.attention.temporal_mat_bias_2.weight	torch.Size([1, 64])	cuda:0	True
2023-12-31 14:08:03,008 - INFO - model.bert.transformer_blocks.2.attention.temporal_mat_bias_2.bias	torch.Size([1])	cuda:0	True
2023-12-31 14:08:03,008 - INFO - model.bert.transformer_blocks.2.mlp.fc1.weight	torch.Size([1024, 256])	cuda:0	True
2023-12-31 14:08:03,008 - INFO - model.bert.transformer_blocks.2.mlp.fc1.bias	torch.Size([1024])	cuda:0	True
2023-12-31 14:08:03,009 - INFO - model.bert.transformer_blocks.2.mlp.fc2.weight	torch.Size([256, 1024])	cuda:0	True
2023-12-31 14:08:03,009 - INFO - model.bert.transformer_blocks.2.mlp.fc2.bias	torch.Size([256])	cuda:0	True
2023-12-31 14:08:03,009 - INFO - model.bert.transformer_blocks.2.norm1.weight	torch.Size([256])	cuda:0	True
2023-12-31 14:08:03,009 - INFO - model.bert.transformer_blocks.2.norm1.bias	torch.Size([256])	cuda:0	True
2023-12-31 14:08:03,009 - INFO - model.bert.transformer_blocks.2.norm2.weight	torch.Size([256])	cuda:0	True
2023-12-31 14:08:03,010 - INFO - model.bert.transformer_blocks.2.norm2.bias	torch.Size([256])	cuda:0	True
2023-12-31 14:08:03,010 - INFO - model.bert.transformer_blocks.3.attention.linear_layers.0.weight	torch.Size([256, 256])	cuda:0	True
2023-12-31 14:08:03,010 - INFO - model.bert.transformer_blocks.3.attention.linear_layers.0.bias	torch.Size([256])	cuda:0	True
2023-12-31 14:08:03,010 - INFO - model.bert.transformer_blocks.3.attention.linear_layers.1.weight	torch.Size([256, 256])	cuda:0	True
2023-12-31 14:08:03,011 - INFO - model.bert.transformer_blocks.3.attention.linear_layers.1.bias	torch.Size([256])	cuda:0	True
2023-12-31 14:08:03,011 - INFO - model.bert.transformer_blocks.3.attention.linear_layers.2.weight	torch.Size([256, 256])	cuda:0	True
2023-12-31 14:08:03,011 - INFO - model.bert.transformer_blocks.3.attention.linear_layers.2.bias	torch.Size([256])	cuda:0	True
2023-12-31 14:08:03,012 - INFO - model.bert.transformer_blocks.3.attention.proj.weight	torch.Size([256, 256])	cuda:0	True
2023-12-31 14:08:03,012 - INFO - model.bert.transformer_blocks.3.attention.proj.bias	torch.Size([256])	cuda:0	True
2023-12-31 14:08:03,012 - INFO - model.bert.transformer_blocks.3.attention.temporal_mat_bias_1.weight	torch.Size([64, 1])	cuda:0	True
2023-12-31 14:08:03,013 - INFO - model.bert.transformer_blocks.3.attention.temporal_mat_bias_1.bias	torch.Size([64])	cuda:0	True
2023-12-31 14:08:03,013 - INFO - model.bert.transformer_blocks.3.attention.temporal_mat_bias_2.weight	torch.Size([1, 64])	cuda:0	True
2023-12-31 14:08:03,013 - INFO - model.bert.transformer_blocks.3.attention.temporal_mat_bias_2.bias	torch.Size([1])	cuda:0	True
2023-12-31 14:08:03,013 - INFO - model.bert.transformer_blocks.3.mlp.fc1.weight	torch.Size([1024, 256])	cuda:0	True
2023-12-31 14:08:03,014 - INFO - model.bert.transformer_blocks.3.mlp.fc1.bias	torch.Size([1024])	cuda:0	True
2023-12-31 14:08:03,014 - INFO - model.bert.transformer_blocks.3.mlp.fc2.weight	torch.Size([256, 1024])	cuda:0	True
2023-12-31 14:08:03,014 - INFO - model.bert.transformer_blocks.3.mlp.fc2.bias	torch.Size([256])	cuda:0	True
2023-12-31 14:08:03,014 - INFO - model.bert.transformer_blocks.3.norm1.weight	torch.Size([256])	cuda:0	True
2023-12-31 14:08:03,015 - INFO - model.bert.transformer_blocks.3.norm1.bias	torch.Size([256])	cuda:0	True
2023-12-31 14:08:03,015 - INFO - model.bert.transformer_blocks.3.norm2.weight	torch.Size([256])	cuda:0	True
2023-12-31 14:08:03,015 - INFO - model.bert.transformer_blocks.3.norm2.bias	torch.Size([256])	cuda:0	True
2023-12-31 14:08:03,015 - INFO - model.bert.transformer_blocks.4.attention.linear_layers.0.weight	torch.Size([256, 256])	cuda:0	True
2023-12-31 14:08:03,016 - INFO - model.bert.transformer_blocks.4.attention.linear_layers.0.bias	torch.Size([256])	cuda:0	True
2023-12-31 14:08:03,016 - INFO - model.bert.transformer_blocks.4.attention.linear_layers.1.weight	torch.Size([256, 256])	cuda:0	True
2023-12-31 14:08:03,016 - INFO - model.bert.transformer_blocks.4.attention.linear_layers.1.bias	torch.Size([256])	cuda:0	True
2023-12-31 14:08:03,016 - INFO - model.bert.transformer_blocks.4.attention.linear_layers.2.weight	torch.Size([256, 256])	cuda:0	True
2023-12-31 14:08:03,017 - INFO - model.bert.transformer_blocks.4.attention.linear_layers.2.bias	torch.Size([256])	cuda:0	True
2023-12-31 14:08:03,017 - INFO - model.bert.transformer_blocks.4.attention.proj.weight	torch.Size([256, 256])	cuda:0	True
2023-12-31 14:08:03,017 - INFO - model.bert.transformer_blocks.4.attention.proj.bias	torch.Size([256])	cuda:0	True
2023-12-31 14:08:03,017 - INFO - model.bert.transformer_blocks.4.attention.temporal_mat_bias_1.weight	torch.Size([64, 1])	cuda:0	True
2023-12-31 14:08:03,018 - INFO - model.bert.transformer_blocks.4.attention.temporal_mat_bias_1.bias	torch.Size([64])	cuda:0	True
2023-12-31 14:08:03,018 - INFO - model.bert.transformer_blocks.4.attention.temporal_mat_bias_2.weight	torch.Size([1, 64])	cuda:0	True
2023-12-31 14:08:03,018 - INFO - model.bert.transformer_blocks.4.attention.temporal_mat_bias_2.bias	torch.Size([1])	cuda:0	True
2023-12-31 14:08:03,019 - INFO - model.bert.transformer_blocks.4.mlp.fc1.weight	torch.Size([1024, 256])	cuda:0	True
2023-12-31 14:08:03,019 - INFO - model.bert.transformer_blocks.4.mlp.fc1.bias	torch.Size([1024])	cuda:0	True
2023-12-31 14:08:03,019 - INFO - model.bert.transformer_blocks.4.mlp.fc2.weight	torch.Size([256, 1024])	cuda:0	True
2023-12-31 14:08:03,019 - INFO - model.bert.transformer_blocks.4.mlp.fc2.bias	torch.Size([256])	cuda:0	True
2023-12-31 14:08:03,020 - INFO - model.bert.transformer_blocks.4.norm1.weight	torch.Size([256])	cuda:0	True
2023-12-31 14:08:03,020 - INFO - model.bert.transformer_blocks.4.norm1.bias	torch.Size([256])	cuda:0	True
2023-12-31 14:08:03,020 - INFO - model.bert.transformer_blocks.4.norm2.weight	torch.Size([256])	cuda:0	True
2023-12-31 14:08:03,020 - INFO - model.bert.transformer_blocks.4.norm2.bias	torch.Size([256])	cuda:0	True
2023-12-31 14:08:03,021 - INFO - model.bert.transformer_blocks.5.attention.linear_layers.0.weight	torch.Size([256, 256])	cuda:0	True
2023-12-31 14:08:03,021 - INFO - model.bert.transformer_blocks.5.attention.linear_layers.0.bias	torch.Size([256])	cuda:0	True
2023-12-31 14:08:03,021 - INFO - model.bert.transformer_blocks.5.attention.linear_layers.1.weight	torch.Size([256, 256])	cuda:0	True
2023-12-31 14:08:03,021 - INFO - model.bert.transformer_blocks.5.attention.linear_layers.1.bias	torch.Size([256])	cuda:0	True
2023-12-31 14:08:03,021 - INFO - model.bert.transformer_blocks.5.attention.linear_layers.2.weight	torch.Size([256, 256])	cuda:0	True
2023-12-31 14:08:03,022 - INFO - model.bert.transformer_blocks.5.attention.linear_layers.2.bias	torch.Size([256])	cuda:0	True
2023-12-31 14:08:03,022 - INFO - model.bert.transformer_blocks.5.attention.proj.weight	torch.Size([256, 256])	cuda:0	True
2023-12-31 14:08:03,022 - INFO - model.bert.transformer_blocks.5.attention.proj.bias	torch.Size([256])	cuda:0	True
2023-12-31 14:08:03,022 - INFO - model.bert.transformer_blocks.5.attention.temporal_mat_bias_1.weight	torch.Size([64, 1])	cuda:0	True
2023-12-31 14:08:03,023 - INFO - model.bert.transformer_blocks.5.attention.temporal_mat_bias_1.bias	torch.Size([64])	cuda:0	True
2023-12-31 14:08:03,023 - INFO - model.bert.transformer_blocks.5.attention.temporal_mat_bias_2.weight	torch.Size([1, 64])	cuda:0	True
2023-12-31 14:08:03,023 - INFO - model.bert.transformer_blocks.5.attention.temporal_mat_bias_2.bias	torch.Size([1])	cuda:0	True
2023-12-31 14:08:03,023 - INFO - model.bert.transformer_blocks.5.mlp.fc1.weight	torch.Size([1024, 256])	cuda:0	True
2023-12-31 14:08:03,024 - INFO - model.bert.transformer_blocks.5.mlp.fc1.bias	torch.Size([1024])	cuda:0	True
2023-12-31 14:08:03,024 - INFO - model.bert.transformer_blocks.5.mlp.fc2.weight	torch.Size([256, 1024])	cuda:0	True
2023-12-31 14:08:03,024 - INFO - model.bert.transformer_blocks.5.mlp.fc2.bias	torch.Size([256])	cuda:0	True
2023-12-31 14:08:03,025 - INFO - model.bert.transformer_blocks.5.norm1.weight	torch.Size([256])	cuda:0	True
2023-12-31 14:08:03,025 - INFO - model.bert.transformer_blocks.5.norm1.bias	torch.Size([256])	cuda:0	True
2023-12-31 14:08:03,025 - INFO - model.bert.transformer_blocks.5.norm2.weight	torch.Size([256])	cuda:0	True
2023-12-31 14:08:03,025 - INFO - model.bert.transformer_blocks.5.norm2.bias	torch.Size([256])	cuda:0	True
2023-12-31 14:08:03,026 - INFO - linear.weight	torch.Size([1, 256])	cuda:0	True
2023-12-31 14:08:03,026 - INFO - linear.bias	torch.Size([1])	cuda:0	True
2023-12-31 14:08:03,029 - INFO - Total parameter numbers: 5319175
2023-12-31 14:08:03,030 - INFO - You select `adamw` optimizer.
2023-12-31 14:08:03,035 - INFO - You select `cosinelr` lr_scheduler.
2023-12-31 14:08:03,085 - INFO - Load Pretrained-Model from libcity/cache/135178/model_cache/135178_BERTContrastiveLM_bj.pt
2023-12-31 14:08:03,108 - INFO - Start training ...
2023-12-31 14:08:03,108 - INFO - Num_batches: train=15, eval=5
2023-12-31 14:08:03,716 - INFO - {'mode': 'Train', 'epoch': 0, 'iter': 0, 'lr': 1e-06, 'loss': 326.41229248046875}
2023-12-31 14:08:04,753 - INFO - Train: expid = 947497, Epoch = 0, avg_loss = 268.7951029114804.
2023-12-31 14:08:04,753 - INFO - epoch complete!
2023-12-31 14:08:04,754 - INFO - evaluating now!
2023-12-31 14:08:04,771 - INFO - {'mode': 'Eval', 'epoch': 0, 'iter': 0, 'lr': 1e-06, 'loss': 207.4550018310547}
2023-12-31 14:08:04,840 - INFO - Eval: expid = 947497, Epoch = 0, avg_loss = 216.2472717285156.
2023-12-31 14:08:04,841 - INFO - Epoch [0/2] (15)  train_loss: 268.7951, val_loss: 216.2473, lr: 0.000051, 1.73s
2023-12-31 14:08:05,069 - INFO - Saved model at 0
2023-12-31 14:08:05,069 - INFO - Val loss decrease from inf to 216.2473, saving to ./libcity/cache/947497/model_cache/LinearETA_bj_epoch0.tar
2023-12-31 14:08:05,144 - INFO - {'mode': 'Train', 'epoch': 1, 'iter': 0, 'lr': 5.075e-05, 'loss': 147.91891479492188}
2023-12-31 14:08:06,179 - INFO - Train: expid = 947497, Epoch = 1, avg_loss = 176.45177226955607.
2023-12-31 14:08:06,179 - INFO - epoch complete!
2023-12-31 14:08:06,180 - INFO - evaluating now!
2023-12-31 14:08:06,198 - INFO - {'mode': 'Eval', 'epoch': 1, 'iter': 0, 'lr': 5.075e-05, 'loss': 140.9569854736328}
2023-12-31 14:08:06,268 - INFO - Eval: expid = 947497, Epoch = 1, avg_loss = 82.25690689086915.
2023-12-31 14:08:06,268 - INFO - Epoch [1/2] (30)  train_loss: 176.4518, val_loss: 82.2569, lr: 0.000101, 1.20s
2023-12-31 14:08:06,499 - INFO - Saved model at 1
2023-12-31 14:08:06,499 - INFO - Val loss decrease from 216.2473 to 82.2569, saving to ./libcity/cache/947497/model_cache/LinearETA_bj_epoch1.tar
2023-12-31 14:08:06,500 - INFO - Trained totally 2 epochs, average train time is 1.377s, average eval time is 0.088s
2023-12-31 14:08:06,600 - INFO - Loaded model at 1
2023-12-31 14:08:06,762 - INFO - Save png at ./libcity/cache/947497/947497_loss.png
2023-12-31 14:08:06,882 - INFO - Save png at ./libcity/cache/947497/947497_lr.png
2023-12-31 14:08:07,046 - INFO - Saved model at ./libcity/cache/947497/model_cache/947497_LinearETA_bj.pt
2023-12-31 14:08:14,996 - INFO - Start evaluating ...
2023-12-31 14:08:17,563 - INFO - {'mode': 'Test', 'epoch': 0, 'iter': 0, 'lr': 0.0001005, 'loss': 46.215057373046875}
2023-12-31 14:08:17,654 - INFO - Test: expid = 947497, Epoch = 0, avg_loss = 78.47788925170899.
2023-12-31 14:08:17,657 - INFO - Evaluate result is {"MAE": 5.855968284606933, "RMSE": 8.049534320831299, "MAPE": 0.5021547079086304, "R2": -0.3116046167224697, "EVAR": 0.05409083366394043}
2023-12-31 14:08:17,659 - INFO - Evaluate result is saved at ./libcity/cache/947497/evaluate_cache\947497_2023_12_31_14_08_17_LinearETA_bj.json
2023-12-31 14:08:17,659 - INFO - 
{
 "MAE": 5.855968284606933,
 "RMSE": 8.049534320831299,
 "MAPE": 0.5021547079086304,
 "R2": -0.3116046167224697,
 "EVAR": 0.05409083366394043
}
2023-12-31 14:08:17,667 - INFO - Evaluate result is saved at ./libcity/cache/947497/evaluate_cache\947497_2023_12_31_14_08_17_LinearETA_bj.csv
2023-12-31 14:08:17,686 - INFO - 
        MAE      RMSE      MAPE        R2      EVAR
1  5.855968  8.049534  0.502155 -0.311605  0.054091
